[0.097s] Invoking command in '/home/elias/catkin_ws/src/arena-rosnav-3D/build/task_generator_gazebo': PS1=(rosnav) %m%# /usr/bin/cmake /home/elias/catkin_ws/src/arena-rosnav-3D/task_generator_gazebo -DCATKIN_INSTALL_INTO_PREFIX_ROOT=0 -DCMAKE_INSTALL_PREFIX=/home/elias/catkin_ws/src/arena-rosnav-3D/install/task_generator_gazebo
[0.308s] -- The C compiler identification is GNU 7.5.0
[0.469s] -- The CXX compiler identification is GNU 7.5.0
[0.491s] -- Check for working C compiler: /usr/bin/cc
[0.754s] -- Check for working C compiler: /usr/bin/cc -- works
[0.759s] -- Detecting C compiler ABI info
[1.051s] -- Detecting C compiler ABI info - done
[1.086s] -- Detecting C compile features
[2.341s] -- Detecting C compile features - done
[2.349s] -- Check for working CXX compiler: /usr/bin/c++
[2.601s] -- Check for working CXX compiler: /usr/bin/c++ -- works
[2.604s] -- Detecting CXX compiler ABI info
[2.833s] -- Detecting CXX compiler ABI info - done
[2.855s] -- Detecting CXX compile features
[4.009s] -- Detecting CXX compile features - done
[4.017s] -- Using CATKIN_DEVEL_PREFIX: /home/elias/catkin_ws/src/arena-rosnav-3D/build/task_generator_gazebo/devel
[4.018s] -- Using CMAKE_PREFIX_PATH: /home/elias/catkin_ws/devel;/opt/ros/melodic
[4.018s] -- This workspace overlays: /home/elias/catkin_ws/devel;/opt/ros/melodic
[4.055s] -- Found PythonInterp: /usr/bin/python2 (found suitable version "2.7.17", minimum required is "2") 
[4.055s] -- Using PYTHON_EXECUTABLE: /usr/bin/python2
[4.056s] -- Using Debian Python package layout
[4.056s] -- Using empy: /usr/bin/empy
[4.664s] -- Using CATKIN_ENABLE_TESTING: ON
[4.665s] -- Call enable_testing()
[4.668s] -- Using CATKIN_TEST_RESULTS_DIR: /home/elias/catkin_ws/src/arena-rosnav-3D/build/task_generator_gazebo/test_results
[4.727s] -- Found gtest sources under '/usr/src/googletest': gtests will be built
[4.727s] -- Found gmock sources under '/usr/src/googletest': gmock will be built
[4.748s] -- Found PythonInterp: /usr/bin/python2 (found version "2.7.17") 
[4.749s] -- Looking for pthread.h
[5.040s] -- Looking for pthread.h - found
[5.041s] -- Looking for pthread_create
[5.289s] -- Looking for pthread_create - not found
[5.290s] -- Looking for pthread_create in pthreads
[5.524s] -- Looking for pthread_create in pthreads - not found
[5.525s] -- Looking for pthread_create in pthread
[5.764s] -- Looking for pthread_create in pthread - found
[5.767s] -- Found Threads: TRUE  
[5.784s] -- Using Python nosetests: /usr/bin/nosetests-2.7
[5.936s] -- catkin 0.7.29
[5.942s] -- BUILD_SHARED_LIBS is on
[9.211s] -- Configuring done
[9.271s] -- Generating done
[9.283s] -- Build files have been written to: /home/elias/catkin_ws/src/arena-rosnav-3D/build/task_generator_gazebo
[9.307s] Invoked command in '/home/elias/catkin_ws/src/arena-rosnav-3D/build/task_generator_gazebo' returned '0': PS1=(rosnav) %m%# /usr/bin/cmake /home/elias/catkin_ws/src/arena-rosnav-3D/task_generator_gazebo -DCATKIN_INSTALL_INTO_PREFIX_ROOT=0 -DCMAKE_INSTALL_PREFIX=/home/elias/catkin_ws/src/arena-rosnav-3D/install/task_generator_gazebo
[9.309s] Invoking command in '/home/elias/catkin_ws/src/arena-rosnav-3D/build/task_generator_gazebo': PS1=(rosnav) %m%# /usr/bin/cmake --build /home/elias/catkin_ws/src/arena-rosnav-3D/build/task_generator_gazebo -- -j4 -l4
[9.518s] Invoked command in '/home/elias/catkin_ws/src/arena-rosnav-3D/build/task_generator_gazebo' returned '0': PS1=(rosnav) %m%# /usr/bin/cmake --build /home/elias/catkin_ws/src/arena-rosnav-3D/build/task_generator_gazebo -- -j4 -l4
[9.622s] Invoking command in '/home/elias/catkin_ws/src/arena-rosnav-3D/build/task_generator_gazebo': PS1=(rosnav) %m%# /usr/bin/cmake --build /home/elias/catkin_ws/src/arena-rosnav-3D/build/task_generator_gazebo --target tests -- -j4 -l4
[9.767s] [35m[1mScanning dependencies of target tests[0m
[9.792s] Built target tests
[9.851s] Invoked command in '/home/elias/catkin_ws/src/arena-rosnav-3D/build/task_generator_gazebo' returned '0': PS1=(rosnav) %m%# /usr/bin/cmake --build /home/elias/catkin_ws/src/arena-rosnav-3D/build/task_generator_gazebo --target tests -- -j4 -l4
[9.925s] Invoking command in '/home/elias/catkin_ws/src/arena-rosnav-3D/build/task_generator_gazebo': PS1=(rosnav) %m%# /usr/bin/cmake --build /home/elias/catkin_ws/src/arena-rosnav-3D/build/task_generator_gazebo --target install -- -j4 -l4
[10.019s] [36mInstall the project...[0m
[10.035s] -- Install configuration: ""
[10.037s] + cd /home/elias/catkin_ws/src/arena-rosnav-3D/task_generator_gazebo
[10.039s] + mkdir -p /home/elias/catkin_ws/src/arena-rosnav-3D/install/task_generator_gazebo/lib/python2.7/dist-packages
[10.040s] + /usr/bin/env PYTHONPATH=/home/elias/catkin_ws/src/arena-rosnav-3D/install/task_generator_gazebo/lib/python2.7/dist-packages:/home/elias/catkin_ws/src/arena-rosnav-3D/build/task_generator_gazebo/lib/python2.7/dist-packages:/home/elias/geometry2_ws/devel/lib/python3/dist-packages:/home/elias/catkin_ws/src/arena-rosnav:/home/elias/catkin_ws/devel/lib/python3/dist-packages:/opt/ros/melodic/lib/python2.7/dist-packages CATKIN_BINARY_DIR=/home/elias/catkin_ws/src/arena-rosnav-3D/build/task_generator_gazebo /usr/bin/python2 /home/elias/catkin_ws/src/arena-rosnav-3D/task_generator_gazebo/setup.py build --build-base /home/elias/catkin_ws/src/arena-rosnav-3D/build/task_generator_gazebo install --root=/ --install-layout=deb --prefix=/home/elias/catkin_ws/src/arena-rosnav-3D/install/task_generator_gazebo --install-scripts=/home/elias/catkin_ws/src/arena-rosnav-3D/install/task_generator_gazebo/bin
[10.149s] running build
[10.149s] running build_py
[10.161s] error: package directory 'task_generator_gazebo' does not exist
[10.172s] CMake Error at catkin_generated/safe_execute_install.cmake:4 (message):
[10.172s]   
[10.173s]   execute_process(/home/elias/catkin_ws/src/arena-rosnav-3D/build/task_generator_gazebo/catkin_generated/python_distutils_install.sh)
[10.175s]   returned error code
[10.175s] Call Stack (most recent call first):
[10.176s]   cmake_install.cmake:41 (include)
[10.176s] 
[10.177s] 
[10.178s] make: *** [install] Error 1
[10.178s] Makefile:73: recipe for target 'install' failed
[10.182s] Invoked command in '/home/elias/catkin_ws/src/arena-rosnav-3D/build/task_generator_gazebo' returned '2': PS1=(rosnav) %m%# /usr/bin/cmake --build /home/elias/catkin_ws/src/arena-rosnav-3D/build/task_generator_gazebo --target install -- -j4 -l4
