[0.401s] DEBUG:colcon:Command line arguments: ['/usr/bin/colcon', 'build']
[0.401s] DEBUG:colcon:Parsed command line arguments: Namespace(ament_cmake_args=None, base_paths=['.'], build_base='build', catkin_cmake_args=None, catkin_skip_building_tests=False, cmake_args=None, cmake_clean_cache=False, cmake_clean_first=False, cmake_force_configure=False, cmake_target=None, cmake_target_skip_unavailable=False, continue_on_error=False, event_handlers=None, executor='parallel', ignore_user_meta=False, install_base='install', log_base=None, log_level=None, main=<bound method BuildVerb.main of <colcon_core.verb.build.BuildVerb object at 0x7f623f86d320>>, merge_install=False, metas=['./colcon.meta'], packages_above=None, packages_above_and_dependencies=None, packages_above_depth=None, packages_end=None, packages_ignore=None, packages_ignore_regex=None, packages_select=None, packages_select_build_failed=False, packages_select_by_dep=None, packages_select_regex=None, packages_select_test_failures=False, packages_skip=None, packages_skip_build_finished=False, packages_skip_by_dep=None, packages_skip_regex=None, packages_skip_test_passed=False, packages_skip_up_to=None, packages_start=None, packages_up_to=None, packages_up_to_regex=None, parallel_workers=4, paths=None, symlink_install=False, test_result_base=None, verb_extension=<colcon_core.verb.build.BuildVerb object at 0x7f623f86d320>, verb_name='build', verb_parser=<colcon_defaults.argument_parser.defaults.DefaultArgumentsDecorator object at 0x7f623f86d668>)
[0.410s] Level 1:colcon.colcon_core.package_discovery:discover_packages(colcon_meta) check parameters
[0.410s] Level 1:colcon.colcon_core.package_discovery:discover_packages(recursive) check parameters
[0.410s] Level 1:colcon.colcon_core.package_discovery:discover_packages(ignore) check parameters
[0.410s] Level 1:colcon.colcon_core.package_discovery:discover_packages(path) check parameters
[0.410s] Level 1:colcon.colcon_core.package_discovery:discover_packages(colcon_meta) discover
[0.411s] Level 1:colcon.colcon_core.package_discovery:discover_packages(recursive) discover
[0.411s] INFO:colcon.colcon_core.package_discovery:Crawling recursively for packages in '/home/elias/catkin_ws/src/arena-rosnav-3D'
[0.411s] Level 1:colcon.colcon_core.package_identification:_identify(.) by extensions ['ignore', 'ignore_ament_install']
[0.411s] Level 1:colcon.colcon_core.package_identification:_identify(.) by extension 'ignore'
[0.411s] Level 1:colcon.colcon_core.package_identification:_identify(.) by extension 'ignore_ament_install'
[0.411s] Level 1:colcon.colcon_core.package_identification:_identify(.) by extensions ['colcon_pkg']
[0.411s] Level 1:colcon.colcon_core.package_identification:_identify(.) by extension 'colcon_pkg'
[0.411s] Level 1:colcon.colcon_core.package_identification:_identify(.) by extensions ['colcon_meta']
[0.411s] Level 1:colcon.colcon_core.package_identification:_identify(.) by extension 'colcon_meta'
[0.412s] Level 1:colcon.colcon_core.package_identification:_identify(.) by extensions ['ros']
[0.412s] Level 1:colcon.colcon_core.package_identification:_identify(.) by extension 'ros'
[0.427s] Level 1:colcon.colcon_core.package_identification:_identify(.) by extensions ['cmake', 'python']
[0.427s] Level 1:colcon.colcon_core.package_identification:_identify(.) by extension 'cmake'
[0.427s] Level 1:colcon.colcon_core.package_identification:_identify(.) by extension 'python'
[0.427s] Level 1:colcon.colcon_core.package_identification:_identify(.) by extensions ['python_setup_py']
[0.427s] Level 1:colcon.colcon_core.package_identification:_identify(.) by extension 'python_setup_py'
[0.428s] Level 1:colcon.colcon_core.package_identification:_identify(Research) by extensions ['ignore', 'ignore_ament_install']
[0.428s] Level 1:colcon.colcon_core.package_identification:_identify(Research) by extension 'ignore'
[0.428s] Level 1:colcon.colcon_core.package_identification:_identify(Research) by extension 'ignore_ament_install'
[0.428s] Level 1:colcon.colcon_core.package_identification:_identify(Research) by extensions ['colcon_pkg']
[0.428s] Level 1:colcon.colcon_core.package_identification:_identify(Research) by extension 'colcon_pkg'
[0.428s] Level 1:colcon.colcon_core.package_identification:_identify(Research) by extensions ['colcon_meta']
[0.428s] Level 1:colcon.colcon_core.package_identification:_identify(Research) by extension 'colcon_meta'
[0.428s] Level 1:colcon.colcon_core.package_identification:_identify(Research) by extensions ['ros']
[0.428s] Level 1:colcon.colcon_core.package_identification:_identify(Research) by extension 'ros'
[0.428s] Level 1:colcon.colcon_core.package_identification:_identify(Research) by extensions ['cmake', 'python']
[0.428s] Level 1:colcon.colcon_core.package_identification:_identify(Research) by extension 'cmake'
[0.428s] Level 1:colcon.colcon_core.package_identification:_identify(Research) by extension 'python'
[0.428s] Level 1:colcon.colcon_core.package_identification:_identify(Research) by extensions ['python_setup_py']
[0.429s] Level 1:colcon.colcon_core.package_identification:_identify(Research) by extension 'python_setup_py'
[0.429s] Level 1:colcon.colcon_core.package_identification:_identify(Ros-setup) by extensions ['ignore', 'ignore_ament_install']
[0.429s] Level 1:colcon.colcon_core.package_identification:_identify(Ros-setup) by extension 'ignore'
[0.429s] Level 1:colcon.colcon_core.package_identification:_identify(Ros-setup) by extension 'ignore_ament_install'
[0.429s] Level 1:colcon.colcon_core.package_identification:_identify(Ros-setup) by extensions ['colcon_pkg']
[0.429s] Level 1:colcon.colcon_core.package_identification:_identify(Ros-setup) by extension 'colcon_pkg'
[0.429s] Level 1:colcon.colcon_core.package_identification:_identify(Ros-setup) by extensions ['colcon_meta']
[0.429s] Level 1:colcon.colcon_core.package_identification:_identify(Ros-setup) by extension 'colcon_meta'
[0.429s] Level 1:colcon.colcon_core.package_identification:_identify(Ros-setup) by extensions ['ros']
[0.429s] Level 1:colcon.colcon_core.package_identification:_identify(Ros-setup) by extension 'ros'
[0.429s] Level 1:colcon.colcon_core.package_identification:_identify(Ros-setup) by extensions ['cmake', 'python']
[0.429s] Level 1:colcon.colcon_core.package_identification:_identify(Ros-setup) by extension 'cmake'
[0.429s] Level 1:colcon.colcon_core.package_identification:_identify(Ros-setup) by extension 'python'
[0.430s] Level 1:colcon.colcon_core.package_identification:_identify(Ros-setup) by extensions ['python_setup_py']
[0.430s] Level 1:colcon.colcon_core.package_identification:_identify(Ros-setup) by extension 'python_setup_py'
[0.430s] Level 1:colcon.colcon_core.package_identification:_identify(arena_bringup_gazebo) by extensions ['ignore', 'ignore_ament_install']
[0.430s] Level 1:colcon.colcon_core.package_identification:_identify(arena_bringup_gazebo) by extension 'ignore'
[0.430s] Level 1:colcon.colcon_core.package_identification:_identify(arena_bringup_gazebo) by extension 'ignore_ament_install'
[0.430s] Level 1:colcon.colcon_core.package_identification:_identify(arena_bringup_gazebo) by extensions ['colcon_pkg']
[0.430s] Level 1:colcon.colcon_core.package_identification:_identify(arena_bringup_gazebo) by extension 'colcon_pkg'
[0.430s] Level 1:colcon.colcon_core.package_identification:_identify(arena_bringup_gazebo) by extensions ['colcon_meta']
[0.430s] Level 1:colcon.colcon_core.package_identification:_identify(arena_bringup_gazebo) by extension 'colcon_meta'
[0.430s] Level 1:colcon.colcon_core.package_identification:_identify(arena_bringup_gazebo) by extensions ['ros']
[0.430s] Level 1:colcon.colcon_core.package_identification:_identify(arena_bringup_gazebo) by extension 'ros'
[0.434s] DEBUG:colcon.colcon_core.package_identification:Package 'arena_bringup_gazebo' with type 'ros.catkin' and name 'arena_bringup_gazebo'
[0.434s] Level 1:colcon.colcon_core.package_identification:_identify(build) by extensions ['ignore', 'ignore_ament_install']
[0.434s] Level 1:colcon.colcon_core.package_identification:_identify(build) by extension 'ignore'
[0.434s] Level 1:colcon.colcon_core.package_identification:_identify(build) ignored
[0.435s] Level 1:colcon.colcon_core.package_identification:_identify(install) by extensions ['ignore', 'ignore_ament_install']
[0.435s] Level 1:colcon.colcon_core.package_identification:_identify(install) by extension 'ignore'
[0.435s] Level 1:colcon.colcon_core.package_identification:_identify(install) ignored
[0.435s] Level 1:colcon.colcon_core.package_identification:_identify(log) by extensions ['ignore', 'ignore_ament_install']
[0.436s] Level 1:colcon.colcon_core.package_identification:_identify(log) by extension 'ignore'
[0.436s] Level 1:colcon.colcon_core.package_identification:_identify(log) ignored
[0.436s] Level 1:colcon.colcon_core.package_identification:_identify(pedsim_ros) by extensions ['ignore', 'ignore_ament_install']
[0.436s] Level 1:colcon.colcon_core.package_identification:_identify(pedsim_ros) by extension 'ignore'
[0.436s] Level 1:colcon.colcon_core.package_identification:_identify(pedsim_ros) by extension 'ignore_ament_install'
[0.436s] Level 1:colcon.colcon_core.package_identification:_identify(pedsim_ros) by extensions ['colcon_pkg']
[0.436s] Level 1:colcon.colcon_core.package_identification:_identify(pedsim_ros) by extension 'colcon_pkg'
[0.436s] Level 1:colcon.colcon_core.package_identification:_identify(pedsim_ros) by extensions ['colcon_meta']
[0.436s] Level 1:colcon.colcon_core.package_identification:_identify(pedsim_ros) by extension 'colcon_meta'
[0.436s] Level 1:colcon.colcon_core.package_identification:_identify(pedsim_ros) by extensions ['ros']
[0.436s] Level 1:colcon.colcon_core.package_identification:_identify(pedsim_ros) by extension 'ros'
[0.436s] Level 1:colcon.colcon_core.package_identification:_identify(pedsim_ros) by extensions ['cmake', 'python']
[0.436s] Level 1:colcon.colcon_core.package_identification:_identify(pedsim_ros) by extension 'cmake'
[0.436s] Level 1:colcon.colcon_core.package_identification:_identify(pedsim_ros) by extension 'python'
[0.437s] Level 1:colcon.colcon_core.package_identification:_identify(pedsim_ros) by extensions ['python_setup_py']
[0.437s] Level 1:colcon.colcon_core.package_identification:_identify(pedsim_ros) by extension 'python_setup_py'
[0.437s] Level 1:colcon.colcon_core.package_identification:_identify(src) by extensions ['ignore', 'ignore_ament_install']
[0.437s] Level 1:colcon.colcon_core.package_identification:_identify(src) by extension 'ignore'
[0.437s] Level 1:colcon.colcon_core.package_identification:_identify(src) by extension 'ignore_ament_install'
[0.437s] Level 1:colcon.colcon_core.package_identification:_identify(src) by extensions ['colcon_pkg']
[0.437s] Level 1:colcon.colcon_core.package_identification:_identify(src) by extension 'colcon_pkg'
[0.437s] Level 1:colcon.colcon_core.package_identification:_identify(src) by extensions ['colcon_meta']
[0.437s] Level 1:colcon.colcon_core.package_identification:_identify(src) by extension 'colcon_meta'
[0.437s] Level 1:colcon.colcon_core.package_identification:_identify(src) by extensions ['ros']
[0.437s] Level 1:colcon.colcon_core.package_identification:_identify(src) by extension 'ros'
[0.437s] Level 1:colcon.colcon_core.package_identification:_identify(src) by extensions ['cmake', 'python']
[0.437s] Level 1:colcon.colcon_core.package_identification:_identify(src) by extension 'cmake'
[0.437s] Level 1:colcon.colcon_core.package_identification:_identify(src) by extension 'python'
[0.438s] Level 1:colcon.colcon_core.package_identification:_identify(src) by extensions ['python_setup_py']
[0.438s] Level 1:colcon.colcon_core.package_identification:_identify(src) by extension 'python_setup_py'
[0.438s] Level 1:colcon.colcon_core.package_identification:_identify(src/aws-robomaker-hospital-world) by extensions ['ignore', 'ignore_ament_install']
[0.438s] Level 1:colcon.colcon_core.package_identification:_identify(src/aws-robomaker-hospital-world) by extension 'ignore'
[0.438s] Level 1:colcon.colcon_core.package_identification:_identify(src/aws-robomaker-hospital-world) by extension 'ignore_ament_install'
[0.438s] Level 1:colcon.colcon_core.package_identification:_identify(src/aws-robomaker-hospital-world) by extensions ['colcon_pkg']
[0.438s] Level 1:colcon.colcon_core.package_identification:_identify(src/aws-robomaker-hospital-world) by extension 'colcon_pkg'
[0.438s] Level 1:colcon.colcon_core.package_identification:_identify(src/aws-robomaker-hospital-world) by extensions ['colcon_meta']
[0.438s] Level 1:colcon.colcon_core.package_identification:_identify(src/aws-robomaker-hospital-world) by extension 'colcon_meta'
[0.438s] Level 1:colcon.colcon_core.package_identification:_identify(src/aws-robomaker-hospital-world) by extensions ['ros']
[0.438s] Level 1:colcon.colcon_core.package_identification:_identify(src/aws-robomaker-hospital-world) by extension 'ros'
[0.439s] DEBUG:colcon.colcon_core.package_identification:Package 'src/aws-robomaker-hospital-world' with type 'ros.catkin' and name 'aws_robomaker_hospital_world'
[0.439s] Level 1:colcon.colcon_core.package_identification:_identify(src/aws-robomaker-small-warehouse-world) by extensions ['ignore', 'ignore_ament_install']
[0.439s] Level 1:colcon.colcon_core.package_identification:_identify(src/aws-robomaker-small-warehouse-world) by extension 'ignore'
[0.440s] Level 1:colcon.colcon_core.package_identification:_identify(src/aws-robomaker-small-warehouse-world) by extension 'ignore_ament_install'
[0.440s] Level 1:colcon.colcon_core.package_identification:_identify(src/aws-robomaker-small-warehouse-world) by extensions ['colcon_pkg']
[0.440s] Level 1:colcon.colcon_core.package_identification:_identify(src/aws-robomaker-small-warehouse-world) by extension 'colcon_pkg'
[0.440s] Level 1:colcon.colcon_core.package_identification:_identify(src/aws-robomaker-small-warehouse-world) by extensions ['colcon_meta']
[0.440s] Level 1:colcon.colcon_core.package_identification:_identify(src/aws-robomaker-small-warehouse-world) by extension 'colcon_meta'
[0.440s] Level 1:colcon.colcon_core.package_identification:_identify(src/aws-robomaker-small-warehouse-world) by extensions ['ros']
[0.440s] Level 1:colcon.colcon_core.package_identification:_identify(src/aws-robomaker-small-warehouse-world) by extension 'ros'
[0.441s] DEBUG:colcon.colcon_core.package_identification:Package 'src/aws-robomaker-small-warehouse-world' with type 'ros.catkin' and name 'aws_robomaker_small_warehouse_world'
[0.441s] Level 1:colcon.colcon_core.package_identification:_identify(task_generator_gazebo) by extensions ['ignore', 'ignore_ament_install']
[0.441s] Level 1:colcon.colcon_core.package_identification:_identify(task_generator_gazebo) by extension 'ignore'
[0.441s] Level 1:colcon.colcon_core.package_identification:_identify(task_generator_gazebo) by extension 'ignore_ament_install'
[0.441s] Level 1:colcon.colcon_core.package_identification:_identify(task_generator_gazebo) by extensions ['colcon_pkg']
[0.441s] Level 1:colcon.colcon_core.package_identification:_identify(task_generator_gazebo) by extension 'colcon_pkg'
[0.441s] Level 1:colcon.colcon_core.package_identification:_identify(task_generator_gazebo) by extensions ['colcon_meta']
[0.441s] Level 1:colcon.colcon_core.package_identification:_identify(task_generator_gazebo) by extension 'colcon_meta'
[0.441s] Level 1:colcon.colcon_core.package_identification:_identify(task_generator_gazebo) by extensions ['ros']
[0.442s] Level 1:colcon.colcon_core.package_identification:_identify(task_generator_gazebo) by extension 'ros'
[0.443s] DEBUG:colcon.colcon_core.package_identification:Package 'task_generator_gazebo' with type 'ros.catkin' and name 'task_generator_gazebo'
[0.443s] Level 1:colcon.colcon_core.package_discovery:discover_packages(recursive) using defaults
[0.443s] Level 1:colcon.colcon_core.package_discovery:discover_packages(ignore) discover
[0.443s] Level 1:colcon.colcon_core.package_discovery:discover_packages(ignore) using defaults
[0.443s] Level 1:colcon.colcon_core.package_discovery:discover_packages(path) discover
[0.443s] Level 1:colcon.colcon_core.package_discovery:discover_packages(path) using defaults
[0.514s] Level 5:colcon.colcon_core.verb:set package 'arena_bringup_gazebo' build argument 'cmake_args' from command line to 'None'
[0.514s] Level 5:colcon.colcon_core.verb:set package 'arena_bringup_gazebo' build argument 'cmake_target' from command line to 'None'
[0.514s] Level 5:colcon.colcon_core.verb:set package 'arena_bringup_gazebo' build argument 'cmake_target_skip_unavailable' from command line to 'False'
[0.514s] Level 5:colcon.colcon_core.verb:set package 'arena_bringup_gazebo' build argument 'cmake_clean_cache' from command line to 'False'
[0.514s] Level 5:colcon.colcon_core.verb:set package 'arena_bringup_gazebo' build argument 'cmake_clean_first' from command line to 'False'
[0.514s] Level 5:colcon.colcon_core.verb:set package 'arena_bringup_gazebo' build argument 'cmake_force_configure' from command line to 'False'
[0.514s] Level 5:colcon.colcon_core.verb:set package 'arena_bringup_gazebo' build argument 'ament_cmake_args' from command line to 'None'
[0.514s] Level 5:colcon.colcon_core.verb:set package 'arena_bringup_gazebo' build argument 'catkin_cmake_args' from command line to 'None'
[0.514s] Level 5:colcon.colcon_core.verb:set package 'arena_bringup_gazebo' build argument 'catkin_skip_building_tests' from command line to 'False'
[0.514s] DEBUG:colcon.colcon_core.verb:Building package 'arena_bringup_gazebo' with the following arguments: {'ament_cmake_args': None, 'build_base': '/home/elias/catkin_ws/src/arena-rosnav-3D/build/arena_bringup_gazebo', 'catkin_cmake_args': None, 'catkin_skip_building_tests': False, 'cmake_args': None, 'cmake_clean_cache': False, 'cmake_clean_first': False, 'cmake_force_configure': False, 'cmake_target': None, 'cmake_target_skip_unavailable': False, 'install_base': '/home/elias/catkin_ws/src/arena-rosnav-3D/install/arena_bringup_gazebo', 'merge_install': False, 'path': '/home/elias/catkin_ws/src/arena-rosnav-3D/arena_bringup_gazebo', 'symlink_install': False, 'test_result_base': None}
[0.518s] Level 5:colcon.colcon_core.verb:set package 'aws_robomaker_hospital_world' build argument 'cmake_args' from command line to 'None'
[0.518s] Level 5:colcon.colcon_core.verb:set package 'aws_robomaker_hospital_world' build argument 'cmake_target' from command line to 'None'
[0.519s] Level 5:colcon.colcon_core.verb:set package 'aws_robomaker_hospital_world' build argument 'cmake_target_skip_unavailable' from command line to 'False'
[0.519s] Level 5:colcon.colcon_core.verb:set package 'aws_robomaker_hospital_world' build argument 'cmake_clean_cache' from command line to 'False'
[0.519s] Level 5:colcon.colcon_core.verb:set package 'aws_robomaker_hospital_world' build argument 'cmake_clean_first' from command line to 'False'
[0.519s] Level 5:colcon.colcon_core.verb:set package 'aws_robomaker_hospital_world' build argument 'cmake_force_configure' from command line to 'False'
[0.519s] Level 5:colcon.colcon_core.verb:set package 'aws_robomaker_hospital_world' build argument 'ament_cmake_args' from command line to 'None'
[0.519s] Level 5:colcon.colcon_core.verb:set package 'aws_robomaker_hospital_world' build argument 'catkin_cmake_args' from command line to 'None'
[0.519s] Level 5:colcon.colcon_core.verb:set package 'aws_robomaker_hospital_world' build argument 'catkin_skip_building_tests' from command line to 'False'
[0.519s] DEBUG:colcon.colcon_core.verb:Building package 'aws_robomaker_hospital_world' with the following arguments: {'ament_cmake_args': None, 'build_base': '/home/elias/catkin_ws/src/arena-rosnav-3D/build/aws_robomaker_hospital_world', 'catkin_cmake_args': None, 'catkin_skip_building_tests': False, 'cmake_args': None, 'cmake_clean_cache': False, 'cmake_clean_first': False, 'cmake_force_configure': False, 'cmake_target': None, 'cmake_target_skip_unavailable': False, 'install_base': '/home/elias/catkin_ws/src/arena-rosnav-3D/install/aws_robomaker_hospital_world', 'merge_install': False, 'path': '/home/elias/catkin_ws/src/arena-rosnav-3D/src/aws-robomaker-hospital-world', 'symlink_install': False, 'test_result_base': None}
[0.523s] Level 5:colcon.colcon_core.verb:set package 'aws_robomaker_small_warehouse_world' build argument 'cmake_args' from command line to 'None'
[0.523s] Level 5:colcon.colcon_core.verb:set package 'aws_robomaker_small_warehouse_world' build argument 'cmake_target' from command line to 'None'
[0.523s] Level 5:colcon.colcon_core.verb:set package 'aws_robomaker_small_warehouse_world' build argument 'cmake_target_skip_unavailable' from command line to 'False'
[0.523s] Level 5:colcon.colcon_core.verb:set package 'aws_robomaker_small_warehouse_world' build argument 'cmake_clean_cache' from command line to 'False'
[0.523s] Level 5:colcon.colcon_core.verb:set package 'aws_robomaker_small_warehouse_world' build argument 'cmake_clean_first' from command line to 'False'
[0.523s] Level 5:colcon.colcon_core.verb:set package 'aws_robomaker_small_warehouse_world' build argument 'cmake_force_configure' from command line to 'False'
[0.523s] Level 5:colcon.colcon_core.verb:set package 'aws_robomaker_small_warehouse_world' build argument 'ament_cmake_args' from command line to 'None'
[0.523s] Level 5:colcon.colcon_core.verb:set package 'aws_robomaker_small_warehouse_world' build argument 'catkin_cmake_args' from command line to 'None'
[0.524s] Level 5:colcon.colcon_core.verb:set package 'aws_robomaker_small_warehouse_world' build argument 'catkin_skip_building_tests' from command line to 'False'
[0.524s] DEBUG:colcon.colcon_core.verb:Building package 'aws_robomaker_small_warehouse_world' with the following arguments: {'ament_cmake_args': None, 'build_base': '/home/elias/catkin_ws/src/arena-rosnav-3D/build/aws_robomaker_small_warehouse_world', 'catkin_cmake_args': None, 'catkin_skip_building_tests': False, 'cmake_args': None, 'cmake_clean_cache': False, 'cmake_clean_first': False, 'cmake_force_configure': False, 'cmake_target': None, 'cmake_target_skip_unavailable': False, 'install_base': '/home/elias/catkin_ws/src/arena-rosnav-3D/install/aws_robomaker_small_warehouse_world', 'merge_install': False, 'path': '/home/elias/catkin_ws/src/arena-rosnav-3D/src/aws-robomaker-small-warehouse-world', 'symlink_install': False, 'test_result_base': None}
[0.528s] Level 5:colcon.colcon_core.verb:set package 'task_generator_gazebo' build argument 'cmake_args' from command line to 'None'
[0.528s] Level 5:colcon.colcon_core.verb:set package 'task_generator_gazebo' build argument 'cmake_target' from command line to 'None'
[0.528s] Level 5:colcon.colcon_core.verb:set package 'task_generator_gazebo' build argument 'cmake_target_skip_unavailable' from command line to 'False'
[0.528s] Level 5:colcon.colcon_core.verb:set package 'task_generator_gazebo' build argument 'cmake_clean_cache' from command line to 'False'
[0.528s] Level 5:colcon.colcon_core.verb:set package 'task_generator_gazebo' build argument 'cmake_clean_first' from command line to 'False'
[0.528s] Level 5:colcon.colcon_core.verb:set package 'task_generator_gazebo' build argument 'cmake_force_configure' from command line to 'False'
[0.528s] Level 5:colcon.colcon_core.verb:set package 'task_generator_gazebo' build argument 'ament_cmake_args' from command line to 'None'
[0.528s] Level 5:colcon.colcon_core.verb:set package 'task_generator_gazebo' build argument 'catkin_cmake_args' from command line to 'None'
[0.528s] Level 5:colcon.colcon_core.verb:set package 'task_generator_gazebo' build argument 'catkin_skip_building_tests' from command line to 'False'
[0.528s] DEBUG:colcon.colcon_core.verb:Building package 'task_generator_gazebo' with the following arguments: {'ament_cmake_args': None, 'build_base': '/home/elias/catkin_ws/src/arena-rosnav-3D/build/task_generator_gazebo', 'catkin_cmake_args': None, 'catkin_skip_building_tests': False, 'cmake_args': None, 'cmake_clean_cache': False, 'cmake_clean_first': False, 'cmake_force_configure': False, 'cmake_target': None, 'cmake_target_skip_unavailable': False, 'install_base': '/home/elias/catkin_ws/src/arena-rosnav-3D/install/task_generator_gazebo', 'merge_install': False, 'path': '/home/elias/catkin_ws/src/arena-rosnav-3D/task_generator_gazebo', 'symlink_install': False, 'test_result_base': None}
[0.529s] INFO:colcon.colcon_core.executor:Executing jobs using 'parallel' executor
[0.532s] DEBUG:colcon.colcon_parallel_executor.executor.parallel:run_until_complete
[0.533s] INFO:colcon.colcon_ros.task.catkin.build:Building ROS package in '/home/elias/catkin_ws/src/arena-rosnav-3D/arena_bringup_gazebo' with build type 'catkin'
[0.533s] INFO:colcon.colcon_cmake.task.cmake.build:Building CMake package in '/home/elias/catkin_ws/src/arena-rosnav-3D/arena_bringup_gazebo'
[0.541s] INFO:colcon.colcon_core.plugin_system:Skipping extension 'colcon_core.shell.bat': Not used on non-Windows systems
[0.541s] INFO:colcon.colcon_core.shell:Skip shell extension 'powershell' for command environment: Not usable outside of PowerShell
[0.541s] DEBUG:colcon.colcon_core.shell:Skip shell extension 'dsv' for command environment
[0.547s] DEBUG:colcon.colcon_core.shell:Ignoring prefix path '/home/elias/catkin_ws/devel'
[0.547s] DEBUG:colcon.colcon_core.shell:Ignoring prefix path '/opt/ros/melodic'
[0.550s] INFO:colcon.colcon_ros.task.catkin.build:Building ROS package in '/home/elias/catkin_ws/src/arena-rosnav-3D/src/aws-robomaker-hospital-world' with build type 'catkin'
[0.551s] INFO:colcon.colcon_cmake.task.cmake.build:Building CMake package in '/home/elias/catkin_ws/src/arena-rosnav-3D/src/aws-robomaker-hospital-world'
[0.553s] INFO:colcon.colcon_core.shell:Skip shell extension 'powershell' for command environment: Not usable outside of PowerShell
[0.553s] DEBUG:colcon.colcon_core.shell:Skip shell extension 'dsv' for command environment
[0.558s] DEBUG:colcon.colcon_core.shell:Ignoring prefix path '/home/elias/catkin_ws/devel'
[0.558s] DEBUG:colcon.colcon_core.shell:Ignoring prefix path '/opt/ros/melodic'
[0.562s] INFO:colcon.colcon_ros.task.catkin.build:Building ROS package in '/home/elias/catkin_ws/src/arena-rosnav-3D/src/aws-robomaker-small-warehouse-world' with build type 'catkin'
[0.563s] INFO:colcon.colcon_cmake.task.cmake.build:Building CMake package in '/home/elias/catkin_ws/src/arena-rosnav-3D/src/aws-robomaker-small-warehouse-world'
[0.565s] INFO:colcon.colcon_core.shell:Skip shell extension 'powershell' for command environment: Not usable outside of PowerShell
[0.565s] DEBUG:colcon.colcon_core.shell:Skip shell extension 'dsv' for command environment
[0.569s] DEBUG:colcon.colcon_core.shell:Ignoring prefix path '/home/elias/catkin_ws/devel'
[0.569s] DEBUG:colcon.colcon_core.shell:Ignoring prefix path '/opt/ros/melodic'
[0.572s] INFO:colcon.colcon_ros.task.catkin.build:Building ROS package in '/home/elias/catkin_ws/src/arena-rosnav-3D/task_generator_gazebo' with build type 'catkin'
[0.573s] INFO:colcon.colcon_cmake.task.cmake.build:Building CMake package in '/home/elias/catkin_ws/src/arena-rosnav-3D/task_generator_gazebo'
[0.575s] INFO:colcon.colcon_core.shell:Skip shell extension 'powershell' for command environment: Not usable outside of PowerShell
[0.576s] DEBUG:colcon.colcon_core.shell:Skip shell extension 'dsv' for command environment
[0.582s] DEBUG:colcon.colcon_core.shell:Ignoring prefix path '/home/elias/catkin_ws/devel'
[0.582s] DEBUG:colcon.colcon_core.shell:Ignoring prefix path '/opt/ros/melodic'
[0.597s] DEBUG:colcon.colcon_core.event_handler.log_command:Invoking command in '/home/elias/catkin_ws/src/arena-rosnav-3D/build/arena_bringup_gazebo': PS1=(rosnav) %m%# /usr/bin/cmake /home/elias/catkin_ws/src/arena-rosnav-3D/arena_bringup_gazebo -DCATKIN_INSTALL_INTO_PREFIX_ROOT=0 -DCMAKE_INSTALL_PREFIX=/home/elias/catkin_ws/src/arena-rosnav-3D/install/arena_bringup_gazebo
[0.610s] DEBUG:colcon.colcon_core.event_handler.log_command:Invoking command in '/home/elias/catkin_ws/src/arena-rosnav-3D/build/aws_robomaker_hospital_world': PS1=(rosnav) %m%# /usr/bin/cmake /home/elias/catkin_ws/src/arena-rosnav-3D/src/aws-robomaker-hospital-world -DCATKIN_INSTALL_INTO_PREFIX_ROOT=0 -DCMAKE_INSTALL_PREFIX=/home/elias/catkin_ws/src/arena-rosnav-3D/install/aws_robomaker_hospital_world
[0.625s] DEBUG:colcon.colcon_core.event_handler.log_command:Invoking command in '/home/elias/catkin_ws/src/arena-rosnav-3D/build/aws_robomaker_small_warehouse_world': PS1=(rosnav) %m%# /usr/bin/cmake /home/elias/catkin_ws/src/arena-rosnav-3D/src/aws-robomaker-small-warehouse-world -DCATKIN_INSTALL_INTO_PREFIX_ROOT=0 -DCMAKE_INSTALL_PREFIX=/home/elias/catkin_ws/src/arena-rosnav-3D/install/aws_robomaker_small_warehouse_world
[0.673s] DEBUG:colcon.colcon_core.event_handler.log_command:Invoking command in '/home/elias/catkin_ws/src/arena-rosnav-3D/build/task_generator_gazebo': PS1=(rosnav) %m%# /usr/bin/cmake /home/elias/catkin_ws/src/arena-rosnav-3D/task_generator_gazebo -DCATKIN_INSTALL_INTO_PREFIX_ROOT=0 -DCMAKE_INSTALL_PREFIX=/home/elias/catkin_ws/src/arena-rosnav-3D/install/task_generator_gazebo
[7.622s] DEBUG:colcon.colcon_core.event_handler.log_command:Invoked command in '/home/elias/catkin_ws/src/arena-rosnav-3D/build/arena_bringup_gazebo' returned '0': PS1=(rosnav) %m%# /usr/bin/cmake /home/elias/catkin_ws/src/arena-rosnav-3D/arena_bringup_gazebo -DCATKIN_INSTALL_INTO_PREFIX_ROOT=0 -DCMAKE_INSTALL_PREFIX=/home/elias/catkin_ws/src/arena-rosnav-3D/install/arena_bringup_gazebo
[7.628s] DEBUG:colcon.colcon_core.event_handler.log_command:Invoking command in '/home/elias/catkin_ws/src/arena-rosnav-3D/build/arena_bringup_gazebo': PS1=(rosnav) %m%# /usr/bin/cmake --build /home/elias/catkin_ws/src/arena-rosnav-3D/build/arena_bringup_gazebo -- -j4 -l4
[7.819s] DEBUG:colcon.colcon_core.event_handler.log_command:Invoked command in '/home/elias/catkin_ws/src/arena-rosnav-3D/build/arena_bringup_gazebo' returned '0': PS1=(rosnav) %m%# /usr/bin/cmake --build /home/elias/catkin_ws/src/arena-rosnav-3D/build/arena_bringup_gazebo -- -j4 -l4
[7.935s] DEBUG:colcon.colcon_core.event_handler.log_command:Invoking command in '/home/elias/catkin_ws/src/arena-rosnav-3D/build/arena_bringup_gazebo': PS1=(rosnav) %m%# /usr/bin/cmake --build /home/elias/catkin_ws/src/arena-rosnav-3D/build/arena_bringup_gazebo --target tests -- -j4 -l4
[8.147s] DEBUG:colcon.colcon_core.event_handler.log_command:Invoked command in '/home/elias/catkin_ws/src/arena-rosnav-3D/build/arena_bringup_gazebo' returned '0': PS1=(rosnav) %m%# /usr/bin/cmake --build /home/elias/catkin_ws/src/arena-rosnav-3D/build/arena_bringup_gazebo --target tests -- -j4 -l4
[8.249s] DEBUG:colcon.colcon_core.event_handler.log_command:Invoking command in '/home/elias/catkin_ws/src/arena-rosnav-3D/build/arena_bringup_gazebo': PS1=(rosnav) %m%# /usr/bin/cmake --build /home/elias/catkin_ws/src/arena-rosnav-3D/build/arena_bringup_gazebo --target install -- -j4 -l4
[8.433s] DEBUG:colcon.colcon_core.event_handler.log_command:Invoked command in '/home/elias/catkin_ws/src/arena-rosnav-3D/build/aws_robomaker_small_warehouse_world' returned '0': PS1=(rosnav) %m%# /usr/bin/cmake /home/elias/catkin_ws/src/arena-rosnav-3D/src/aws-robomaker-small-warehouse-world -DCATKIN_INSTALL_INTO_PREFIX_ROOT=0 -DCMAKE_INSTALL_PREFIX=/home/elias/catkin_ws/src/arena-rosnav-3D/install/aws_robomaker_small_warehouse_world
[8.440s] DEBUG:colcon.colcon_core.event_handler.log_command:Invoking command in '/home/elias/catkin_ws/src/arena-rosnav-3D/build/aws_robomaker_small_warehouse_world': PS1=(rosnav) %m%# /usr/bin/cmake --build /home/elias/catkin_ws/src/arena-rosnav-3D/build/aws_robomaker_small_warehouse_world -- -j4 -l4
[8.493s] DEBUG:colcon.colcon_core.event_handler.log_command:Invoked command in '/home/elias/catkin_ws/src/arena-rosnav-3D/build/arena_bringup_gazebo' returned '0': PS1=(rosnav) %m%# /usr/bin/cmake --build /home/elias/catkin_ws/src/arena-rosnav-3D/build/arena_bringup_gazebo --target install -- -j4 -l4
[8.624s] DEBUG:colcon.colcon_core.event_handler.log_command:Invoked command in '/home/elias/catkin_ws/src/arena-rosnav-3D/build/aws_robomaker_small_warehouse_world' returned '0': PS1=(rosnav) %m%# /usr/bin/cmake --build /home/elias/catkin_ws/src/arena-rosnav-3D/build/aws_robomaker_small_warehouse_world -- -j4 -l4
[8.709s] Level 1:colcon.colcon_core.shell:create_environment_hook('arena_bringup_gazebo', 'ros_package_path')
[8.711s] INFO:colcon.colcon_core.shell:Creating environment hook '/home/elias/catkin_ws/src/arena-rosnav-3D/install/arena_bringup_gazebo/share/arena_bringup_gazebo/hook/ros_package_path.ps1'
[8.713s] INFO:colcon.colcon_core.shell:Creating environment descriptor '/home/elias/catkin_ws/src/arena-rosnav-3D/install/arena_bringup_gazebo/share/arena_bringup_gazebo/hook/ros_package_path.dsv'
[8.714s] INFO:colcon.colcon_core.shell:Creating environment hook '/home/elias/catkin_ws/src/arena-rosnav-3D/install/arena_bringup_gazebo/share/arena_bringup_gazebo/hook/ros_package_path.sh'
[8.724s] Level 1:colcon.colcon_ros.task.catkin:checking '/home/elias/catkin_ws/src/arena-rosnav-3D/install/arena_bringup_gazebo/lib/python2.7/dist-packages'
[8.724s] Level 1:colcon.colcon_core.shell:create_environment_hook('arena_bringup_gazebo', 'pkg_config_path')
[8.727s] INFO:colcon.colcon_core.shell:Creating environment hook '/home/elias/catkin_ws/src/arena-rosnav-3D/install/arena_bringup_gazebo/share/arena_bringup_gazebo/hook/pkg_config_path.ps1'
[8.728s] INFO:colcon.colcon_core.shell:Creating environment descriptor '/home/elias/catkin_ws/src/arena-rosnav-3D/install/arena_bringup_gazebo/share/arena_bringup_gazebo/hook/pkg_config_path.dsv'
[8.729s] INFO:colcon.colcon_core.shell:Creating environment hook '/home/elias/catkin_ws/src/arena-rosnav-3D/install/arena_bringup_gazebo/share/arena_bringup_gazebo/hook/pkg_config_path.sh'
[8.752s] Level 1:colcon.colcon_core.shell:create_environment_hook('arena_bringup_gazebo', 'pkg_config_path_multiarch')
[8.754s] INFO:colcon.colcon_core.shell:Creating environment hook '/home/elias/catkin_ws/src/arena-rosnav-3D/install/arena_bringup_gazebo/share/arena_bringup_gazebo/hook/pkg_config_path_multiarch.ps1'
[8.761s] INFO:colcon.colcon_core.shell:Creating environment descriptor '/home/elias/catkin_ws/src/arena-rosnav-3D/install/arena_bringup_gazebo/share/arena_bringup_gazebo/hook/pkg_config_path_multiarch.dsv'
[8.762s] INFO:colcon.colcon_core.shell:Creating environment hook '/home/elias/catkin_ws/src/arena-rosnav-3D/install/arena_bringup_gazebo/share/arena_bringup_gazebo/hook/pkg_config_path_multiarch.sh'
[8.766s] Level 1:colcon.colcon_core.environment:create_environment_scripts_only(arena_bringup_gazebo)
[8.792s] Level 1:colcon.colcon_core.environment:checking '/home/elias/catkin_ws/src/arena-rosnav-3D/install/arena_bringup_gazebo' for CMake module files
[8.796s] Level 1:colcon.colcon_core.environment:checking '/home/elias/catkin_ws/src/arena-rosnav-3D/install/arena_bringup_gazebo' for CMake config files
[8.796s] Level 1:colcon.colcon_core.shell:create_environment_hook('arena_bringup_gazebo', 'cmake_prefix_path')
[8.798s] INFO:colcon.colcon_core.shell:Creating environment hook '/home/elias/catkin_ws/src/arena-rosnav-3D/install/arena_bringup_gazebo/share/arena_bringup_gazebo/hook/cmake_prefix_path.ps1'
[8.799s] INFO:colcon.colcon_core.shell:Creating environment descriptor '/home/elias/catkin_ws/src/arena-rosnav-3D/install/arena_bringup_gazebo/share/arena_bringup_gazebo/hook/cmake_prefix_path.dsv'
[8.811s] INFO:colcon.colcon_core.shell:Creating environment hook '/home/elias/catkin_ws/src/arena-rosnav-3D/install/arena_bringup_gazebo/share/arena_bringup_gazebo/hook/cmake_prefix_path.sh'
[8.813s] Level 1:colcon.colcon_core.environment:checking '/home/elias/catkin_ws/src/arena-rosnav-3D/install/arena_bringup_gazebo/lib'
[8.814s] Level 1:colcon.colcon_core.environment:checking '/home/elias/catkin_ws/src/arena-rosnav-3D/install/arena_bringup_gazebo/bin'
[8.814s] Level 1:colcon.colcon_core.environment:checking '/home/elias/catkin_ws/src/arena-rosnav-3D/install/arena_bringup_gazebo/lib/pkgconfig/arena_bringup_gazebo.pc'
[8.814s] Level 1:colcon.colcon_core.shell:create_environment_hook('arena_bringup_gazebo', 'pkg_config')
[8.820s] INFO:colcon.colcon_core.shell:Creating environment hook '/home/elias/catkin_ws/src/arena-rosnav-3D/install/arena_bringup_gazebo/share/arena_bringup_gazebo/hook/pkg_config.ps1'
[8.821s] INFO:colcon.colcon_core.shell:Creating environment descriptor '/home/elias/catkin_ws/src/arena-rosnav-3D/install/arena_bringup_gazebo/share/arena_bringup_gazebo/hook/pkg_config.dsv'
[8.822s] INFO:colcon.colcon_core.shell:Creating environment hook '/home/elias/catkin_ws/src/arena-rosnav-3D/install/arena_bringup_gazebo/share/arena_bringup_gazebo/hook/pkg_config.sh'
[8.824s] Level 1:colcon.colcon_core.environment:checking '/home/elias/catkin_ws/src/arena-rosnav-3D/install/arena_bringup_gazebo/lib/python3.6/site-packages'
[8.826s] INFO:colcon.colcon_core.shell:Creating package script '/home/elias/catkin_ws/src/arena-rosnav-3D/install/arena_bringup_gazebo/share/arena_bringup_gazebo/package.ps1'
[8.837s] INFO:colcon.colcon_core.shell:Creating package descriptor '/home/elias/catkin_ws/src/arena-rosnav-3D/install/arena_bringup_gazebo/share/arena_bringup_gazebo/package.dsv'
[8.839s] INFO:colcon.colcon_core.shell:Creating package script '/home/elias/catkin_ws/src/arena-rosnav-3D/install/arena_bringup_gazebo/share/arena_bringup_gazebo/package.sh'
[8.841s] INFO:colcon.colcon_core.shell:Creating package script '/home/elias/catkin_ws/src/arena-rosnav-3D/install/arena_bringup_gazebo/share/arena_bringup_gazebo/package.bash'
[8.844s] INFO:colcon.colcon_core.shell:Creating package script '/home/elias/catkin_ws/src/arena-rosnav-3D/install/arena_bringup_gazebo/share/arena_bringup_gazebo/package.zsh'
[8.846s] Level 1:colcon.colcon_core.environment:create_file_with_runtime_dependencies(/home/elias/catkin_ws/src/arena-rosnav-3D/install/arena_bringup_gazebo/share/colcon-core/packages/arena_bringup_gazebo)
[9.110s] DEBUG:colcon.colcon_core.event_handler.log_command:Invoking command in '/home/elias/catkin_ws/src/arena-rosnav-3D/build/aws_robomaker_small_warehouse_world': PS1=(rosnav) %m%# /usr/bin/cmake --build /home/elias/catkin_ws/src/arena-rosnav-3D/build/aws_robomaker_small_warehouse_world --target tests -- -j4 -l4
[9.360s] DEBUG:colcon.colcon_core.event_handler.log_command:Invoked command in '/home/elias/catkin_ws/src/arena-rosnav-3D/build/aws_robomaker_small_warehouse_world' returned '0': PS1=(rosnav) %m%# /usr/bin/cmake --build /home/elias/catkin_ws/src/arena-rosnav-3D/build/aws_robomaker_small_warehouse_world --target tests -- -j4 -l4
[9.745s] DEBUG:colcon.colcon_core.event_handler.log_command:Invoking command in '/home/elias/catkin_ws/src/arena-rosnav-3D/build/aws_robomaker_small_warehouse_world': PS1=(rosnav) %m%# /usr/bin/cmake --build /home/elias/catkin_ws/src/arena-rosnav-3D/build/aws_robomaker_small_warehouse_world --target install -- -j4 -l4
[9.883s] DEBUG:colcon.colcon_core.event_handler.log_command:Invoked command in '/home/elias/catkin_ws/src/arena-rosnav-3D/build/task_generator_gazebo' returned '0': PS1=(rosnav) %m%# /usr/bin/cmake /home/elias/catkin_ws/src/arena-rosnav-3D/task_generator_gazebo -DCATKIN_INSTALL_INTO_PREFIX_ROOT=0 -DCMAKE_INSTALL_PREFIX=/home/elias/catkin_ws/src/arena-rosnav-3D/install/task_generator_gazebo
[9.885s] DEBUG:colcon.colcon_core.event_handler.log_command:Invoking command in '/home/elias/catkin_ws/src/arena-rosnav-3D/build/task_generator_gazebo': PS1=(rosnav) %m%# /usr/bin/cmake --build /home/elias/catkin_ws/src/arena-rosnav-3D/build/task_generator_gazebo -- -j4 -l4
[10.072s] DEBUG:colcon.colcon_core.event_handler.log_command:Invoked command in '/home/elias/catkin_ws/src/arena-rosnav-3D/build/aws_robomaker_small_warehouse_world' returned '0': PS1=(rosnav) %m%# /usr/bin/cmake --build /home/elias/catkin_ws/src/arena-rosnav-3D/build/aws_robomaker_small_warehouse_world --target install -- -j4 -l4
[10.098s] DEBUG:colcon.colcon_core.event_handler.log_command:Invoked command in '/home/elias/catkin_ws/src/arena-rosnav-3D/build/task_generator_gazebo' returned '0': PS1=(rosnav) %m%# /usr/bin/cmake --build /home/elias/catkin_ws/src/arena-rosnav-3D/build/task_generator_gazebo -- -j4 -l4
[10.198s] DEBUG:colcon.colcon_core.event_handler.log_command:Invoking command in '/home/elias/catkin_ws/src/arena-rosnav-3D/build/task_generator_gazebo': PS1=(rosnav) %m%# /usr/bin/cmake --build /home/elias/catkin_ws/src/arena-rosnav-3D/build/task_generator_gazebo --target tests -- -j4 -l4
[10.379s] Level 1:colcon.colcon_core.shell:create_environment_hook('aws_robomaker_small_warehouse_world', 'ros_package_path')
[10.381s] INFO:colcon.colcon_core.shell:Creating environment hook '/home/elias/catkin_ws/src/arena-rosnav-3D/install/aws_robomaker_small_warehouse_world/share/aws_robomaker_small_warehouse_world/hook/ros_package_path.ps1'
[10.382s] INFO:colcon.colcon_core.shell:Creating environment descriptor '/home/elias/catkin_ws/src/arena-rosnav-3D/install/aws_robomaker_small_warehouse_world/share/aws_robomaker_small_warehouse_world/hook/ros_package_path.dsv'
[10.382s] INFO:colcon.colcon_core.shell:Creating environment hook '/home/elias/catkin_ws/src/arena-rosnav-3D/install/aws_robomaker_small_warehouse_world/share/aws_robomaker_small_warehouse_world/hook/ros_package_path.sh'
[10.384s] Level 1:colcon.colcon_ros.task.catkin:checking '/home/elias/catkin_ws/src/arena-rosnav-3D/install/aws_robomaker_small_warehouse_world/lib/python2.7/dist-packages'
[10.384s] Level 1:colcon.colcon_core.shell:create_environment_hook('aws_robomaker_small_warehouse_world', 'pkg_config_path')
[10.385s] INFO:colcon.colcon_core.shell:Creating environment hook '/home/elias/catkin_ws/src/arena-rosnav-3D/install/aws_robomaker_small_warehouse_world/share/aws_robomaker_small_warehouse_world/hook/pkg_config_path.ps1'
[10.386s] INFO:colcon.colcon_core.shell:Creating environment descriptor '/home/elias/catkin_ws/src/arena-rosnav-3D/install/aws_robomaker_small_warehouse_world/share/aws_robomaker_small_warehouse_world/hook/pkg_config_path.dsv'
[10.387s] INFO:colcon.colcon_core.shell:Creating environment hook '/home/elias/catkin_ws/src/arena-rosnav-3D/install/aws_robomaker_small_warehouse_world/share/aws_robomaker_small_warehouse_world/hook/pkg_config_path.sh'
[10.388s] Level 1:colcon.colcon_core.shell:create_environment_hook('aws_robomaker_small_warehouse_world', 'pkg_config_path_multiarch')
[10.389s] INFO:colcon.colcon_core.shell:Creating environment hook '/home/elias/catkin_ws/src/arena-rosnav-3D/install/aws_robomaker_small_warehouse_world/share/aws_robomaker_small_warehouse_world/hook/pkg_config_path_multiarch.ps1'
[10.390s] INFO:colcon.colcon_core.shell:Creating environment descriptor '/home/elias/catkin_ws/src/arena-rosnav-3D/install/aws_robomaker_small_warehouse_world/share/aws_robomaker_small_warehouse_world/hook/pkg_config_path_multiarch.dsv'
[10.391s] INFO:colcon.colcon_core.shell:Creating environment hook '/home/elias/catkin_ws/src/arena-rosnav-3D/install/aws_robomaker_small_warehouse_world/share/aws_robomaker_small_warehouse_world/hook/pkg_config_path_multiarch.sh'
[10.393s] Level 1:colcon.colcon_core.environment:create_environment_scripts_only(aws_robomaker_small_warehouse_world)
[10.396s] Level 1:colcon.colcon_core.environment:checking '/home/elias/catkin_ws/src/arena-rosnav-3D/install/aws_robomaker_small_warehouse_world' for CMake module files
[10.397s] Level 1:colcon.colcon_core.environment:checking '/home/elias/catkin_ws/src/arena-rosnav-3D/install/aws_robomaker_small_warehouse_world' for CMake config files
[10.399s] Level 1:colcon.colcon_core.shell:create_environment_hook('aws_robomaker_small_warehouse_world', 'cmake_prefix_path')
[10.401s] INFO:colcon.colcon_core.shell:Creating environment hook '/home/elias/catkin_ws/src/arena-rosnav-3D/install/aws_robomaker_small_warehouse_world/share/aws_robomaker_small_warehouse_world/hook/cmake_prefix_path.ps1'
[10.401s] INFO:colcon.colcon_core.shell:Creating environment descriptor '/home/elias/catkin_ws/src/arena-rosnav-3D/install/aws_robomaker_small_warehouse_world/share/aws_robomaker_small_warehouse_world/hook/cmake_prefix_path.dsv'
[10.402s] INFO:colcon.colcon_core.shell:Creating environment hook '/home/elias/catkin_ws/src/arena-rosnav-3D/install/aws_robomaker_small_warehouse_world/share/aws_robomaker_small_warehouse_world/hook/cmake_prefix_path.sh'
[10.403s] Level 1:colcon.colcon_core.environment:checking '/home/elias/catkin_ws/src/arena-rosnav-3D/install/aws_robomaker_small_warehouse_world/lib'
[10.404s] Level 1:colcon.colcon_core.environment:checking '/home/elias/catkin_ws/src/arena-rosnav-3D/install/aws_robomaker_small_warehouse_world/bin'
[10.404s] Level 1:colcon.colcon_core.environment:checking '/home/elias/catkin_ws/src/arena-rosnav-3D/install/aws_robomaker_small_warehouse_world/lib/pkgconfig/aws_robomaker_small_warehouse_world.pc'
[10.404s] Level 1:colcon.colcon_core.shell:create_environment_hook('aws_robomaker_small_warehouse_world', 'pkg_config')
[10.405s] INFO:colcon.colcon_core.shell:Creating environment hook '/home/elias/catkin_ws/src/arena-rosnav-3D/install/aws_robomaker_small_warehouse_world/share/aws_robomaker_small_warehouse_world/hook/pkg_config.ps1'
[10.406s] INFO:colcon.colcon_core.shell:Creating environment descriptor '/home/elias/catkin_ws/src/arena-rosnav-3D/install/aws_robomaker_small_warehouse_world/share/aws_robomaker_small_warehouse_world/hook/pkg_config.dsv'
[10.407s] INFO:colcon.colcon_core.shell:Creating environment hook '/home/elias/catkin_ws/src/arena-rosnav-3D/install/aws_robomaker_small_warehouse_world/share/aws_robomaker_small_warehouse_world/hook/pkg_config.sh'
[10.408s] Level 1:colcon.colcon_core.environment:checking '/home/elias/catkin_ws/src/arena-rosnav-3D/install/aws_robomaker_small_warehouse_world/lib/python3.6/site-packages'
[10.410s] INFO:colcon.colcon_core.shell:Creating package script '/home/elias/catkin_ws/src/arena-rosnav-3D/install/aws_robomaker_small_warehouse_world/share/aws_robomaker_small_warehouse_world/package.ps1'
[10.412s] INFO:colcon.colcon_core.shell:Creating package descriptor '/home/elias/catkin_ws/src/arena-rosnav-3D/install/aws_robomaker_small_warehouse_world/share/aws_robomaker_small_warehouse_world/package.dsv'
[10.413s] INFO:colcon.colcon_core.shell:Creating package script '/home/elias/catkin_ws/src/arena-rosnav-3D/install/aws_robomaker_small_warehouse_world/share/aws_robomaker_small_warehouse_world/package.sh'
[10.414s] INFO:colcon.colcon_core.shell:Creating package script '/home/elias/catkin_ws/src/arena-rosnav-3D/install/aws_robomaker_small_warehouse_world/share/aws_robomaker_small_warehouse_world/package.bash'
[10.414s] INFO:colcon.colcon_core.shell:Creating package script '/home/elias/catkin_ws/src/arena-rosnav-3D/install/aws_robomaker_small_warehouse_world/share/aws_robomaker_small_warehouse_world/package.zsh'
[10.415s] Level 1:colcon.colcon_core.environment:create_file_with_runtime_dependencies(/home/elias/catkin_ws/src/arena-rosnav-3D/install/aws_robomaker_small_warehouse_world/share/colcon-core/packages/aws_robomaker_small_warehouse_world)
[10.427s] DEBUG:colcon.colcon_core.event_handler.log_command:Invoked command in '/home/elias/catkin_ws/src/arena-rosnav-3D/build/task_generator_gazebo' returned '0': PS1=(rosnav) %m%# /usr/bin/cmake --build /home/elias/catkin_ws/src/arena-rosnav-3D/build/task_generator_gazebo --target tests -- -j4 -l4
[10.501s] DEBUG:colcon.colcon_core.event_handler.log_command:Invoking command in '/home/elias/catkin_ws/src/arena-rosnav-3D/build/task_generator_gazebo': PS1=(rosnav) %m%# /usr/bin/cmake --build /home/elias/catkin_ws/src/arena-rosnav-3D/build/task_generator_gazebo --target install -- -j4 -l4
[10.758s] DEBUG:colcon.colcon_core.event_handler.log_command:Invoked command in '/home/elias/catkin_ws/src/arena-rosnav-3D/build/task_generator_gazebo' returned '2': PS1=(rosnav) %m%# /usr/bin/cmake --build /home/elias/catkin_ws/src/arena-rosnav-3D/build/task_generator_gazebo --target install -- -j4 -l4
[10.792s] Level 1:colcon.colcon_core.shell:create_environment_hook('task_generator_gazebo', 'ros_package_path')
[10.794s] INFO:colcon.colcon_core.shell:Creating environment hook '/home/elias/catkin_ws/src/arena-rosnav-3D/install/task_generator_gazebo/share/task_generator_gazebo/hook/ros_package_path.ps1'
[10.795s] INFO:colcon.colcon_core.shell:Creating environment descriptor '/home/elias/catkin_ws/src/arena-rosnav-3D/install/task_generator_gazebo/share/task_generator_gazebo/hook/ros_package_path.dsv'
[10.796s] INFO:colcon.colcon_core.shell:Creating environment hook '/home/elias/catkin_ws/src/arena-rosnav-3D/install/task_generator_gazebo/share/task_generator_gazebo/hook/ros_package_path.sh'
[10.797s] Level 1:colcon.colcon_ros.task.catkin:checking '/home/elias/catkin_ws/src/arena-rosnav-3D/install/task_generator_gazebo/lib/python2.7/dist-packages'
[10.797s] Level 1:colcon.colcon_core.shell:create_environment_hook('task_generator_gazebo', 'catkin_pythonpath')
[10.799s] INFO:colcon.colcon_core.shell:Creating environment hook '/home/elias/catkin_ws/src/arena-rosnav-3D/install/task_generator_gazebo/share/task_generator_gazebo/hook/catkin_pythonpath.ps1'
[10.800s] INFO:colcon.colcon_core.shell:Creating environment descriptor '/home/elias/catkin_ws/src/arena-rosnav-3D/install/task_generator_gazebo/share/task_generator_gazebo/hook/catkin_pythonpath.dsv'
[10.800s] INFO:colcon.colcon_core.shell:Creating environment hook '/home/elias/catkin_ws/src/arena-rosnav-3D/install/task_generator_gazebo/share/task_generator_gazebo/hook/catkin_pythonpath.sh'
[10.801s] Level 1:colcon.colcon_core.shell:create_environment_hook('task_generator_gazebo', 'pkg_config_path')
[10.803s] INFO:colcon.colcon_core.shell:Creating environment hook '/home/elias/catkin_ws/src/arena-rosnav-3D/install/task_generator_gazebo/share/task_generator_gazebo/hook/pkg_config_path.ps1'
[10.803s] INFO:colcon.colcon_core.shell:Creating environment descriptor '/home/elias/catkin_ws/src/arena-rosnav-3D/install/task_generator_gazebo/share/task_generator_gazebo/hook/pkg_config_path.dsv'
[10.804s] INFO:colcon.colcon_core.shell:Creating environment hook '/home/elias/catkin_ws/src/arena-rosnav-3D/install/task_generator_gazebo/share/task_generator_gazebo/hook/pkg_config_path.sh'
[10.805s] Level 1:colcon.colcon_core.shell:create_environment_hook('task_generator_gazebo', 'pkg_config_path_multiarch')
[10.806s] INFO:colcon.colcon_core.shell:Creating environment hook '/home/elias/catkin_ws/src/arena-rosnav-3D/install/task_generator_gazebo/share/task_generator_gazebo/hook/pkg_config_path_multiarch.ps1'
[10.808s] INFO:colcon.colcon_core.shell:Creating environment descriptor '/home/elias/catkin_ws/src/arena-rosnav-3D/install/task_generator_gazebo/share/task_generator_gazebo/hook/pkg_config_path_multiarch.dsv'
[10.808s] INFO:colcon.colcon_core.shell:Creating environment hook '/home/elias/catkin_ws/src/arena-rosnav-3D/install/task_generator_gazebo/share/task_generator_gazebo/hook/pkg_config_path_multiarch.sh'
[10.811s] Level 1:colcon.colcon_core.environment:create_environment_scripts_only(task_generator_gazebo)
[10.813s] Level 1:colcon.colcon_core.environment:checking '/home/elias/catkin_ws/src/arena-rosnav-3D/install/task_generator_gazebo' for CMake module files
[10.814s] Level 1:colcon.colcon_core.environment:checking '/home/elias/catkin_ws/src/arena-rosnav-3D/install/task_generator_gazebo' for CMake config files
[10.816s] Level 1:colcon.colcon_core.environment:checking '/home/elias/catkin_ws/src/arena-rosnav-3D/install/task_generator_gazebo/lib'
[10.816s] Level 1:colcon.colcon_core.environment:checking '/home/elias/catkin_ws/src/arena-rosnav-3D/install/task_generator_gazebo/bin'
[10.816s] Level 1:colcon.colcon_core.environment:checking '/home/elias/catkin_ws/src/arena-rosnav-3D/install/task_generator_gazebo/lib/pkgconfig/task_generator_gazebo.pc'
[10.817s] Level 1:colcon.colcon_core.environment:checking '/home/elias/catkin_ws/src/arena-rosnav-3D/install/task_generator_gazebo/lib/python3.6/site-packages'
[10.819s] INFO:colcon.colcon_core.shell:Creating package script '/home/elias/catkin_ws/src/arena-rosnav-3D/install/task_generator_gazebo/share/task_generator_gazebo/package.ps1'
[10.820s] INFO:colcon.colcon_core.shell:Creating package descriptor '/home/elias/catkin_ws/src/arena-rosnav-3D/install/task_generator_gazebo/share/task_generator_gazebo/package.dsv'
[10.821s] INFO:colcon.colcon_core.shell:Creating package script '/home/elias/catkin_ws/src/arena-rosnav-3D/install/task_generator_gazebo/share/task_generator_gazebo/package.sh'
[10.822s] INFO:colcon.colcon_core.shell:Creating package script '/home/elias/catkin_ws/src/arena-rosnav-3D/install/task_generator_gazebo/share/task_generator_gazebo/package.bash'
[10.823s] INFO:colcon.colcon_core.shell:Creating package script '/home/elias/catkin_ws/src/arena-rosnav-3D/install/task_generator_gazebo/share/task_generator_gazebo/package.zsh'
[10.824s] Level 1:colcon.colcon_core.environment:create_file_with_runtime_dependencies(/home/elias/catkin_ws/src/arena-rosnav-3D/install/task_generator_gazebo/share/colcon-core/packages/task_generator_gazebo)
[31.721s] DEBUG:colcon.colcon_parallel_executor.executor.parallel:closing loop
[31.723s] DEBUG:colcon.colcon_parallel_executor.executor.parallel:loop closed
[31.723s] DEBUG:colcon.colcon_parallel_executor.executor.parallel:run_until_complete finished with '2'
[31.723s] DEBUG:colcon.colcon_core.event_reactor:joining thread
[31.740s] INFO:colcon.colcon_core.plugin_system:Skipping extension 'colcon_notification.desktop_notification.terminal_notifier': Not used on non-Darwin systems
[31.740s] INFO:colcon.colcon_core.plugin_system:Skipping extension 'colcon_notification.desktop_notification.win32': Not used on non-Windows systems
[31.740s] INFO:colcon.colcon_notification.desktop_notification:Sending desktop notification using 'notify2'
[31.763s] DEBUG:colcon.colcon_core.event_reactor:joined thread
[31.765s] INFO:colcon.colcon_core.shell:Creating prefix script '/home/elias/catkin_ws/src/arena-rosnav-3D/install/local_setup.ps1'
[31.767s] INFO:colcon.colcon_core.shell:Creating prefix util module '/home/elias/catkin_ws/src/arena-rosnav-3D/install/_local_setup_util_ps1.py'
[31.770s] INFO:colcon.colcon_core.shell:Creating prefix chain script '/home/elias/catkin_ws/src/arena-rosnav-3D/install/setup.ps1'
[31.788s] INFO:colcon.colcon_core.shell:Creating prefix script '/home/elias/catkin_ws/src/arena-rosnav-3D/install/local_setup.sh'
[31.789s] INFO:colcon.colcon_core.shell:Creating prefix util module '/home/elias/catkin_ws/src/arena-rosnav-3D/install/_local_setup_util_sh.py'
[31.790s] INFO:colcon.colcon_core.shell:Creating prefix chain script '/home/elias/catkin_ws/src/arena-rosnav-3D/install/setup.sh'
[31.796s] INFO:colcon.colcon_core.shell:Creating prefix script '/home/elias/catkin_ws/src/arena-rosnav-3D/install/local_setup.bash'
[31.797s] INFO:colcon.colcon_core.shell:Creating prefix chain script '/home/elias/catkin_ws/src/arena-rosnav-3D/install/setup.bash'
[31.807s] INFO:colcon.colcon_core.shell:Creating prefix script '/home/elias/catkin_ws/src/arena-rosnav-3D/install/local_setup.zsh'
[31.808s] INFO:colcon.colcon_core.shell:Creating prefix chain script '/home/elias/catkin_ws/src/arena-rosnav-3D/install/setup.zsh'
