[0.053s] Invoking command in '/home/elias/catkin_ws/src/arena-rosnav-3D/src/build/aws_robomaker_small_warehouse_world': /usr/bin/cmake /home/elias/catkin_ws/src/arena-rosnav-3D/src/aws-robomaker-small-warehouse-world -DCATKIN_INSTALL_INTO_PREFIX_ROOT=0 -DCMAKE_INSTALL_PREFIX=/home/elias/catkin_ws/src/arena-rosnav-3D/src/install/aws_robomaker_small_warehouse_world
[0.146s] -- The C compiler identification is GNU 7.5.0
[0.239s] -- The CXX compiler identification is GNU 7.5.0
[0.247s] -- Check for working C compiler: /usr/bin/cc
[0.430s] -- Check for working C compiler: /usr/bin/cc -- works
[0.432s] -- Detecting C compiler ABI info
[0.653s] -- Detecting C compiler ABI info - done
[0.673s] -- Detecting C compile features
[1.104s] -- Detecting C compile features - done
[1.110s] -- Check for working CXX compiler: /usr/bin/c++
[1.233s] -- Check for working CXX compiler: /usr/bin/c++ -- works
[1.234s] -- Detecting CXX compiler ABI info
[1.370s] -- Detecting CXX compiler ABI info - done
[1.385s] -- Detecting CXX compile features
[2.128s] -- Detecting CXX compile features - done
[2.131s] -- Using CATKIN_DEVEL_PREFIX: /home/elias/catkin_ws/src/arena-rosnav-3D/src/build/aws_robomaker_small_warehouse_world/devel
[2.132s] -- Using CMAKE_PREFIX_PATH: /home/elias/catkin_ws/devel;/opt/ros/melodic
[2.132s] -- This workspace overlays: /home/elias/catkin_ws/devel;/opt/ros/melodic
[2.159s] -- Found PythonInterp: /usr/bin/python2 (found suitable version "2.7.17", minimum required is "2") 
[2.160s] -- Using PYTHON_EXECUTABLE: /usr/bin/python2
[2.161s] -- Using Debian Python package layout
[2.162s] -- Using empy: /usr/bin/empy
[2.393s] -- Using CATKIN_ENABLE_TESTING: ON
[2.393s] -- Call enable_testing()
[2.393s] -- Using CATKIN_TEST_RESULTS_DIR: /home/elias/catkin_ws/src/arena-rosnav-3D/src/build/aws_robomaker_small_warehouse_world/test_results
[2.425s] -- Found gtest sources under '/usr/src/googletest': gtests will be built
[2.425s] -- Found gmock sources under '/usr/src/googletest': gmock will be built
[2.448s] -- Found PythonInterp: /usr/bin/python2 (found version "2.7.17") 
[2.450s] -- Looking for pthread.h
[2.592s] -- Looking for pthread.h - found
[2.593s] -- Looking for pthread_create
[2.728s] -- Looking for pthread_create - not found
[2.729s] -- Looking for pthread_create in pthreads
[2.823s] -- Looking for pthread_create in pthreads - not found
[2.824s] -- Looking for pthread_create in pthread
[2.928s] -- Looking for pthread_create in pthread - found
[2.932s] -- Found Threads: TRUE  
[2.938s] -- Using Python nosetests: /usr/bin/nosetests-2.7
[3.005s] -- catkin 0.7.29
[3.006s] -- BUILD_SHARED_LIBS is on
[3.315s] -- Using these message generators: gencpp;geneus;genlisp;gennodejs;genpy
[3.666s] -- Configuring done
[3.717s] -- Generating done
[3.736s] -- Build files have been written to: /home/elias/catkin_ws/src/arena-rosnav-3D/src/build/aws_robomaker_small_warehouse_world
[3.748s] Invoked command in '/home/elias/catkin_ws/src/arena-rosnav-3D/src/build/aws_robomaker_small_warehouse_world' returned '0': /usr/bin/cmake /home/elias/catkin_ws/src/arena-rosnav-3D/src/aws-robomaker-small-warehouse-world -DCATKIN_INSTALL_INTO_PREFIX_ROOT=0 -DCMAKE_INSTALL_PREFIX=/home/elias/catkin_ws/src/arena-rosnav-3D/src/install/aws_robomaker_small_warehouse_world
[3.750s] Invoking command in '/home/elias/catkin_ws/src/arena-rosnav-3D/src/build/aws_robomaker_small_warehouse_world': /usr/bin/cmake --build /home/elias/catkin_ws/src/arena-rosnav-3D/src/build/aws_robomaker_small_warehouse_world -- -j4 -l4
[3.822s] Invoked command in '/home/elias/catkin_ws/src/arena-rosnav-3D/src/build/aws_robomaker_small_warehouse_world' returned '0': /usr/bin/cmake --build /home/elias/catkin_ws/src/arena-rosnav-3D/src/build/aws_robomaker_small_warehouse_world -- -j4 -l4
[3.963s] Invoking command in '/home/elias/catkin_ws/src/arena-rosnav-3D/src/build/aws_robomaker_small_warehouse_world': /usr/bin/cmake --build /home/elias/catkin_ws/src/arena-rosnav-3D/src/build/aws_robomaker_small_warehouse_world --target tests -- -j4 -l4
[4.051s] [35m[1mScanning dependencies of target tests[0m
[4.064s] Built target tests
[4.078s] Invoked command in '/home/elias/catkin_ws/src/arena-rosnav-3D/src/build/aws_robomaker_small_warehouse_world' returned '0': /usr/bin/cmake --build /home/elias/catkin_ws/src/arena-rosnav-3D/src/build/aws_robomaker_small_warehouse_world --target tests -- -j4 -l4
[4.234s] Invoking command in '/home/elias/catkin_ws/src/arena-rosnav-3D/src/build/aws_robomaker_small_warehouse_world': /usr/bin/cmake --build /home/elias/catkin_ws/src/arena-rosnav-3D/src/build/aws_robomaker_small_warehouse_world --target install -- -j4 -l4
[4.382s] [36mInstall the project...[0m
[4.393s] -- Install configuration: ""
[4.394s] -- Installing: /home/elias/catkin_ws/src/arena-rosnav-3D/src/install/aws_robomaker_small_warehouse_world/lib/pkgconfig/aws_robomaker_small_warehouse_world.pc
[4.394s] -- Installing: /home/elias/catkin_ws/src/arena-rosnav-3D/src/install/aws_robomaker_small_warehouse_world/share/aws_robomaker_small_warehouse_world/cmake/aws_robomaker_small_warehouse_worldConfig.cmake
[4.394s] -- Installing: /home/elias/catkin_ws/src/arena-rosnav-3D/src/install/aws_robomaker_small_warehouse_world/share/aws_robomaker_small_warehouse_world/cmake/aws_robomaker_small_warehouse_worldConfig-version.cmake
[4.395s] -- Installing: /home/elias/catkin_ws/src/arena-rosnav-3D/src/install/aws_robomaker_small_warehouse_world/share/aws_robomaker_small_warehouse_world/package.xml
[4.395s] -- Installing: /home/elias/catkin_ws/src/arena-rosnav-3D/src/install/aws_robomaker_small_warehouse_world/share/aws_robomaker_small_warehouse_world/launch
[4.395s] -- Installing: /home/elias/catkin_ws/src/arena-rosnav-3D/src/install/aws_robomaker_small_warehouse_world/share/aws_robomaker_small_warehouse_world/launch/view_small_warehouse.launch
[4.396s] -- Installing: /home/elias/catkin_ws/src/arena-rosnav-3D/src/install/aws_robomaker_small_warehouse_world/share/aws_robomaker_small_warehouse_world/launch/small_warehouse.launch
[4.396s] -- Installing: /home/elias/catkin_ws/src/arena-rosnav-3D/src/install/aws_robomaker_small_warehouse_world/share/aws_robomaker_small_warehouse_world/launch/no_roof_small_warehouse.launch
[4.396s] -- Installing: /home/elias/catkin_ws/src/arena-rosnav-3D/src/install/aws_robomaker_small_warehouse_world/share/aws_robomaker_small_warehouse_world/models
[4.396s] -- Installing: /home/elias/catkin_ws/src/arena-rosnav-3D/src/install/aws_robomaker_small_warehouse_world/share/aws_robomaker_small_warehouse_world/models/aws_robomaker_warehouse_ClutteringC_01
[4.396s] -- Installing: /home/elias/catkin_ws/src/arena-rosnav-3D/src/install/aws_robomaker_small_warehouse_world/share/aws_robomaker_small_warehouse_world/models/aws_robomaker_warehouse_ClutteringC_01/materials
[4.397s] -- Installing: /home/elias/catkin_ws/src/arena-rosnav-3D/src/install/aws_robomaker_small_warehouse_world/share/aws_robomaker_small_warehouse_world/models/aws_robomaker_warehouse_ClutteringC_01/materials/textures
[4.397s] -- Installing: /home/elias/catkin_ws/src/arena-rosnav-3D/src/install/aws_robomaker_small_warehouse_world/share/aws_robomaker_small_warehouse_world/models/aws_robomaker_warehouse_ClutteringC_01/materials/textures/aws_robomaker_warehouse_ClutteringC_01.png
[4.397s] -- Installing: /home/elias/catkin_ws/src/arena-rosnav-3D/src/install/aws_robomaker_small_warehouse_world/share/aws_robomaker_small_warehouse_world/models/aws_robomaker_warehouse_ClutteringC_01/materials/textures/aws_robomaker_warehouse_ClutteringC_02.png
[4.397s] -- Installing: /home/elias/catkin_ws/src/arena-rosnav-3D/src/install/aws_robomaker_small_warehouse_world/share/aws_robomaker_small_warehouse_world/models/aws_robomaker_warehouse_ClutteringC_01/model.sdf
[4.398s] -- Installing: /home/elias/catkin_ws/src/arena-rosnav-3D/src/install/aws_robomaker_small_warehouse_world/share/aws_robomaker_small_warehouse_world/models/aws_robomaker_warehouse_ClutteringC_01/model.config
[4.398s] -- Installing: /home/elias/catkin_ws/src/arena-rosnav-3D/src/install/aws_robomaker_small_warehouse_world/share/aws_robomaker_small_warehouse_world/models/aws_robomaker_warehouse_ClutteringC_01/meshes
[4.398s] -- Installing: /home/elias/catkin_ws/src/arena-rosnav-3D/src/install/aws_robomaker_small_warehouse_world/share/aws_robomaker_small_warehouse_world/models/aws_robomaker_warehouse_ClutteringC_01/meshes/aws_robomaker_warehouse_ClutteringC_01_visual.DAE
[4.398s] -- Installing: /home/elias/catkin_ws/src/arena-rosnav-3D/src/install/aws_robomaker_small_warehouse_world/share/aws_robomaker_small_warehouse_world/models/aws_robomaker_warehouse_ClutteringC_01/meshes/aws_robomaker_warehouse_ClutteringC_01_collision.DAE
[4.398s] -- Installing: /home/elias/catkin_ws/src/arena-rosnav-3D/src/install/aws_robomaker_small_warehouse_world/share/aws_robomaker_small_warehouse_world/models/aws_robomaker_warehouse_ClutteringA_01
[4.399s] -- Installing: /home/elias/catkin_ws/src/arena-rosnav-3D/src/install/aws_robomaker_small_warehouse_world/share/aws_robomaker_small_warehouse_world/models/aws_robomaker_warehouse_ClutteringA_01/.DS_Store
[4.399s] -- Installing: /home/elias/catkin_ws/src/arena-rosnav-3D/src/install/aws_robomaker_small_warehouse_world/share/aws_robomaker_small_warehouse_world/models/aws_robomaker_warehouse_ClutteringA_01/materials
[4.401s] -- Installing: /home/elias/catkin_ws/src/arena-rosnav-3D/src/install/aws_robomaker_small_warehouse_world/share/aws_robomaker_small_warehouse_world/models/aws_robomaker_warehouse_ClutteringA_01/materials/.DS_Store
[4.402s] -- Installing: /home/elias/catkin_ws/src/arena-rosnav-3D/src/install/aws_robomaker_small_warehouse_world/share/aws_robomaker_small_warehouse_world/models/aws_robomaker_warehouse_ClutteringA_01/materials/textures
[4.402s] -- Installing: /home/elias/catkin_ws/src/arena-rosnav-3D/src/install/aws_robomaker_small_warehouse_world/share/aws_robomaker_small_warehouse_world/models/aws_robomaker_warehouse_ClutteringA_01/materials/textures/.DS_Store
[4.402s] -- Installing: /home/elias/catkin_ws/src/arena-rosnav-3D/src/install/aws_robomaker_small_warehouse_world/share/aws_robomaker_small_warehouse_world/models/aws_robomaker_warehouse_ClutteringA_01/materials/textures/aws_robomaker_warehouse_ClutteringA_02.png
[4.402s] -- Installing: /home/elias/catkin_ws/src/arena-rosnav-3D/src/install/aws_robomaker_small_warehouse_world/share/aws_robomaker_small_warehouse_world/models/aws_robomaker_warehouse_ClutteringA_01/materials/textures/aws_robomaker_warehouse_ClutteringA_01.png
[4.403s] -- Installing: /home/elias/catkin_ws/src/arena-rosnav-3D/src/install/aws_robomaker_small_warehouse_world/share/aws_robomaker_small_warehouse_world/models/aws_robomaker_warehouse_ClutteringA_01/materials/textures/aws_robomaker_warehouse_ClutteringA_03.png
[4.403s] -- Installing: /home/elias/catkin_ws/src/arena-rosnav-3D/src/install/aws_robomaker_small_warehouse_world/share/aws_robomaker_small_warehouse_world/models/aws_robomaker_warehouse_ClutteringA_01/model.sdf
[4.403s] -- Installing: /home/elias/catkin_ws/src/arena-rosnav-3D/src/install/aws_robomaker_small_warehouse_world/share/aws_robomaker_small_warehouse_world/models/aws_robomaker_warehouse_ClutteringA_01/model.config
[4.403s] -- Installing: /home/elias/catkin_ws/src/arena-rosnav-3D/src/install/aws_robomaker_small_warehouse_world/share/aws_robomaker_small_warehouse_world/models/aws_robomaker_warehouse_ClutteringA_01/meshes
[4.403s] -- Installing: /home/elias/catkin_ws/src/arena-rosnav-3D/src/install/aws_robomaker_small_warehouse_world/share/aws_robomaker_small_warehouse_world/models/aws_robomaker_warehouse_ClutteringA_01/meshes/aws_robomaker_warehouse_ClutteringA_01_visual.DAE
[4.403s] -- Installing: /home/elias/catkin_ws/src/arena-rosnav-3D/src/install/aws_robomaker_small_warehouse_world/share/aws_robomaker_small_warehouse_world/models/aws_robomaker_warehouse_ClutteringA_01/meshes/aws_robomaker_warehouse_ClutteringA_01_collision.DAE
[4.404s] -- Installing: /home/elias/catkin_ws/src/arena-rosnav-3D/src/install/aws_robomaker_small_warehouse_world/share/aws_robomaker_small_warehouse_world/models/.DS_Store
[4.407s] -- Installing: /home/elias/catkin_ws/src/arena-rosnav-3D/src/install/aws_robomaker_small_warehouse_world/share/aws_robomaker_small_warehouse_world/models/aws_robomaker_warehouse_RoofB_01
[4.407s] -- Installing: /home/elias/catkin_ws/src/arena-rosnav-3D/src/install/aws_robomaker_small_warehouse_world/share/aws_robomaker_small_warehouse_world/models/aws_robomaker_warehouse_RoofB_01/materials
[4.407s] -- Installing: /home/elias/catkin_ws/src/arena-rosnav-3D/src/install/aws_robomaker_small_warehouse_world/share/aws_robomaker_small_warehouse_world/models/aws_robomaker_warehouse_RoofB_01/materials/textures
[4.408s] -- Installing: /home/elias/catkin_ws/src/arena-rosnav-3D/src/install/aws_robomaker_small_warehouse_world/share/aws_robomaker_small_warehouse_world/models/aws_robomaker_warehouse_RoofB_01/materials/textures/aws_robomaker_warehouse_RoofB_01.png
[4.408s] -- Installing: /home/elias/catkin_ws/src/arena-rosnav-3D/src/install/aws_robomaker_small_warehouse_world/share/aws_robomaker_small_warehouse_world/models/aws_robomaker_warehouse_RoofB_01/model.sdf
[4.408s] -- Installing: /home/elias/catkin_ws/src/arena-rosnav-3D/src/install/aws_robomaker_small_warehouse_world/share/aws_robomaker_small_warehouse_world/models/aws_robomaker_warehouse_RoofB_01/model.config
[4.408s] -- Installing: /home/elias/catkin_ws/src/arena-rosnav-3D/src/install/aws_robomaker_small_warehouse_world/share/aws_robomaker_small_warehouse_world/models/aws_robomaker_warehouse_RoofB_01/meshes
[4.408s] -- Installing: /home/elias/catkin_ws/src/arena-rosnav-3D/src/install/aws_robomaker_small_warehouse_world/share/aws_robomaker_small_warehouse_world/models/aws_robomaker_warehouse_RoofB_01/meshes/aws_robomaker_warehouse_RoofB_01_visual.DAE
[4.409s] -- Installing: /home/elias/catkin_ws/src/arena-rosnav-3D/src/install/aws_robomaker_small_warehouse_world/share/aws_robomaker_small_warehouse_world/models/aws_robomaker_warehouse_RoofB_01/meshes/aws_robomaker_warehouse_RoofB_01_collision.DAE
[4.409s] -- Installing: /home/elias/catkin_ws/src/arena-rosnav-3D/src/install/aws_robomaker_small_warehouse_world/share/aws_robomaker_small_warehouse_world/models/aws_robomaker_warehouse_GroundB_01
[4.409s] -- Installing: /home/elias/catkin_ws/src/arena-rosnav-3D/src/install/aws_robomaker_small_warehouse_world/share/aws_robomaker_small_warehouse_world/models/aws_robomaker_warehouse_GroundB_01/materials
[4.409s] -- Installing: /home/elias/catkin_ws/src/arena-rosnav-3D/src/install/aws_robomaker_small_warehouse_world/share/aws_robomaker_small_warehouse_world/models/aws_robomaker_warehouse_GroundB_01/materials/textures
[4.410s] -- Installing: /home/elias/catkin_ws/src/arena-rosnav-3D/src/install/aws_robomaker_small_warehouse_world/share/aws_robomaker_small_warehouse_world/models/aws_robomaker_warehouse_GroundB_01/materials/textures/aws_robomaker_warehouse_GroundB_01.png
[4.410s] -- Installing: /home/elias/catkin_ws/src/arena-rosnav-3D/src/install/aws_robomaker_small_warehouse_world/share/aws_robomaker_small_warehouse_world/models/aws_robomaker_warehouse_GroundB_01/materials/textures/aws_robomaker_warehouse_GroundB_02.png
[4.410s] -- Installing: /home/elias/catkin_ws/src/arena-rosnav-3D/src/install/aws_robomaker_small_warehouse_world/share/aws_robomaker_small_warehouse_world/models/aws_robomaker_warehouse_GroundB_01/model.sdf
[4.410s] -- Installing: /home/elias/catkin_ws/src/arena-rosnav-3D/src/install/aws_robomaker_small_warehouse_world/share/aws_robomaker_small_warehouse_world/models/aws_robomaker_warehouse_GroundB_01/model.config
[4.410s] -- Installing: /home/elias/catkin_ws/src/arena-rosnav-3D/src/install/aws_robomaker_small_warehouse_world/share/aws_robomaker_small_warehouse_world/models/aws_robomaker_warehouse_GroundB_01/meshes
[4.411s] -- Installing: /home/elias/catkin_ws/src/arena-rosnav-3D/src/install/aws_robomaker_small_warehouse_world/share/aws_robomaker_small_warehouse_world/models/aws_robomaker_warehouse_GroundB_01/meshes/aws_robomaker_warehouse_GroundB_01_visual.DAE
[4.412s] -- Installing: /home/elias/catkin_ws/src/arena-rosnav-3D/src/install/aws_robomaker_small_warehouse_world/share/aws_robomaker_small_warehouse_world/models/aws_robomaker_warehouse_GroundB_01/meshes/aws_robomaker_warehouse_GroundB_01_collision.DAE
[4.412s] -- Installing: /home/elias/catkin_ws/src/arena-rosnav-3D/src/install/aws_robomaker_small_warehouse_world/share/aws_robomaker_small_warehouse_world/models/aws_robomaker_warehouse_Bucket_01
[4.414s] -- Installing: /home/elias/catkin_ws/src/arena-rosnav-3D/src/install/aws_robomaker_small_warehouse_world/share/aws_robomaker_small_warehouse_world/models/aws_robomaker_warehouse_Bucket_01/.DS_Store
[4.414s] -- Installing: /home/elias/catkin_ws/src/arena-rosnav-3D/src/install/aws_robomaker_small_warehouse_world/share/aws_robomaker_small_warehouse_world/models/aws_robomaker_warehouse_Bucket_01/materials
[4.414s] -- Installing: /home/elias/catkin_ws/src/arena-rosnav-3D/src/install/aws_robomaker_small_warehouse_world/share/aws_robomaker_small_warehouse_world/models/aws_robomaker_warehouse_Bucket_01/materials/.DS_Store
[4.414s] -- Installing: /home/elias/catkin_ws/src/arena-rosnav-3D/src/install/aws_robomaker_small_warehouse_world/share/aws_robomaker_small_warehouse_world/models/aws_robomaker_warehouse_Bucket_01/materials/textures
[4.414s] -- Installing: /home/elias/catkin_ws/src/arena-rosnav-3D/src/install/aws_robomaker_small_warehouse_world/share/aws_robomaker_small_warehouse_world/models/aws_robomaker_warehouse_Bucket_01/materials/textures/aws_robomaker_warehouse_Bucket_01.png
[4.415s] -- Installing: /home/elias/catkin_ws/src/arena-rosnav-3D/src/install/aws_robomaker_small_warehouse_world/share/aws_robomaker_small_warehouse_world/models/aws_robomaker_warehouse_Bucket_01/model.sdf
[4.415s] -- Installing: /home/elias/catkin_ws/src/arena-rosnav-3D/src/install/aws_robomaker_small_warehouse_world/share/aws_robomaker_small_warehouse_world/models/aws_robomaker_warehouse_Bucket_01/model.config
[4.415s] -- Installing: /home/elias/catkin_ws/src/arena-rosnav-3D/src/install/aws_robomaker_small_warehouse_world/share/aws_robomaker_small_warehouse_world/models/aws_robomaker_warehouse_Bucket_01/meshes
[4.415s] -- Installing: /home/elias/catkin_ws/src/arena-rosnav-3D/src/install/aws_robomaker_small_warehouse_world/share/aws_robomaker_small_warehouse_world/models/aws_robomaker_warehouse_Bucket_01/meshes/aws_robomaker_warehouse_Bucket_01_collision.DAE
[4.415s] -- Installing: /home/elias/catkin_ws/src/arena-rosnav-3D/src/install/aws_robomaker_small_warehouse_world/share/aws_robomaker_small_warehouse_world/models/aws_robomaker_warehouse_Bucket_01/meshes/aws_robomaker_warehouse_Bucket_01_visual.DAE
[4.416s] -- Installing: /home/elias/catkin_ws/src/arena-rosnav-3D/src/install/aws_robomaker_small_warehouse_world/share/aws_robomaker_small_warehouse_world/models/aws_robomaker_warehouse_ClutteringD_01
[4.416s] -- Installing: /home/elias/catkin_ws/src/arena-rosnav-3D/src/install/aws_robomaker_small_warehouse_world/share/aws_robomaker_small_warehouse_world/models/aws_robomaker_warehouse_ClutteringD_01/materials
[4.416s] -- Installing: /home/elias/catkin_ws/src/arena-rosnav-3D/src/install/aws_robomaker_small_warehouse_world/share/aws_robomaker_small_warehouse_world/models/aws_robomaker_warehouse_ClutteringD_01/materials/textures
[4.416s] -- Installing: /home/elias/catkin_ws/src/arena-rosnav-3D/src/install/aws_robomaker_small_warehouse_world/share/aws_robomaker_small_warehouse_world/models/aws_robomaker_warehouse_ClutteringD_01/materials/textures/aws_robomaker_warehouse_ClutteringD_01.png
[4.416s] -- Installing: /home/elias/catkin_ws/src/arena-rosnav-3D/src/install/aws_robomaker_small_warehouse_world/share/aws_robomaker_small_warehouse_world/models/aws_robomaker_warehouse_ClutteringD_01/materials/textures/aws_robomaker_warehouse_ClutteringD_02.png
[4.417s] -- Installing: /home/elias/catkin_ws/src/arena-rosnav-3D/src/install/aws_robomaker_small_warehouse_world/share/aws_robomaker_small_warehouse_world/models/aws_robomaker_warehouse_ClutteringD_01/model.sdf
[4.417s] -- Installing: /home/elias/catkin_ws/src/arena-rosnav-3D/src/install/aws_robomaker_small_warehouse_world/share/aws_robomaker_small_warehouse_world/models/aws_robomaker_warehouse_ClutteringD_01/model.config
[4.417s] -- Installing: /home/elias/catkin_ws/src/arena-rosnav-3D/src/install/aws_robomaker_small_warehouse_world/share/aws_robomaker_small_warehouse_world/models/aws_robomaker_warehouse_ClutteringD_01/meshes
[4.417s] -- Installing: /home/elias/catkin_ws/src/arena-rosnav-3D/src/install/aws_robomaker_small_warehouse_world/share/aws_robomaker_small_warehouse_world/models/aws_robomaker_warehouse_ClutteringD_01/meshes/aws_robomaker_warehouse_ClutteringD_01_visual.DAE
[4.417s] -- Installing: /home/elias/catkin_ws/src/arena-rosnav-3D/src/install/aws_robomaker_small_warehouse_world/share/aws_robomaker_small_warehouse_world/models/aws_robomaker_warehouse_ClutteringD_01/meshes/aws_robomaker_warehouse_ClutteringD_01_collision.DAE
[4.418s] -- Installing: /home/elias/catkin_ws/src/arena-rosnav-3D/src/install/aws_robomaker_small_warehouse_world/share/aws_robomaker_small_warehouse_world/models/aws_robomaker_warehouse_ShelfF_01
[4.418s] -- Installing: /home/elias/catkin_ws/src/arena-rosnav-3D/src/install/aws_robomaker_small_warehouse_world/share/aws_robomaker_small_warehouse_world/models/aws_robomaker_warehouse_ShelfF_01/materials
[4.419s] -- Installing: /home/elias/catkin_ws/src/arena-rosnav-3D/src/install/aws_robomaker_small_warehouse_world/share/aws_robomaker_small_warehouse_world/models/aws_robomaker_warehouse_ShelfF_01/materials/textures
[4.419s] -- Installing: /home/elias/catkin_ws/src/arena-rosnav-3D/src/install/aws_robomaker_small_warehouse_world/share/aws_robomaker_small_warehouse_world/models/aws_robomaker_warehouse_ShelfF_01/materials/textures/aws_robomaker_warehouse_ShelfF_01.png
[4.419s] -- Installing: /home/elias/catkin_ws/src/arena-rosnav-3D/src/install/aws_robomaker_small_warehouse_world/share/aws_robomaker_small_warehouse_world/models/aws_robomaker_warehouse_ShelfF_01/materials/textures/aws_robomaker_warehouse_ShelfF_02.png
[4.420s] -- Installing: /home/elias/catkin_ws/src/arena-rosnav-3D/src/install/aws_robomaker_small_warehouse_world/share/aws_robomaker_small_warehouse_world/models/aws_robomaker_warehouse_ShelfF_01/materials/textures/aws_robomaker_warehouse_ShelfF_03.png
[4.420s] -- Installing: /home/elias/catkin_ws/src/arena-rosnav-3D/src/install/aws_robomaker_small_warehouse_world/share/aws_robomaker_small_warehouse_world/models/aws_robomaker_warehouse_ShelfF_01/model.sdf
[4.420s] -- Installing: /home/elias/catkin_ws/src/arena-rosnav-3D/src/install/aws_robomaker_small_warehouse_world/share/aws_robomaker_small_warehouse_world/models/aws_robomaker_warehouse_ShelfF_01/model.config
[4.420s] -- Installing: /home/elias/catkin_ws/src/arena-rosnav-3D/src/install/aws_robomaker_small_warehouse_world/share/aws_robomaker_small_warehouse_world/models/aws_robomaker_warehouse_ShelfF_01/meshes
[4.421s] -- Installing: /home/elias/catkin_ws/src/arena-rosnav-3D/src/install/aws_robomaker_small_warehouse_world/share/aws_robomaker_small_warehouse_world/models/aws_robomaker_warehouse_ShelfF_01/meshes/aws_robomaker_warehouse_ShelfF_01_visual.DAE
[4.421s] -- Installing: /home/elias/catkin_ws/src/arena-rosnav-3D/src/install/aws_robomaker_small_warehouse_world/share/aws_robomaker_small_warehouse_world/models/aws_robomaker_warehouse_ShelfF_01/meshes/aws_robomaker_warehouse_ShelfF_01_collision.DAE
[4.422s] -- Installing: /home/elias/catkin_ws/src/arena-rosnav-3D/src/install/aws_robomaker_small_warehouse_world/share/aws_robomaker_small_warehouse_world/models/aws_robomaker_warehouse_Lamp_01
[4.422s] -- Installing: /home/elias/catkin_ws/src/arena-rosnav-3D/src/install/aws_robomaker_small_warehouse_world/share/aws_robomaker_small_warehouse_world/models/aws_robomaker_warehouse_Lamp_01/materials
[4.423s] -- Installing: /home/elias/catkin_ws/src/arena-rosnav-3D/src/install/aws_robomaker_small_warehouse_world/share/aws_robomaker_small_warehouse_world/models/aws_robomaker_warehouse_Lamp_01/materials/textures
[4.423s] -- Installing: /home/elias/catkin_ws/src/arena-rosnav-3D/src/install/aws_robomaker_small_warehouse_world/share/aws_robomaker_small_warehouse_world/models/aws_robomaker_warehouse_Lamp_01/materials/textures/aws_robomaker_warehouse_Lamp_01.png
[4.423s] -- Installing: /home/elias/catkin_ws/src/arena-rosnav-3D/src/install/aws_robomaker_small_warehouse_world/share/aws_robomaker_small_warehouse_world/models/aws_robomaker_warehouse_Lamp_01/model.sdf
[4.424s] -- Installing: /home/elias/catkin_ws/src/arena-rosnav-3D/src/install/aws_robomaker_small_warehouse_world/share/aws_robomaker_small_warehouse_world/models/aws_robomaker_warehouse_Lamp_01/model.config
[4.424s] -- Installing: /home/elias/catkin_ws/src/arena-rosnav-3D/src/install/aws_robomaker_small_warehouse_world/share/aws_robomaker_small_warehouse_world/models/aws_robomaker_warehouse_Lamp_01/meshes
[4.424s] -- Installing: /home/elias/catkin_ws/src/arena-rosnav-3D/src/install/aws_robomaker_small_warehouse_world/share/aws_robomaker_small_warehouse_world/models/aws_robomaker_warehouse_Lamp_01/meshes/aws_robomaker_warehouse_Lamp_01_visual.DAE
[4.425s] -- Installing: /home/elias/catkin_ws/src/arena-rosnav-3D/src/install/aws_robomaker_small_warehouse_world/share/aws_robomaker_small_warehouse_world/models/aws_robomaker_warehouse_Lamp_01/meshes/aws_robomaker_warehouse_Lamp_01_collision.DAE
[4.425s] -- Installing: /home/elias/catkin_ws/src/arena-rosnav-3D/src/install/aws_robomaker_small_warehouse_world/share/aws_robomaker_small_warehouse_world/models/aws_robomaker_warehouse_ShelfE_01
[4.425s] -- Installing: /home/elias/catkin_ws/src/arena-rosnav-3D/src/install/aws_robomaker_small_warehouse_world/share/aws_robomaker_small_warehouse_world/models/aws_robomaker_warehouse_ShelfE_01/.DS_Store
[4.425s] -- Installing: /home/elias/catkin_ws/src/arena-rosnav-3D/src/install/aws_robomaker_small_warehouse_world/share/aws_robomaker_small_warehouse_world/models/aws_robomaker_warehouse_ShelfE_01/materials
[4.426s] -- Installing: /home/elias/catkin_ws/src/arena-rosnav-3D/src/install/aws_robomaker_small_warehouse_world/share/aws_robomaker_small_warehouse_world/models/aws_robomaker_warehouse_ShelfE_01/materials/.DS_Store
[4.426s] -- Installing: /home/elias/catkin_ws/src/arena-rosnav-3D/src/install/aws_robomaker_small_warehouse_world/share/aws_robomaker_small_warehouse_world/models/aws_robomaker_warehouse_ShelfE_01/materials/textures
[4.426s] -- Installing: /home/elias/catkin_ws/src/arena-rosnav-3D/src/install/aws_robomaker_small_warehouse_world/share/aws_robomaker_small_warehouse_world/models/aws_robomaker_warehouse_ShelfE_01/materials/textures/aws_robomaker_warehouse_ShelfE_04.png
[4.426s] -- Installing: /home/elias/catkin_ws/src/arena-rosnav-3D/src/install/aws_robomaker_small_warehouse_world/share/aws_robomaker_small_warehouse_world/models/aws_robomaker_warehouse_ShelfE_01/materials/textures/aws_robomaker_warehouse_ShelfE_03.png
[4.426s] -- Installing: /home/elias/catkin_ws/src/arena-rosnav-3D/src/install/aws_robomaker_small_warehouse_world/share/aws_robomaker_small_warehouse_world/models/aws_robomaker_warehouse_ShelfE_01/materials/textures/aws_robomaker_warehouse_ShelfE_02.png
[4.427s] -- Installing: /home/elias/catkin_ws/src/arena-rosnav-3D/src/install/aws_robomaker_small_warehouse_world/share/aws_robomaker_small_warehouse_world/models/aws_robomaker_warehouse_ShelfE_01/materials/textures/aws_robomaker_warehouse_ShelfE_01.png
[4.427s] -- Installing: /home/elias/catkin_ws/src/arena-rosnav-3D/src/install/aws_robomaker_small_warehouse_world/share/aws_robomaker_small_warehouse_world/models/aws_robomaker_warehouse_ShelfE_01/model.sdf
[4.427s] -- Installing: /home/elias/catkin_ws/src/arena-rosnav-3D/src/install/aws_robomaker_small_warehouse_world/share/aws_robomaker_small_warehouse_world/models/aws_robomaker_warehouse_ShelfE_01/model.config
[4.427s] -- Installing: /home/elias/catkin_ws/src/arena-rosnav-3D/src/install/aws_robomaker_small_warehouse_world/share/aws_robomaker_small_warehouse_world/models/aws_robomaker_warehouse_ShelfE_01/meshes
[4.427s] -- Installing: /home/elias/catkin_ws/src/arena-rosnav-3D/src/install/aws_robomaker_small_warehouse_world/share/aws_robomaker_small_warehouse_world/models/aws_robomaker_warehouse_ShelfE_01/meshes/aws_robomaker_warehouse_ShelfE_01_visual.DAE
[4.428s] -- Installing: /home/elias/catkin_ws/src/arena-rosnav-3D/src/install/aws_robomaker_small_warehouse_world/share/aws_robomaker_small_warehouse_world/models/aws_robomaker_warehouse_ShelfE_01/meshes/aws_robomaker_warehouse_ShelfE_01_collision.DAE
[4.428s] -- Installing: /home/elias/catkin_ws/src/arena-rosnav-3D/src/install/aws_robomaker_small_warehouse_world/share/aws_robomaker_small_warehouse_world/models/aws_robomaker_warehouse_DeskC_01
[4.428s] -- Installing: /home/elias/catkin_ws/src/arena-rosnav-3D/src/install/aws_robomaker_small_warehouse_world/share/aws_robomaker_small_warehouse_world/models/aws_robomaker_warehouse_DeskC_01/materials
[4.428s] -- Installing: /home/elias/catkin_ws/src/arena-rosnav-3D/src/install/aws_robomaker_small_warehouse_world/share/aws_robomaker_small_warehouse_world/models/aws_robomaker_warehouse_DeskC_01/materials/.DS_Store
[4.428s] -- Installing: /home/elias/catkin_ws/src/arena-rosnav-3D/src/install/aws_robomaker_small_warehouse_world/share/aws_robomaker_small_warehouse_world/models/aws_robomaker_warehouse_DeskC_01/materials/textures
[4.429s] -- Installing: /home/elias/catkin_ws/src/arena-rosnav-3D/src/install/aws_robomaker_small_warehouse_world/share/aws_robomaker_small_warehouse_world/models/aws_robomaker_warehouse_DeskC_01/materials/textures/aws_robomaker_warehouse_DeskC_03.png
[4.429s] -- Installing: /home/elias/catkin_ws/src/arena-rosnav-3D/src/install/aws_robomaker_small_warehouse_world/share/aws_robomaker_small_warehouse_world/models/aws_robomaker_warehouse_DeskC_01/materials/textures/aws_robomaker_warehouse_DeskC_04.png
[4.429s] -- Installing: /home/elias/catkin_ws/src/arena-rosnav-3D/src/install/aws_robomaker_small_warehouse_world/share/aws_robomaker_small_warehouse_world/models/aws_robomaker_warehouse_DeskC_01/materials/textures/aws_robomaker_warehouse_DeskC_02.png
[4.429s] -- Installing: /home/elias/catkin_ws/src/arena-rosnav-3D/src/install/aws_robomaker_small_warehouse_world/share/aws_robomaker_small_warehouse_world/models/aws_robomaker_warehouse_DeskC_01/materials/textures/aws_robomaker_warehouse_DeskC_03.psd
[4.429s] -- Installing: /home/elias/catkin_ws/src/arena-rosnav-3D/src/install/aws_robomaker_small_warehouse_world/share/aws_robomaker_small_warehouse_world/models/aws_robomaker_warehouse_DeskC_01/materials/textures/aws_robomaker_warehouse_DeskC_01.png
[4.430s] -- Installing: /home/elias/catkin_ws/src/arena-rosnav-3D/src/install/aws_robomaker_small_warehouse_world/share/aws_robomaker_small_warehouse_world/models/aws_robomaker_warehouse_DeskC_01/model.sdf
[4.431s] -- Installing: /home/elias/catkin_ws/src/arena-rosnav-3D/src/install/aws_robomaker_small_warehouse_world/share/aws_robomaker_small_warehouse_world/models/aws_robomaker_warehouse_DeskC_01/model.config
[4.431s] -- Installing: /home/elias/catkin_ws/src/arena-rosnav-3D/src/install/aws_robomaker_small_warehouse_world/share/aws_robomaker_small_warehouse_world/models/aws_robomaker_warehouse_DeskC_01/meshes
[4.431s] -- Installing: /home/elias/catkin_ws/src/arena-rosnav-3D/src/install/aws_robomaker_small_warehouse_world/share/aws_robomaker_small_warehouse_world/models/aws_robomaker_warehouse_DeskC_01/meshes/aws_robomaker_warehouse_DeskC_01_collision.DAE
[4.432s] -- Installing: /home/elias/catkin_ws/src/arena-rosnav-3D/src/install/aws_robomaker_small_warehouse_world/share/aws_robomaker_small_warehouse_world/models/aws_robomaker_warehouse_DeskC_01/meshes/aws_robomaker_warehouse_DeskC_01_visual.DAE
[4.432s] -- Installing: /home/elias/catkin_ws/src/arena-rosnav-3D/src/install/aws_robomaker_small_warehouse_world/share/aws_robomaker_small_warehouse_world/models/aws_robomaker_warehouse_TrashCanC_01
[4.432s] -- Installing: /home/elias/catkin_ws/src/arena-rosnav-3D/src/install/aws_robomaker_small_warehouse_world/share/aws_robomaker_small_warehouse_world/models/aws_robomaker_warehouse_TrashCanC_01/materials
[4.433s] -- Installing: /home/elias/catkin_ws/src/arena-rosnav-3D/src/install/aws_robomaker_small_warehouse_world/share/aws_robomaker_small_warehouse_world/models/aws_robomaker_warehouse_TrashCanC_01/materials/textures
[4.433s] -- Installing: /home/elias/catkin_ws/src/arena-rosnav-3D/src/install/aws_robomaker_small_warehouse_world/share/aws_robomaker_small_warehouse_world/models/aws_robomaker_warehouse_TrashCanC_01/materials/textures/aws_robomaker_warehouse_TrashCanC_01.png
[4.433s] -- Installing: /home/elias/catkin_ws/src/arena-rosnav-3D/src/install/aws_robomaker_small_warehouse_world/share/aws_robomaker_small_warehouse_world/models/aws_robomaker_warehouse_TrashCanC_01/model.sdf
[4.433s] -- Installing: /home/elias/catkin_ws/src/arena-rosnav-3D/src/install/aws_robomaker_small_warehouse_world/share/aws_robomaker_small_warehouse_world/models/aws_robomaker_warehouse_TrashCanC_01/model.config
[4.433s] -- Installing: /home/elias/catkin_ws/src/arena-rosnav-3D/src/install/aws_robomaker_small_warehouse_world/share/aws_robomaker_small_warehouse_world/models/aws_robomaker_warehouse_TrashCanC_01/meshes
[4.434s] -- Installing: /home/elias/catkin_ws/src/arena-rosnav-3D/src/install/aws_robomaker_small_warehouse_world/share/aws_robomaker_small_warehouse_world/models/aws_robomaker_warehouse_TrashCanC_01/meshes/aws_robomaker_warehouse_TrashCanC_01_collision.DAE
[4.434s] -- Installing: /home/elias/catkin_ws/src/arena-rosnav-3D/src/install/aws_robomaker_small_warehouse_world/share/aws_robomaker_small_warehouse_world/models/aws_robomaker_warehouse_TrashCanC_01/meshes/aws_robomaker_warehouse_TrashCanC_01_visual.DAE
[4.434s] -- Installing: /home/elias/catkin_ws/src/arena-rosnav-3D/src/install/aws_robomaker_small_warehouse_world/share/aws_robomaker_small_warehouse_world/models/aws_robomaker_warehouse_WallB_01
[4.434s] -- Installing: /home/elias/catkin_ws/src/arena-rosnav-3D/src/install/aws_robomaker_small_warehouse_world/share/aws_robomaker_small_warehouse_world/models/aws_robomaker_warehouse_WallB_01/materials
[4.434s] -- Installing: /home/elias/catkin_ws/src/arena-rosnav-3D/src/install/aws_robomaker_small_warehouse_world/share/aws_robomaker_small_warehouse_world/models/aws_robomaker_warehouse_WallB_01/materials/textures
[4.435s] -- Installing: /home/elias/catkin_ws/src/arena-rosnav-3D/src/install/aws_robomaker_small_warehouse_world/share/aws_robomaker_small_warehouse_world/models/aws_robomaker_warehouse_WallB_01/materials/textures/aws_robomaker_warehouse_WallB_01.png
[4.435s] -- Installing: /home/elias/catkin_ws/src/arena-rosnav-3D/src/install/aws_robomaker_small_warehouse_world/share/aws_robomaker_small_warehouse_world/models/aws_robomaker_warehouse_WallB_01/model.sdf
[4.435s] -- Installing: /home/elias/catkin_ws/src/arena-rosnav-3D/src/install/aws_robomaker_small_warehouse_world/share/aws_robomaker_small_warehouse_world/models/aws_robomaker_warehouse_WallB_01/model.config
[4.435s] -- Installing: /home/elias/catkin_ws/src/arena-rosnav-3D/src/install/aws_robomaker_small_warehouse_world/share/aws_robomaker_small_warehouse_world/models/aws_robomaker_warehouse_WallB_01/meshes
[4.435s] -- Installing: /home/elias/catkin_ws/src/arena-rosnav-3D/src/install/aws_robomaker_small_warehouse_world/share/aws_robomaker_small_warehouse_world/models/aws_robomaker_warehouse_WallB_01/meshes/aws_robomaker_warehouse_WallB_01_visual.DAE
[4.435s] -- Installing: /home/elias/catkin_ws/src/arena-rosnav-3D/src/install/aws_robomaker_small_warehouse_world/share/aws_robomaker_small_warehouse_world/models/aws_robomaker_warehouse_WallB_01/meshes/aws_robomaker_warehouse_WallB_01_collision.DAE
[4.435s] -- Installing: /home/elias/catkin_ws/src/arena-rosnav-3D/src/install/aws_robomaker_small_warehouse_world/share/aws_robomaker_small_warehouse_world/models/aws_robomaker_warehouse_PalletJackB_01
[4.436s] -- Installing: /home/elias/catkin_ws/src/arena-rosnav-3D/src/install/aws_robomaker_small_warehouse_world/share/aws_robomaker_small_warehouse_world/models/aws_robomaker_warehouse_PalletJackB_01/.DS_Store
[4.436s] -- Installing: /home/elias/catkin_ws/src/arena-rosnav-3D/src/install/aws_robomaker_small_warehouse_world/share/aws_robomaker_small_warehouse_world/models/aws_robomaker_warehouse_PalletJackB_01/materials
[4.436s] -- Installing: /home/elias/catkin_ws/src/arena-rosnav-3D/src/install/aws_robomaker_small_warehouse_world/share/aws_robomaker_small_warehouse_world/models/aws_robomaker_warehouse_PalletJackB_01/materials/.DS_Store
[4.436s] -- Installing: /home/elias/catkin_ws/src/arena-rosnav-3D/src/install/aws_robomaker_small_warehouse_world/share/aws_robomaker_small_warehouse_world/models/aws_robomaker_warehouse_PalletJackB_01/materials/textures
[4.436s] -- Installing: /home/elias/catkin_ws/src/arena-rosnav-3D/src/install/aws_robomaker_small_warehouse_world/share/aws_robomaker_small_warehouse_world/models/aws_robomaker_warehouse_PalletJackB_01/materials/textures/aws_robomaker_warehouse_PalletJackB_01.png
[4.437s] -- Installing: /home/elias/catkin_ws/src/arena-rosnav-3D/src/install/aws_robomaker_small_warehouse_world/share/aws_robomaker_small_warehouse_world/models/aws_robomaker_warehouse_PalletJackB_01/materials/textures/aws_robomaker_warehouse_PalletJackB_02.png
[4.437s] -- Installing: /home/elias/catkin_ws/src/arena-rosnav-3D/src/install/aws_robomaker_small_warehouse_world/share/aws_robomaker_small_warehouse_world/models/aws_robomaker_warehouse_PalletJackB_01/model.sdf
[4.437s] -- Installing: /home/elias/catkin_ws/src/arena-rosnav-3D/src/install/aws_robomaker_small_warehouse_world/share/aws_robomaker_small_warehouse_world/models/aws_robomaker_warehouse_PalletJackB_01/model.config
[4.437s] -- Installing: /home/elias/catkin_ws/src/arena-rosnav-3D/src/install/aws_robomaker_small_warehouse_world/share/aws_robomaker_small_warehouse_world/models/aws_robomaker_warehouse_PalletJackB_01/meshes
[4.437s] -- Installing: /home/elias/catkin_ws/src/arena-rosnav-3D/src/install/aws_robomaker_small_warehouse_world/share/aws_robomaker_small_warehouse_world/models/aws_robomaker_warehouse_PalletJackB_01/meshes/aws_robomaker_warehouse_PalletJackB_01_collision.DAE
[4.438s] -- Installing: /home/elias/catkin_ws/src/arena-rosnav-3D/src/install/aws_robomaker_small_warehouse_world/share/aws_robomaker_small_warehouse_world/models/aws_robomaker_warehouse_PalletJackB_01/meshes/aws_robomaker_warehouse_PalletJackB_01_visual.DAE
[4.439s] -- Installing: /home/elias/catkin_ws/src/arena-rosnav-3D/src/install/aws_robomaker_small_warehouse_world/share/aws_robomaker_small_warehouse_world/models/aws_robomaker_warehouse_ShelfD_01
[4.439s] -- Installing: /home/elias/catkin_ws/src/arena-rosnav-3D/src/install/aws_robomaker_small_warehouse_world/share/aws_robomaker_small_warehouse_world/models/aws_robomaker_warehouse_ShelfD_01/materials
[4.439s] -- Installing: /home/elias/catkin_ws/src/arena-rosnav-3D/src/install/aws_robomaker_small_warehouse_world/share/aws_robomaker_small_warehouse_world/models/aws_robomaker_warehouse_ShelfD_01/materials/textures
[4.439s] -- Installing: /home/elias/catkin_ws/src/arena-rosnav-3D/src/install/aws_robomaker_small_warehouse_world/share/aws_robomaker_small_warehouse_world/models/aws_robomaker_warehouse_ShelfD_01/materials/textures/aws_robomaker_warehouse_ShelfD_02.png
[4.440s] -- Installing: /home/elias/catkin_ws/src/arena-rosnav-3D/src/install/aws_robomaker_small_warehouse_world/share/aws_robomaker_small_warehouse_world/models/aws_robomaker_warehouse_ShelfD_01/materials/textures/aws_robomaker_warehouse_ShelfD_01.png
[4.440s] -- Installing: /home/elias/catkin_ws/src/arena-rosnav-3D/src/install/aws_robomaker_small_warehouse_world/share/aws_robomaker_small_warehouse_world/models/aws_robomaker_warehouse_ShelfD_01/materials/textures/aws_robomaker_warehouse_ShelfD_03.png
[4.440s] -- Installing: /home/elias/catkin_ws/src/arena-rosnav-3D/src/install/aws_robomaker_small_warehouse_world/share/aws_robomaker_small_warehouse_world/models/aws_robomaker_warehouse_ShelfD_01/materials/textures/aws_robomaker_warehouse_ShelfD_04.png
[4.441s] -- Installing: /home/elias/catkin_ws/src/arena-rosnav-3D/src/install/aws_robomaker_small_warehouse_world/share/aws_robomaker_small_warehouse_world/models/aws_robomaker_warehouse_ShelfD_01/model.sdf
[4.441s] -- Installing: /home/elias/catkin_ws/src/arena-rosnav-3D/src/install/aws_robomaker_small_warehouse_world/share/aws_robomaker_small_warehouse_world/models/aws_robomaker_warehouse_ShelfD_01/model.config
[4.441s] -- Installing: /home/elias/catkin_ws/src/arena-rosnav-3D/src/install/aws_robomaker_small_warehouse_world/share/aws_robomaker_small_warehouse_world/models/aws_robomaker_warehouse_ShelfD_01/meshes
[4.441s] -- Installing: /home/elias/catkin_ws/src/arena-rosnav-3D/src/install/aws_robomaker_small_warehouse_world/share/aws_robomaker_small_warehouse_world/models/aws_robomaker_warehouse_ShelfD_01/meshes/aws_robomaker_warehouse_ShelfD_01_visual.DAE
[4.442s] -- Installing: /home/elias/catkin_ws/src/arena-rosnav-3D/src/install/aws_robomaker_small_warehouse_world/share/aws_robomaker_small_warehouse_world/models/aws_robomaker_warehouse_ShelfD_01/meshes/aws_robomaker_warehouse_ShelfD_01_collision.DAE
[4.442s] -- Installing: /home/elias/catkin_ws/src/arena-rosnav-3D/src/install/aws_robomaker_small_warehouse_world/share/aws_robomaker_small_warehouse_world/worlds
[4.442s] -- Installing: /home/elias/catkin_ws/src/arena-rosnav-3D/src/install/aws_robomaker_small_warehouse_world/share/aws_robomaker_small_warehouse_world/worlds/no_roof_small_warehouse.world
[4.442s] -- Installing: /home/elias/catkin_ws/src/arena-rosnav-3D/src/install/aws_robomaker_small_warehouse_world/share/aws_robomaker_small_warehouse_world/worlds/small_warehouse.world
[4.443s] -- Installing: /home/elias/catkin_ws/src/arena-rosnav-3D/src/install/aws_robomaker_small_warehouse_world/share/aws_robomaker_small_warehouse_world/maps
[4.443s] -- Installing: /home/elias/catkin_ws/src/arena-rosnav-3D/src/install/aws_robomaker_small_warehouse_world/share/aws_robomaker_small_warehouse_world/maps/005
[4.443s] -- Installing: /home/elias/catkin_ws/src/arena-rosnav-3D/src/install/aws_robomaker_small_warehouse_world/share/aws_robomaker_small_warehouse_world/maps/005/map.pgm
[4.443s] -- Installing: /home/elias/catkin_ws/src/arena-rosnav-3D/src/install/aws_robomaker_small_warehouse_world/share/aws_robomaker_small_warehouse_world/maps/005/map_rotated.png
[4.443s] -- Installing: /home/elias/catkin_ws/src/arena-rosnav-3D/src/install/aws_robomaker_small_warehouse_world/share/aws_robomaker_small_warehouse_world/maps/005/map_rotated.pgm
[4.444s] -- Installing: /home/elias/catkin_ws/src/arena-rosnav-3D/src/install/aws_robomaker_small_warehouse_world/share/aws_robomaker_small_warehouse_world/maps/005/map.yaml
[4.444s] -- Installing: /home/elias/catkin_ws/src/arena-rosnav-3D/src/install/aws_robomaker_small_warehouse_world/share/aws_robomaker_small_warehouse_world/maps/.DS_Store
[4.444s] -- Installing: /home/elias/catkin_ws/src/arena-rosnav-3D/src/install/aws_robomaker_small_warehouse_world/share/aws_robomaker_small_warehouse_world/maps/002
[4.444s] -- Installing: /home/elias/catkin_ws/src/arena-rosnav-3D/src/install/aws_robomaker_small_warehouse_world/share/aws_robomaker_small_warehouse_world/maps/002/map.pgm
[4.448s] -- Installing: /home/elias/catkin_ws/src/arena-rosnav-3D/src/install/aws_robomaker_small_warehouse_world/share/aws_robomaker_small_warehouse_world/maps/002/map.yaml
[4.448s] -- Installing: /home/elias/catkin_ws/src/arena-rosnav-3D/src/install/aws_robomaker_small_warehouse_world/share/aws_robomaker_small_warehouse_world/rviz
[4.448s] -- Installing: /home/elias/catkin_ws/src/arena-rosnav-3D/src/install/aws_robomaker_small_warehouse_world/share/aws_robomaker_small_warehouse_world/rviz/basic_data.rviz
[4.454s] Invoked command in '/home/elias/catkin_ws/src/arena-rosnav-3D/src/build/aws_robomaker_small_warehouse_world' returned '0': /usr/bin/cmake --build /home/elias/catkin_ws/src/arena-rosnav-3D/src/build/aws_robomaker_small_warehouse_world --target install -- -j4 -l4
