-- The C compiler identification is GNU 7.5.0
-- The CXX compiler identification is GNU 7.5.0
-- Check for working C compiler: /usr/bin/cc
-- Check for working C compiler: /usr/bin/cc -- works
-- Detecting C compiler ABI info
-- Detecting C compiler ABI info - done
-- Detecting C compile features
-- Detecting C compile features - done
-- Check for working CXX compiler: /usr/bin/c++
-- Check for working CXX compiler: /usr/bin/c++ -- works
-- Detecting CXX compiler ABI info
-- Detecting CXX compiler ABI info - done
-- Detecting CXX compile features
-- Detecting CXX compile features - done
-- Using CATKIN_DEVEL_PREFIX: /home/elias/catkin_ws/src/arena-rosnav-3D/build/aws_robomaker_hospital_world/devel
-- Using CMAKE_PREFIX_PATH: /home/elias/catkin_ws/devel;/opt/ros/melodic
-- This workspace overlays: /home/elias/catkin_ws/devel;/opt/ros/melodic
-- Found PythonInterp: /usr/bin/python2 (found suitable version "2.7.17", minimum required is "2") 
-- Using PYTHON_EXECUTABLE: /usr/bin/python2
-- Using Debian Python package layout
-- Using empy: /usr/bin/empy
-- Using CATKIN_ENABLE_TESTING: ON
-- Call enable_testing()
-- Using CATKIN_TEST_RESULTS_DIR: /home/elias/catkin_ws/src/arena-rosnav-3D/build/aws_robomaker_hospital_world/test_results
-- Found gtest sources under '/usr/src/googletest': gtests will be built
-- Found gmock sources under '/usr/src/googletest': gmock will be built
-- Found PythonInterp: /usr/bin/python2 (found version "2.7.17") 
-- Looking for pthread.h
-- Looking for pthread.h - found
-- Looking for pthread_create
-- Looking for pthread_create - not found
-- Looking for pthread_create in pthreads
-- Looking for pthread_create in pthreads - not found
-- Looking for pthread_create in pthread
-- Looking for pthread_create in pthread - found
-- Found Threads: TRUE  
-- Using Python nosetests: /usr/bin/nosetests-2.7
-- catkin 0.7.29
-- BUILD_SHARED_LIBS is on
-- Using these message generators: gencpp;geneus;genlisp;gennodejs;genpy
running python3 -m pip install -r /home/elias/catkin_ws/src/arena-rosnav-3D/src/aws-robomaker-hospital-world/requirements.txt 2>&1
Requirement already satisfied: docopt>=0.6.2 in /home/elias/python_env/rosnav/lib/python3.6/site-packages (from -r /home/elias/catkin_ws/src/arena-rosnav-3D/src/aws-robomaker-hospital-world/requirements.txt (line 1)) (0.6.2)
Requirement already satisfied: requests in /home/elias/python_env/rosnav/lib/python3.6/site-packages (from -r /home/elias/catkin_ws/src/arena-rosnav-3D/src/aws-robomaker-hospital-world/requirements.txt (line 2)) (2.26.0)
Requirement already satisfied: lxml in /home/elias/python_env/rosnav/lib/python3.6/site-packages (from -r /home/elias/catkin_ws/src/arena-rosnav-3D/src/aws-robomaker-hospital-world/requirements.txt (line 3)) (4.6.3)
Requirement already satisfied: idna<4,>=2.5 in /home/elias/python_env/rosnav/lib/python3.6/site-packages (from requests->-r /home/elias/catkin_ws/src/arena-rosnav-3D/src/aws-robomaker-hospital-world/requirements.txt (line 2)) (3.2)
Requirement already satisfied: certifi>=2017.4.17 in /home/elias/python_env/rosnav/lib/python3.6/site-packages (from requests->-r /home/elias/catkin_ws/src/arena-rosnav-3D/src/aws-robomaker-hospital-world/requirements.txt (line 2)) (2021.5.30)
Requirement already satisfied: urllib3<1.27,>=1.21.1 in /home/elias/python_env/rosnav/lib/python3.6/site-packages (from requests->-r /home/elias/catkin_ws/src/arena-rosnav-3D/src/aws-robomaker-hospital-world/requirements.txt (line 2)) (1.26.6)
Requirement already satisfied: charset-normalizer~=2.0.0 in /home/elias/python_env/rosnav/lib/python3.6/site-packages (from requests->-r /home/elias/catkin_ws/src/arena-rosnav-3D/src/aws-robomaker-hospital-world/requirements.txt (line 2)) (2.0.3)
WARNING: You are using pip version 21.1.1; however, version 21.2.1 is available.
You should consider upgrading via the '/home/elias/python_env/rosnav/bin/python3 -m pip install --upgrade pip' command.
running python3 /home/elias/catkin_ws/src/arena-rosnav-3D/src/aws-robomaker-hospital-world/fuel_utility.py download -m XRayMachine -m IVStand -m BloodPressureMonitor -m BPCart -m BMWCart -m CGMClassic -m StorageRack -m Chair -m InstrumentCart1 -m Scrubs -m PatientWheelChair -m WhiteChipChair -m TrolleyBed -m SurgicalTrolley -m PotatoChipChair -m VisitorKidSit -m FemaleVisitorSit -m AdjTable -m MopCart3 -m MaleVisitorSit -m Drawer -m OfficeChairBlack -m ElderLadyPatient -m ElderMalePatient -m InstrumentCart2 -m MetalCabinet -m BedTable -m BedsideTable -m AnesthesiaMachine -m TrolleyBedPatient -m Shower -m SurgicalTrolleyMed -m StorageRackCovered -m KitchenSink -m Toilet -m VendingMachine -m ParkingTrolleyMin -m PatientFSit -m MaleVisitorOnPhone -m FemaleVisitor -m MalePatientBed -m StorageRackCoverOpen -m ParkingTrolleyMax -d /home/elias/catkin_ws/src/arena-rosnav-3D/src/aws-robomaker-hospital-world/fuel_models --verbose 2>&1
DEBUG:root:Arguments provided: {"download": true, "--query": null, "--model": ["XRayMachine", "IVStand", "BloodPressureMonitor", "BPCart", "BMWCart", "CGMClassic", "StorageRack", "Chair", "InstrumentCart1", "Scrubs", "PatientWheelChair", "WhiteChipChair", "TrolleyBed", "SurgicalTrolley", "PotatoChipChair", "VisitorKidSit", "FemaleVisitorSit", "AdjTable", "MopCart3", "MaleVisitorSit", "Drawer", "OfficeChairBlack", "ElderLadyPatient", "ElderMalePatient", "InstrumentCart2", "MetalCabinet", "BedTable", "BedsideTable", "AnesthesiaMachine", "TrolleyBedPatient", "Shower", "SurgicalTrolleyMed", "StorageRackCovered", "KitchenSink", "Toilet", "VendingMachine", "ParkingTrolleyMin", "PatientFSit", "MaleVisitorOnPhone", "FemaleVisitor", "MalePatientBed", "StorageRackCoverOpen", "ParkingTrolleyMax"], "--version": 0, "-,": false, "--verbose": true, "--destination": "/home/elias/catkin_ws/src/arena-rosnav-3D/src/aws-robomaker-hospital-world/fuel_models"}
INFO:root:Starting fuel models..
INFO:root:Fetching model XRayMachine.
DEBUG:urllib3.connectionpool:Starting new HTTPS connection (1): fuel.ignitionrobotics.org:443
DEBUG:urllib3.connectionpool:https://fuel.ignitionrobotics.org:443 "GET /1.0/OpenRobotics/models/XRayMachine HTTP/1.1" 200 389
INFO:root:Fetching model IVStand.
DEBUG:urllib3.connectionpool:Starting new HTTPS connection (1): fuel.ignitionrobotics.org:443
DEBUG:urllib3.connectionpool:https://fuel.ignitionrobotics.org:443 "GET /1.0/OpenRobotics/models/IVStand HTTP/1.1" 200 382
INFO:root:Fetching model BloodPressureMonitor.
DEBUG:urllib3.connectionpool:Starting new HTTPS connection (1): fuel.ignitionrobotics.org:443
DEBUG:urllib3.connectionpool:https://fuel.ignitionrobotics.org:443 "GET /1.0/OpenRobotics/models/BloodPressureMonitor HTTP/1.1" 200 394
INFO:root:Fetching model BPCart.
DEBUG:urllib3.connectionpool:Starting new HTTPS connection (1): fuel.ignitionrobotics.org:443
DEBUG:urllib3.connectionpool:https://fuel.ignitionrobotics.org:443 "GET /1.0/OpenRobotics/models/BPCart HTTP/1.1" 200 379
INFO:root:Fetching model BMWCart.
DEBUG:urllib3.connectionpool:Starting new HTTPS connection (1): fuel.ignitionrobotics.org:443
DEBUG:urllib3.connectionpool:https://fuel.ignitionrobotics.org:443 "GET /1.0/OpenRobotics/models/BMWCart HTTP/1.1" 200 363
INFO:root:Fetching model CGMClassic.
DEBUG:urllib3.connectionpool:Starting new HTTPS connection (1): fuel.ignitionrobotics.org:443
DEBUG:urllib3.connectionpool:https://fuel.ignitionrobotics.org:443 "GET /1.0/OpenRobotics/models/CGMClassic HTTP/1.1" 200 372
INFO:root:Fetching model StorageRack.
DEBUG:urllib3.connectionpool:Starting new HTTPS connection (1): fuel.ignitionrobotics.org:443
DEBUG:urllib3.connectionpool:https://fuel.ignitionrobotics.org:443 "GET /1.0/OpenRobotics/models/StorageRack HTTP/1.1" 200 373
INFO:root:Fetching model Chair.
DEBUG:urllib3.connectionpool:Starting new HTTPS connection (1): fuel.ignitionrobotics.org:443
DEBUG:urllib3.connectionpool:https://fuel.ignitionrobotics.org:443 "GET /1.0/OpenRobotics/models/Chair HTTP/1.1" 200 362
INFO:root:Fetching model InstrumentCart1.
DEBUG:urllib3.connectionpool:Starting new HTTPS connection (1): fuel.ignitionrobotics.org:443
DEBUG:urllib3.connectionpool:https://fuel.ignitionrobotics.org:443 "GET /1.0/OpenRobotics/models/InstrumentCart1 HTTP/1.1" 200 362
INFO:root:Fetching model Scrubs.
DEBUG:urllib3.connectionpool:Starting new HTTPS connection (1): fuel.ignitionrobotics.org:443
DEBUG:urllib3.connectionpool:https://fuel.ignitionrobotics.org:443 "GET /1.0/OpenRobotics/models/Scrubs HTTP/1.1" 200 354
INFO:root:Fetching model PatientWheelChair.
DEBUG:urllib3.connectionpool:Starting new HTTPS connection (1): fuel.ignitionrobotics.org:443
DEBUG:urllib3.connectionpool:https://fuel.ignitionrobotics.org:443 "GET /1.0/OpenRobotics/models/PatientWheelChair HTTP/1.1" 200 402
INFO:root:Fetching model WhiteChipChair.
DEBUG:urllib3.connectionpool:Starting new HTTPS connection (1): fuel.ignitionrobotics.org:443
DEBUG:urllib3.connectionpool:https://fuel.ignitionrobotics.org:443 "GET /1.0/OpenRobotics/models/WhiteChipChair HTTP/1.1" 200 393
INFO:root:Fetching model TrolleyBed.
DEBUG:urllib3.connectionpool:Starting new HTTPS connection (1): fuel.ignitionrobotics.org:443
DEBUG:urllib3.connectionpool:https://fuel.ignitionrobotics.org:443 "GET /1.0/OpenRobotics/models/TrolleyBed HTTP/1.1" 200 396
INFO:root:Fetching model SurgicalTrolley.
DEBUG:urllib3.connectionpool:Starting new HTTPS connection (1): fuel.ignitionrobotics.org:443
DEBUG:urllib3.connectionpool:https://fuel.ignitionrobotics.org:443 "GET /1.0/OpenRobotics/models/SurgicalTrolley HTTP/1.1" 200 367
INFO:root:Fetching model PotatoChipChair.
DEBUG:urllib3.connectionpool:Starting new HTTPS connection (1): fuel.ignitionrobotics.org:443
DEBUG:urllib3.connectionpool:https://fuel.ignitionrobotics.org:443 "GET /1.0/OpenRobotics/models/PotatoChipChair HTTP/1.1" 200 395
INFO:root:Fetching model VisitorKidSit.
DEBUG:urllib3.connectionpool:Starting new HTTPS connection (1): fuel.ignitionrobotics.org:443
DEBUG:urllib3.connectionpool:https://fuel.ignitionrobotics.org:443 "GET /1.0/OpenRobotics/models/VisitorKidSit HTTP/1.1" 200 361
INFO:root:Fetching model FemaleVisitorSit.
DEBUG:urllib3.connectionpool:Starting new HTTPS connection (1): fuel.ignitionrobotics.org:443
DEBUG:urllib3.connectionpool:https://fuel.ignitionrobotics.org:443 "GET /1.0/OpenRobotics/models/FemaleVisitorSit HTTP/1.1" 200 363
INFO:root:Fetching model AdjTable.
DEBUG:urllib3.connectionpool:Starting new HTTPS connection (1): fuel.ignitionrobotics.org:443
DEBUG:urllib3.connectionpool:https://fuel.ignitionrobotics.org:443 "GET /1.0/OpenRobotics/models/AdjTable HTTP/1.1" 200 377
INFO:root:Fetching model MopCart3.
DEBUG:urllib3.connectionpool:Starting new HTTPS connection (1): fuel.ignitionrobotics.org:443
DEBUG:urllib3.connectionpool:https://fuel.ignitionrobotics.org:443 "GET /1.0/OpenRobotics/models/MopCart3 HTTP/1.1" 200 362
INFO:root:Fetching model MaleVisitorSit.
DEBUG:urllib3.connectionpool:Starting new HTTPS connection (1): fuel.ignitionrobotics.org:443
DEBUG:urllib3.connectionpool:https://fuel.ignitionrobotics.org:443 "GET /1.0/OpenRobotics/models/MaleVisitorSit HTTP/1.1" 200 363
INFO:root:Fetching model Drawer.
DEBUG:urllib3.connectionpool:Starting new HTTPS connection (1): fuel.ignitionrobotics.org:443
DEBUG:urllib3.connectionpool:https://fuel.ignitionrobotics.org:443 "GET /1.0/OpenRobotics/models/Drawer HTTP/1.1" 200 364
INFO:root:Fetching model OfficeChairBlack.
DEBUG:urllib3.connectionpool:Starting new HTTPS connection (1): fuel.ignitionrobotics.org:443
DEBUG:urllib3.connectionpool:https://fuel.ignitionrobotics.org:443 "GET /1.0/OpenRobotics/models/OfficeChairBlack HTTP/1.1" 200 371
INFO:root:Fetching model ElderLadyPatient.
DEBUG:urllib3.connectionpool:Starting new HTTPS connection (1): fuel.ignitionrobotics.org:443
DEBUG:urllib3.connectionpool:https://fuel.ignitionrobotics.org:443 "GET /1.0/OpenRobotics/models/ElderLadyPatient HTTP/1.1" 200 366
INFO:root:Fetching model ElderMalePatient.
DEBUG:urllib3.connectionpool:Starting new HTTPS connection (1): fuel.ignitionrobotics.org:443
DEBUG:urllib3.connectionpool:https://fuel.ignitionrobotics.org:443 "GET /1.0/OpenRobotics/models/ElderMalePatient HTTP/1.1" 200 364
INFO:root:Fetching model InstrumentCart2.
DEBUG:urllib3.connectionpool:Starting new HTTPS connection (1): fuel.ignitionrobotics.org:443
DEBUG:urllib3.connectionpool:https://fuel.ignitionrobotics.org:443 "GET /1.0/OpenRobotics/models/InstrumentCart2 HTTP/1.1" 200 360
INFO:root:Fetching model MetalCabinet.
DEBUG:urllib3.connectionpool:Starting new HTTPS connection (1): fuel.ignitionrobotics.org:443
DEBUG:urllib3.connectionpool:https://fuel.ignitionrobotics.org:443 "GET /1.0/OpenRobotics/models/MetalCabinet HTTP/1.1" 200 367
INFO:root:Fetching model BedTable.
DEBUG:urllib3.connectionpool:Starting new HTTPS connection (1): fuel.ignitionrobotics.org:443
DEBUG:urllib3.connectionpool:https://fuel.ignitionrobotics.org:443 "GET /1.0/OpenRobotics/models/BedTable HTTP/1.1" 200 367
INFO:root:Fetching model BedsideTable.
DEBUG:urllib3.connectionpool:Starting new HTTPS connection (1): fuel.ignitionrobotics.org:443
DEBUG:urllib3.connectionpool:https://fuel.ignitionrobotics.org:443 "GET /1.0/OpenRobotics/models/BedsideTable HTTP/1.1" 200 368
INFO:root:Fetching model AnesthesiaMachine.
DEBUG:urllib3.connectionpool:Starting new HTTPS connection (1): fuel.ignitionrobotics.org:443
DEBUG:urllib3.connectionpool:https://fuel.ignitionrobotics.org:443 "GET /1.0/OpenRobotics/models/AnesthesiaMachine HTTP/1.1" 200 365
INFO:root:Fetching model TrolleyBedPatient.
DEBUG:urllib3.connectionpool:Starting new HTTPS connection (1): fuel.ignitionrobotics.org:443
DEBUG:urllib3.connectionpool:https://fuel.ignitionrobotics.org:443 "GET /1.0/OpenRobotics/models/TrolleyBedPatient HTTP/1.1" 200 394
INFO:root:Fetching model Shower.
DEBUG:urllib3.connectionpool:Starting new HTTPS connection (1): fuel.ignitionrobotics.org:443
DEBUG:urllib3.connectionpool:https://fuel.ignitionrobotics.org:443 "GET /1.0/OpenRobotics/models/Shower HTTP/1.1" 200 366
INFO:root:Fetching model SurgicalTrolleyMed.
DEBUG:urllib3.connectionpool:Starting new HTTPS connection (1): fuel.ignitionrobotics.org:443
DEBUG:urllib3.connectionpool:https://fuel.ignitionrobotics.org:443 "GET /1.0/OpenRobotics/models/SurgicalTrolleyMed HTTP/1.1" 200 368
INFO:root:Fetching model StorageRackCovered.
DEBUG:urllib3.connectionpool:Starting new HTTPS connection (1): fuel.ignitionrobotics.org:443
DEBUG:urllib3.connectionpool:https://fuel.ignitionrobotics.org:443 "GET /1.0/OpenRobotics/models/StorageRackCovered HTTP/1.1" 200 370
INFO:root:Fetching model KitchenSink.
DEBUG:urllib3.connectionpool:Starting new HTTPS connection (1): fuel.ignitionrobotics.org:443
DEBUG:urllib3.connectionpool:https://fuel.ignitionrobotics.org:443 "GET /1.0/OpenRobotics/models/KitchenSink HTTP/1.1" 200 378
INFO:root:Fetching model Toilet.
DEBUG:urllib3.connectionpool:Starting new HTTPS connection (1): fuel.ignitionrobotics.org:443
DEBUG:urllib3.connectionpool:https://fuel.ignitionrobotics.org:443 "GET /1.0/OpenRobotics/models/Toilet HTTP/1.1" 200 363
INFO:root:Fetching model VendingMachine.
DEBUG:urllib3.connectionpool:Starting new HTTPS connection (1): fuel.ignitionrobotics.org:443
DEBUG:urllib3.connectionpool:https://fuel.ignitionrobotics.org:443 "GET /1.0/OpenRobotics/models/VendingMachine HTTP/1.1" 200 375
INFO:root:Fetching model ParkingTrolleyMin.
DEBUG:urllib3.connectionpool:Starting new HTTPS connection (1): fuel.ignitionrobotics.org:443
DEBUG:urllib3.connectionpool:https://fuel.ignitionrobotics.org:443 "GET /1.0/OpenRobotics/models/ParkingTrolleyMin HTTP/1.1" 200 413
INFO:root:Fetching model PatientFSit.
DEBUG:urllib3.connectionpool:Starting new HTTPS connection (1): fuel.ignitionrobotics.org:443
DEBUG:urllib3.connectionpool:https://fuel.ignitionrobotics.org:443 "GET /1.0/OpenRobotics/models/PatientFSit HTTP/1.1" 200 360
INFO:root:Fetching model MaleVisitorOnPhone.
DEBUG:urllib3.connectionpool:Starting new HTTPS connection (1): fuel.ignitionrobotics.org:443
DEBUG:urllib3.connectionpool:https://fuel.ignitionrobotics.org:443 "GET /1.0/OpenRobotics/models/MaleVisitorOnPhone HTTP/1.1" 200 383
INFO:root:Fetching model FemaleVisitor.
DEBUG:urllib3.connectionpool:Starting new HTTPS connection (1): fuel.ignitionrobotics.org:443
DEBUG:urllib3.connectionpool:https://fuel.ignitionrobotics.org:443 "GET /1.0/OpenRobotics/models/FemaleVisitor HTTP/1.1" 200 361
INFO:root:Fetching model MalePatientBed.
DEBUG:urllib3.connectionpool:Starting new HTTPS connection (1): fuel.ignitionrobotics.org:443
DEBUG:urllib3.connectionpool:https://fuel.ignitionrobotics.org:443 "GET /1.0/OpenRobotics/models/MalePatientBed HTTP/1.1" 200 362
INFO:root:Fetching model StorageRackCoverOpen.
DEBUG:urllib3.connectionpool:Starting new HTTPS connection (1): fuel.ignitionrobotics.org:443
DEBUG:urllib3.connectionpool:https://fuel.ignitionrobotics.org:443 "GET /1.0/OpenRobotics/models/StorageRackCoverOpen HTTP/1.1" 200 380
INFO:root:Fetching model ParkingTrolleyMax.
DEBUG:urllib3.connectionpool:Starting new HTTPS connection (1): fuel.ignitionrobotics.org:443
DEBUG:urllib3.connectionpool:https://fuel.ignitionrobotics.org:443 "GET /1.0/OpenRobotics/models/ParkingTrolleyMax HTTP/1.1" 200 416
DEBUG:root:Complete model list: [{'createdAt': '2020-08-06T11:41:57Z', 'updatedAt': '2021-07-30T15:37:07Z', 'name': 'XRayMachine', 'owner': 'OpenRobotics', 'description': '', 'likes': 0, 'downloads': 1217, 'filesize': 345665, 'upload_date': '2020-08-06T11:41:56Z', 'modify_date': '2020-08-06T11:41:56Z', 'license_id': 2, 'license_name': 'Creative Commons Attribution 4.0 International', 'license_url': 'http://creativecommons.org/licenses/by/4.0/', 'license_image': 'https://i.creativecommons.org/l/by/4.0/88x31.png', 'permission': 0, 'url_name': '', 'thumbnail_url': '/OpenRobotics/models/XRayMachine/tip/files/thumbnails/1.png', 'version': 1, 'private': False, 'tags': ['xray', 'machine', 'xraymachine'], 'categories': ['Electronics', 'Appliance']}, {'createdAt': '2020-08-06T11:26:29Z', 'updatedAt': '2021-07-30T15:37:13Z', 'name': 'IVStand', 'owner': 'OpenRobotics', 'description': '', 'likes': 0, 'downloads': 2181, 'filesize': 774855, 'upload_date': '2020-08-06T11:26:28Z', 'modify_date': '2020-08-06T11:47:42Z', 'license_id': 2, 'license_name': 'Creative Commons Attribution 4.0 International', 'license_url': 'http://creativecommons.org/licenses/by/4.0/', 'license_image': 'https://i.creativecommons.org/l/by/4.0/88x31.png', 'permission': 0, 'url_name': '', 'thumbnail_url': '/OpenRobotics/models/IVStand/tip/files/thumbnails/1.png', 'version': 1, 'private': False, 'tags': ['stand', 'IV', 'IVStand'], 'categories': ['Appliance']}, {'createdAt': '2020-08-06T11:21:27Z', 'updatedAt': '2021-07-30T15:37:20Z', 'name': 'BloodPressureMonitor', 'owner': 'OpenRobotics', 'description': '', 'likes': 0, 'downloads': 1195, 'filesize': 237020, 'upload_date': '2020-08-06T11:21:26Z', 'modify_date': '2020-08-06T11:49:48Z', 'license_id': 2, 'license_name': 'Creative Commons Attribution 4.0 International', 'license_url': 'http://creativecommons.org/licenses/by/4.0/', 'license_image': 'https://i.creativecommons.org/l/by/4.0/88x31.png', 'permission': 0, 'url_name': '', 'thumbnail_url': '/OpenRobotics/models/BloodPressureMonitor/tip/files/thumbnails/1.png', 'version': 1, 'private': False, 'tags': ['monitor', 'bloodpressure', 'blood', 'bloodpressuremonitor'], 'categories': ['Appliance']}, {'createdAt': '2020-08-06T11:22:38Z', 'updatedAt': '2021-07-30T15:37:27Z', 'name': 'BPCart', 'owner': 'OpenRobotics', 'description': '', 'likes': 0, 'downloads': 1202, 'filesize': 1659990, 'upload_date': '2020-08-06T11:22:35Z', 'modify_date': '2020-08-06T11:49:22Z', 'license_id': 2, 'license_name': 'Creative Commons Attribution 4.0 International', 'license_url': 'http://creativecommons.org/licenses/by/4.0/', 'license_image': 'https://i.creativecommons.org/l/by/4.0/88x31.png', 'permission': 0, 'url_name': '', 'thumbnail_url': '/OpenRobotics/models/BPCart/tip/files/thumbnails/1.png', 'version': 1, 'private': False, 'tags': ['bp', 'cart', 'bpcart'], 'categories': ['Appliance']}, {'createdAt': '2020-06-26T09:36:40Z', 'updatedAt': '2021-07-30T15:37:34Z', 'name': 'BMWCart', 'owner': 'OpenRobotics', 'description': '', 'likes': 0, 'downloads': 955, 'filesize': 1607574, 'upload_date': '2020-06-26T09:36:38Z', 'modify_date': '2020-06-26T09:36:38Z', 'license_id': 2, 'license_name': 'Creative Commons Attribution 4.0 International', 'license_url': 'http://creativecommons.org/licenses/by/4.0/', 'license_image': 'https://i.creativecommons.org/l/by/4.0/88x31.png', 'permission': 0, 'url_name': '', 'thumbnail_url': '/OpenRobotics/models/BMWCart/tip/files/thumbnails/1.png', 'version': 1, 'private': False, 'categories': ['Appliance']}, {'createdAt': '2019-10-28T05:53:59Z', 'updatedAt': '2021-07-30T15:37:42Z', 'name': 'CGMClassic', 'owner': 'OpenRobotics', 'description': '', 'likes': 0, 'downloads': 1443, 'filesize': 1597545, 'upload_date': '2019-10-28T05:53:56Z', 'modify_date': '2020-10-05T08:56:32Z', 'license_id': 2, 'license_name': 'Creative Commons Attribution 4.0 International', 'license_url': 'http://creativecommons.org/licenses/by/4.0/', 'license_image': 'https://i.creativecommons.org/l/by/4.0/88x31.png', 'permission': 0, 'url_name': '', 'thumbnail_url': '/OpenRobotics/models/CGMClassic/tip/files/thumbnails/1.png', 'version': 3, 'private': False, 'tags': ['hospital', 'bed']}, {'createdAt': '2019-10-28T06:40:47Z', 'updatedAt': '2021-07-30T15:37:49Z', 'name': 'StorageRack', 'owner': 'OpenRobotics', 'description': 'Empty Grilled Storage Rack', 'likes': 0, 'downloads': 16581, 'filesize': 70905, 'upload_date': '2019-10-28T06:40:44Z', 'modify_date': '2019-10-28T06:40:44Z', 'license_id': 2, 'license_name': 'Creative Commons Attribution 4.0 International', 'license_url': 'http://creativecommons.org/licenses/by/4.0/', 'license_image': 'https://i.creativecommons.org/l/by/4.0/88x31.png', 'permission': 0, 'url_name': '', 'thumbnail_url': '/OpenRobotics/models/StorageRack/tip/files/thumbnails/1.png', 'version': 1, 'private': False, 'tags': ['hospital']}, {'createdAt': '2020-05-20T19:30:13Z', 'updatedAt': '2021-07-30T15:37:56Z', 'name': 'Chair', 'owner': 'OpenRobotics', 'description': '', 'likes': 0, 'downloads': 3524, 'filesize': 2741590, 'upload_date': '2020-05-20T19:30:11Z', 'modify_date': '2020-05-20T19:30:11Z', 'license_id': 2, 'license_name': 'Creative Commons Attribution 4.0 International', 'license_url': 'http://creativecommons.org/licenses/by/4.0/', 'license_image': 'https://i.creativecommons.org/l/by/4.0/88x31.png', 'permission': 0, 'url_name': '', 'thumbnail_url': '/OpenRobotics/models/Chair/tip/files/thumbnails/1.png', 'version': 1, 'private': False, 'categories': ['Furniture and Home']}, {'createdAt': '2019-10-28T06:19:00Z', 'updatedAt': '2021-07-30T15:38:04Z', 'name': 'InstrumentCart1', 'owner': 'OpenRobotics', 'description': '', 'likes': 0, 'downloads': 1116, 'filesize': 135677, 'upload_date': '2019-10-28T06:18:57Z', 'modify_date': '2019-10-28T06:18:57Z', 'license_id': 2, 'license_name': 'Creative Commons Attribution 4.0 International', 'license_url': 'http://creativecommons.org/licenses/by/4.0/', 'license_image': 'https://i.creativecommons.org/l/by/4.0/88x31.png', 'permission': 0, 'url_name': '', 'thumbnail_url': '/OpenRobotics/models/InstrumentCart1/tip/files/thumbnails/1.png', 'version': 1, 'private': False, 'tags': ['hospital']}, {'createdAt': '2020-07-06T10:19:54Z', 'updatedAt': '2021-07-30T15:38:10Z', 'name': 'Scrubs', 'owner': 'OpenRobotics', 'description': '', 'likes': 0, 'downloads': 2183, 'filesize': 1028421, 'upload_date': '2020-07-06T10:19:52Z', 'modify_date': '2020-07-06T10:19:52Z', 'license_id': 2, 'license_name': 'Creative Commons Attribution 4.0 International', 'license_url': 'http://creativecommons.org/licenses/by/4.0/', 'license_image': 'https://i.creativecommons.org/l/by/4.0/88x31.png', 'permission': 0, 'url_name': '', 'thumbnail_url': '/OpenRobotics/models/Scrubs/tip/files/thumbnails/1.png', 'version': 1, 'private': False, 'categories': ['People']}, {'createdAt': '2019-10-28T06:33:50Z', 'updatedAt': '2021-07-30T15:38:17Z', 'name': 'PatientWheelChair', 'owner': 'OpenRobotics', 'description': 'Elderly patient on a wheelchair', 'likes': 0, 'downloads': 2395, 'filesize': 1175273, 'upload_date': '2019-10-28T06:33:46Z', 'modify_date': '2020-08-31T07:45:16Z', 'license_id': 2, 'license_name': 'Creative Commons Attribution 4.0 International', 'license_url': 'http://creativecommons.org/licenses/by/4.0/', 'license_image': 'https://i.creativecommons.org/l/by/4.0/88x31.png', 'permission': 0, 'url_name': '', 'thumbnail_url': '/OpenRobotics/models/PatientWheelChair/tip/files/thumbnails/1.png', 'version': 3, 'private': False, 'tags': ['person', 'hospital']}, {'createdAt': '2019-10-28T06:48:13Z', 'updatedAt': '2021-07-30T15:38:25Z', 'name': 'WhiteChipChair', 'owner': 'OpenRobotics', 'description': 'White row of seats.', 'likes': 0, 'downloads': 9006, 'filesize': 792333, 'upload_date': '2019-10-28T06:48:10Z', 'modify_date': '2021-01-15T07:34:47Z', 'license_id': 2, 'license_name': 'Creative Commons Attribution 4.0 International', 'license_url': 'http://creativecommons.org/licenses/by/4.0/', 'license_image': 'https://i.creativecommons.org/l/by/4.0/88x31.png', 'permission': 0, 'url_name': '', 'thumbnail_url': '/OpenRobotics/models/WhiteChipChair/tip/files/thumbnails/1.png', 'version': 2, 'private': False, 'tags': ['hospital', 'furniture']}, {'createdAt': '2019-10-25T09:22:08Z', 'updatedAt': '2021-07-30T15:38:32Z', 'name': 'TrolleyBed', 'owner': 'OpenRobotics', 'description': 'Bed to transport patients', 'likes': 0, 'downloads': 1513, 'filesize': 1015682, 'upload_date': '2019-10-25T09:22:04Z', 'modify_date': '2020-07-07T17:16:25Z', 'license_id': 2, 'license_name': 'Creative Commons Attribution 4.0 International', 'license_url': 'http://creativecommons.org/licenses/by/4.0/', 'license_image': 'https://i.creativecommons.org/l/by/4.0/88x31.png', 'permission': 0, 'url_name': '', 'thumbnail_url': '/OpenRobotics/models/TrolleyBed/tip/files/thumbnails/1.png', 'version': 2, 'private': False, 'tags': ['static', 'hospital', 'bed']}, {'createdAt': '2019-10-28T06:43:28Z', 'updatedAt': '2021-07-30T15:38:39Z', 'name': 'SurgicalTrolley', 'owner': 'OpenRobotics', 'description': 'Surgical supply trolley', 'likes': 0, 'downloads': 1088, 'filesize': 849805, 'upload_date': '2019-10-28T06:43:25Z', 'modify_date': '2019-10-28T06:43:25Z', 'license_id': 2, 'license_name': 'Creative Commons Attribution 4.0 International', 'license_url': 'http://creativecommons.org/licenses/by/4.0/', 'license_image': 'https://i.creativecommons.org/l/by/4.0/88x31.png', 'permission': 0, 'url_name': '', 'thumbnail_url': '/OpenRobotics/models/SurgicalTrolley/tip/files/thumbnails/1.png', 'version': 1, 'private': False, 'tags': ['hospital']}, {'createdAt': '2019-10-28T06:34:44Z', 'updatedAt': '2021-07-30T15:38:46Z', 'name': 'PotatoChipChair', 'owner': 'OpenRobotics', 'description': 'Blue row of seats.', 'likes': 0, 'downloads': 6447, 'filesize': 824743, 'upload_date': '2019-10-28T06:34:41Z', 'modify_date': '2021-01-15T07:33:39Z', 'license_id': 2, 'license_name': 'Creative Commons Attribution 4.0 International', 'license_url': 'http://creativecommons.org/licenses/by/4.0/', 'license_image': 'https://i.creativecommons.org/l/by/4.0/88x31.png', 'permission': 0, 'url_name': '', 'thumbnail_url': '/OpenRobotics/models/PotatoChipChair/tip/files/thumbnails/1.png', 'version': 2, 'private': False, 'tags': ['hospital', 'furniture']}, {'createdAt': '2020-05-20T19:38:37Z', 'updatedAt': '2021-07-30T15:38:53Z', 'name': 'VisitorKidSit', 'owner': 'OpenRobotics', 'description': '', 'likes': 0, 'downloads': 3177, 'filesize': 744956, 'upload_date': '2020-05-20T19:38:35Z', 'modify_date': '2020-05-20T19:38:35Z', 'license_id': 2, 'license_name': 'Creative Commons Attribution 4.0 International', 'license_url': 'http://creativecommons.org/licenses/by/4.0/', 'license_image': 'https://i.creativecommons.org/l/by/4.0/88x31.png', 'permission': 0, 'url_name': '', 'thumbnail_url': '/OpenRobotics/models/VisitorKidSit/tip/files/thumbnails/1.png', 'version': 1, 'private': False, 'categories': ['People']}, {'createdAt': '2020-05-20T19:34:41Z', 'updatedAt': '2021-07-30T15:39:00Z', 'name': 'FemaleVisitorSit', 'owner': 'OpenRobotics', 'description': '', 'likes': 0, 'downloads': 3200, 'filesize': 669884, 'upload_date': '2020-05-20T19:34:39Z', 'modify_date': '2020-05-20T19:34:39Z', 'license_id': 2, 'license_name': 'Creative Commons Attribution 4.0 International', 'license_url': 'http://creativecommons.org/licenses/by/4.0/', 'license_image': 'https://i.creativecommons.org/l/by/4.0/88x31.png', 'permission': 0, 'url_name': '', 'thumbnail_url': '/OpenRobotics/models/FemaleVisitorSit/tip/files/thumbnails/1.png', 'version': 1, 'private': False, 'categories': ['People']}, {'createdAt': '2020-06-09T12:06:50Z', 'updatedAt': '2021-07-30T15:39:08Z', 'name': 'AdjTable', 'owner': 'OpenRobotics', 'description': '', 'likes': 0, 'downloads': 2518, 'filesize': 4100585, 'upload_date': '2020-06-09T12:06:48Z', 'modify_date': '2020-07-15T05:23:10Z', 'license_id': 2, 'license_name': 'Creative Commons Attribution 4.0 International', 'license_url': 'http://creativecommons.org/licenses/by/4.0/', 'license_image': 'https://i.creativecommons.org/l/by/4.0/88x31.png', 'permission': 0, 'url_name': '', 'thumbnail_url': '/OpenRobotics/models/AdjTable/tip/files/thumbnails/1.png', 'version': 3, 'private': False, 'categories': ['Furniture and Home']}, {'createdAt': '2020-06-22T08:41:13Z', 'updatedAt': '2021-07-30T15:39:16Z', 'name': 'MopCart3', 'owner': 'OpenRobotics', 'description': '', 'likes': 0, 'downloads': 3607, 'filesize': 5787981, 'upload_date': '2020-06-22T08:41:10Z', 'modify_date': '2020-06-22T08:41:10Z', 'license_id': 2, 'license_name': 'Creative Commons Attribution 4.0 International', 'license_url': 'http://creativecommons.org/licenses/by/4.0/', 'license_image': 'https://i.creativecommons.org/l/by/4.0/88x31.png', 'permission': 0, 'url_name': '', 'thumbnail_url': '/OpenRobotics/models/MopCart3/tip/files/thumbnails/1.png', 'version': 1, 'private': False, 'categories': ['Appliance']}, {'createdAt': '2020-05-20T19:36:36Z', 'updatedAt': '2021-07-30T15:39:25Z', 'name': 'MaleVisitorSit', 'owner': 'OpenRobotics', 'description': '', 'likes': 0, 'downloads': 3148, 'filesize': 596416, 'upload_date': '2020-05-20T19:36:34Z', 'modify_date': '2020-05-20T19:36:34Z', 'license_id': 2, 'license_name': 'Creative Commons Attribution 4.0 International', 'license_url': 'http://creativecommons.org/licenses/by/4.0/', 'license_image': 'https://i.creativecommons.org/l/by/4.0/88x31.png', 'permission': 0, 'url_name': '', 'thumbnail_url': '/OpenRobotics/models/MaleVisitorSit/tip/files/thumbnails/1.png', 'version': 1, 'private': False, 'categories': ['People']}, {'createdAt': '2020-06-09T12:11:18Z', 'updatedAt': '2021-07-30T15:39:32Z', 'name': 'Drawer', 'owner': 'OpenRobotics', 'description': '', 'likes': 0, 'downloads': 2818, 'filesize': 135520, 'upload_date': '2020-06-09T12:11:16Z', 'modify_date': '2020-06-09T12:11:16Z', 'license_id': 2, 'license_name': 'Creative Commons Attribution 4.0 International', 'license_url': 'http://creativecommons.org/licenses/by/4.0/', 'license_image': 'https://i.creativecommons.org/l/by/4.0/88x31.png', 'permission': 0, 'url_name': '', 'thumbnail_url': '/OpenRobotics/models/Drawer/tip/files/thumbnails/1.png', 'version': 1, 'private': False, 'categories': ['Furniture and Home']}, {'createdAt': '2020-06-09T12:12:56Z', 'updatedAt': '2021-07-30T15:39:39Z', 'name': 'OfficeChairBlack', 'owner': 'OpenRobotics', 'description': '', 'likes': 0, 'downloads': 2894, 'filesize': 793096, 'upload_date': '2020-06-09T12:12:54Z', 'modify_date': '2020-06-09T12:12:54Z', 'license_id': 2, 'license_name': 'Creative Commons Attribution 4.0 International', 'license_url': 'http://creativecommons.org/licenses/by/4.0/', 'license_image': 'https://i.creativecommons.org/l/by/4.0/88x31.png', 'permission': 0, 'url_name': '', 'thumbnail_url': '/OpenRobotics/models/OfficeChairBlack/tip/files/thumbnails/1.png', 'version': 1, 'private': False, 'categories': ['Furniture and Home']}, {'createdAt': '2020-05-21T06:09:55Z', 'updatedAt': '2021-07-30T15:39:46Z', 'name': 'ElderLadyPatient', 'owner': 'OpenRobotics', 'description': '', 'likes': 0, 'downloads': 2135, 'filesize': 2731549, 'upload_date': '2020-05-21T06:09:52Z', 'modify_date': '2020-05-21T06:09:52Z', 'license_id': 2, 'license_name': 'Creative Commons Attribution 4.0 International', 'license_url': 'http://creativecommons.org/licenses/by/4.0/', 'license_image': 'https://i.creativecommons.org/l/by/4.0/88x31.png', 'permission': 0, 'url_name': '', 'thumbnail_url': '/OpenRobotics/models/ElderLadyPatient/tip/files/thumbnails/1.png', 'version': 1, 'private': False, 'categories': ['People']}, {'createdAt': '2020-05-21T06:13:26Z', 'updatedAt': '2021-07-30T15:39:53Z', 'name': 'ElderMalePatient', 'owner': 'OpenRobotics', 'description': '', 'likes': 0, 'downloads': 2363, 'filesize': 2918271, 'upload_date': '2020-05-21T06:13:24Z', 'modify_date': '2020-05-21T06:13:24Z', 'license_id': 2, 'license_name': 'Creative Commons Attribution 4.0 International', 'license_url': 'http://creativecommons.org/licenses/by/4.0/', 'license_image': 'https://i.creativecommons.org/l/by/4.0/88x31.png', 'permission': 0, 'url_name': '', 'thumbnail_url': '/OpenRobotics/models/ElderMalePatient/tip/files/thumbnails/1.png', 'version': 1, 'private': False, 'categories': ['People']}, {'createdAt': '2019-10-28T06:19:44Z', 'updatedAt': '2021-07-30T15:40:02Z', 'name': 'InstrumentCart2', 'owner': 'OpenRobotics', 'description': '', 'likes': 0, 'downloads': 1088, 'filesize': 702606, 'upload_date': '2019-10-28T06:19:41Z', 'modify_date': '2019-10-28T06:19:41Z', 'license_id': 2, 'license_name': 'Creative Commons Attribution 4.0 International', 'license_url': 'http://creativecommons.org/licenses/by/4.0/', 'license_image': 'https://i.creativecommons.org/l/by/4.0/88x31.png', 'permission': 0, 'url_name': '', 'thumbnail_url': '/OpenRobotics/models/InstrumentCart2/tip/files/thumbnails/1.png', 'version': 1, 'private': False, 'tags': ['hospital']}, {'createdAt': '2019-10-28T06:23:41Z', 'updatedAt': '2021-07-30T15:40:09Z', 'name': 'MetalCabinet', 'owner': 'OpenRobotics', 'description': 'Tall grey metal cabinet', 'likes': 0, 'downloads': 2994, 'filesize': 29065, 'upload_date': '2019-10-28T06:23:37Z', 'modify_date': '2019-10-28T06:23:37Z', 'license_id': 2, 'license_name': 'Creative Commons Attribution 4.0 International', 'license_url': 'http://creativecommons.org/licenses/by/4.0/', 'license_image': 'https://i.creativecommons.org/l/by/4.0/88x31.png', 'permission': 0, 'url_name': '', 'thumbnail_url': '/OpenRobotics/models/MetalCabinet/tip/files/thumbnails/1.png', 'version': 1, 'private': False, 'tags': ['hospital']}, {'createdAt': '2020-05-21T05:53:52Z', 'updatedAt': '2021-07-30T15:40:15Z', 'name': 'BedTable', 'owner': 'OpenRobotics', 'description': '', 'likes': 0, 'downloads': 1157, 'filesize': 1088303, 'upload_date': '2020-05-21T05:53:49Z', 'modify_date': '2020-05-21T05:53:49Z', 'license_id': 2, 'license_name': 'Creative Commons Attribution 4.0 International', 'license_url': 'http://creativecommons.org/licenses/by/4.0/', 'license_image': 'https://i.creativecommons.org/l/by/4.0/88x31.png', 'permission': 0, 'url_name': '', 'thumbnail_url': '/OpenRobotics/models/BedTable/tip/files/thumbnails/1.png', 'version': 1, 'private': False, 'categories': ['Furniture and Home']}, {'createdAt': '2020-05-21T05:27:18Z', 'updatedAt': '2021-07-30T15:40:23Z', 'name': 'BedsideTable', 'owner': 'OpenRobotics', 'description': '', 'likes': 0, 'downloads': 1132, 'filesize': 691910, 'upload_date': '2020-05-21T05:27:16Z', 'modify_date': '2020-05-21T05:27:16Z', 'license_id': 2, 'license_name': 'Creative Commons Attribution 4.0 International', 'license_url': 'http://creativecommons.org/licenses/by/4.0/', 'license_image': 'https://i.creativecommons.org/l/by/4.0/88x31.png', 'permission': 0, 'url_name': '', 'thumbnail_url': '/OpenRobotics/models/BedsideTable/tip/files/thumbnails/1.png', 'version': 1, 'private': False, 'categories': ['Furniture and Home']}, {'createdAt': '2020-06-26T09:35:49Z', 'updatedAt': '2021-07-30T15:40:30Z', 'name': 'AnesthesiaMachine', 'owner': 'OpenRobotics', 'description': '', 'likes': 0, 'downloads': 1340, 'filesize': 541299, 'upload_date': '2020-06-26T09:35:47Z', 'modify_date': '2020-06-26T09:35:47Z', 'license_id': 2, 'license_name': 'Creative Commons Attribution 4.0 International', 'license_url': 'http://creativecommons.org/licenses/by/4.0/', 'license_image': 'https://i.creativecommons.org/l/by/4.0/88x31.png', 'permission': 0, 'url_name': '', 'thumbnail_url': '/OpenRobotics/models/AnesthesiaMachine/tip/files/thumbnails/1.png', 'version': 1, 'private': False, 'categories': ['Appliance']}, {'createdAt': '2019-10-28T06:45:05Z', 'updatedAt': '2021-07-30T15:40:37Z', 'name': 'TrolleyBedPatient', 'owner': 'OpenRobotics', 'description': 'Trolley Bed with patient', 'likes': 0, 'downloads': 1207, 'filesize': 1479205, 'upload_date': '2019-10-28T06:45:01Z', 'modify_date': '2020-07-07T17:16:55Z', 'license_id': 2, 'license_name': 'Creative Commons Attribution 4.0 International', 'license_url': 'http://creativecommons.org/licenses/by/4.0/', 'license_image': 'https://i.creativecommons.org/l/by/4.0/88x31.png', 'permission': 0, 'url_name': '', 'thumbnail_url': '/OpenRobotics/models/TrolleyBedPatient/tip/files/thumbnails/1.png', 'version': 2, 'private': False, 'tags': ['person', 'hospital', 'furniture']}, {'createdAt': '2020-06-25T10:18:19Z', 'updatedAt': '2021-07-30T15:40:44Z', 'name': 'Shower', 'owner': 'OpenRobotics', 'description': '', 'likes': 0, 'downloads': 2703, 'filesize': 568856, 'upload_date': '2020-06-25T10:18:17Z', 'modify_date': '2020-06-25T10:18:17Z', 'license_id': 2, 'license_name': 'Creative Commons Attribution 4.0 International', 'license_url': 'http://creativecommons.org/licenses/by/4.0/', 'license_image': 'https://i.creativecommons.org/l/by/4.0/88x31.png', 'permission': 0, 'url_name': '', 'thumbnail_url': '/OpenRobotics/models/Shower/tip/files/thumbnails/1.png', 'version': 1, 'private': False, 'categories': ['Furniture and Home']}, {'createdAt': '2020-06-26T09:39:00Z', 'updatedAt': '2021-07-30T15:40:50Z', 'name': 'SurgicalTrolleyMed', 'owner': 'OpenRobotics', 'description': '', 'likes': 0, 'downloads': 2100, 'filesize': 860176, 'upload_date': '2020-06-26T09:38:58Z', 'modify_date': '2020-06-26T09:38:58Z', 'license_id': 2, 'license_name': 'Creative Commons Attribution 4.0 International', 'license_url': 'http://creativecommons.org/licenses/by/4.0/', 'license_image': 'https://i.creativecommons.org/l/by/4.0/88x31.png', 'permission': 0, 'url_name': '', 'thumbnail_url': '/OpenRobotics/models/SurgicalTrolleyMed/tip/files/thumbnails/1.png', 'version': 1, 'private': False, 'categories': ['Appliance']}, {'createdAt': '2019-10-28T06:42:26Z', 'updatedAt': '2021-07-30T15:40:57Z', 'name': 'StorageRackCovered', 'owner': 'OpenRobotics', 'description': 'Storage rack covered.', 'likes': 0, 'downloads': 11638, 'filesize': 536807, 'upload_date': '2019-10-28T06:42:22Z', 'modify_date': '2019-10-28T06:42:22Z', 'license_id': 2, 'license_name': 'Creative Commons Attribution 4.0 International', 'license_url': 'http://creativecommons.org/licenses/by/4.0/', 'license_image': 'https://i.creativecommons.org/l/by/4.0/88x31.png', 'permission': 0, 'url_name': '', 'thumbnail_url': '/OpenRobotics/models/StorageRackCovered/tip/files/thumbnails/1.png', 'version': 1, 'private': False, 'tags': ['hospital']}, {'createdAt': '2020-06-22T08:38:48Z', 'updatedAt': '2021-07-30T15:41:04Z', 'name': 'KitchenSink', 'owner': 'OpenRobotics', 'description': '', 'likes': 0, 'downloads': 3377, 'filesize': 41731, 'upload_date': '2020-06-22T08:38:47Z', 'modify_date': '2020-06-22T08:42:25Z', 'license_id': 2, 'license_name': 'Creative Commons Attribution 4.0 International', 'license_url': 'http://creativecommons.org/licenses/by/4.0/', 'license_image': 'https://i.creativecommons.org/l/by/4.0/88x31.png', 'permission': 0, 'url_name': '', 'thumbnail_url': '/OpenRobotics/models/KitchenSink/tip/files/thumbnails/1.png', 'version': 1, 'private': False, 'categories': ['Furniture and Home', 'Kitchen']}, {'createdAt': '2020-06-25T10:18:48Z', 'updatedAt': '2021-07-30T15:41:11Z', 'name': 'Toilet', 'owner': 'OpenRobotics', 'description': '', 'likes': 0, 'downloads': 3363, 'filesize': 205503, 'upload_date': '2020-06-25T10:18:46Z', 'modify_date': '2020-06-25T10:18:46Z', 'license_id': 2, 'license_name': 'Creative Commons Attribution 4.0 International', 'license_url': 'http://creativecommons.org/licenses/by/4.0/', 'license_image': 'https://i.creativecommons.org/l/by/4.0/88x31.png', 'permission': 0, 'url_name': '', 'thumbnail_url': '/OpenRobotics/models/Toilet/tip/files/thumbnails/1.png', 'version': 1, 'private': False, 'categories': ['Furniture and Home']}, {'createdAt': '2020-06-25T10:20:57Z', 'updatedAt': '2021-07-30T15:41:18Z', 'name': 'VendingMachine', 'owner': 'OpenRobotics', 'description': '', 'likes': 0, 'downloads': 19963, 'filesize': 619550, 'upload_date': '2020-06-25T10:20:53Z', 'modify_date': '2020-07-15T05:32:07Z', 'license_id': 2, 'license_name': 'Creative Commons Attribution 4.0 International', 'license_url': 'http://creativecommons.org/licenses/by/4.0/', 'license_image': 'https://i.creativecommons.org/l/by/4.0/88x31.png', 'permission': 0, 'url_name': '', 'thumbnail_url': '/OpenRobotics/models/VendingMachine/tip/files/thumbnails/1.png', 'version': 2, 'private': False, 'categories': ['Appliance']}, {'createdAt': '2019-10-28T06:31:59Z', 'updatedAt': '2021-07-30T15:41:25Z', 'name': 'ParkingTrolleyMin', 'owner': 'OpenRobotics', 'description': 'Trolley and carts parking area with bags, this one has less bags', 'likes': 0, 'downloads': 1049, 'filesize': 1946726, 'upload_date': '2019-10-28T06:31:55Z', 'modify_date': '2020-07-07T17:15:19Z', 'license_id': 2, 'license_name': 'Creative Commons Attribution 4.0 International', 'license_url': 'http://creativecommons.org/licenses/by/4.0/', 'license_image': 'https://i.creativecommons.org/l/by/4.0/88x31.png', 'permission': 0, 'url_name': '', 'thumbnail_url': '/OpenRobotics/models/ParkingTrolleyMin/tip/files/thumbnails/1.png', 'version': 2, 'private': False, 'tags': ['hospital']}, {'createdAt': '2020-06-25T10:17:29Z', 'updatedAt': '2021-07-30T15:41:32Z', 'name': 'PatientFSit', 'owner': 'OpenRobotics', 'description': '', 'likes': 0, 'downloads': 2319, 'filesize': 657045, 'upload_date': '2020-06-25T10:17:27Z', 'modify_date': '2020-06-25T10:17:27Z', 'license_id': 2, 'license_name': 'Creative Commons Attribution 4.0 International', 'license_url': 'http://creativecommons.org/licenses/by/4.0/', 'license_image': 'https://i.creativecommons.org/l/by/4.0/88x31.png', 'permission': 0, 'url_name': '', 'thumbnail_url': '/OpenRobotics/models/PatientFSit/tip/files/thumbnails/1.png', 'version': 1, 'private': False, 'categories': ['People']}, {'createdAt': '2020-06-25T10:13:35Z', 'updatedAt': '2021-07-30T15:41:39Z', 'name': 'MaleVisitorOnPhone', 'owner': 'OpenRobotics', 'description': '', 'likes': 0, 'downloads': 2326, 'filesize': 1394258, 'upload_date': '2020-06-25T10:13:33Z', 'modify_date': '2020-06-25T10:13:33Z', 'license_id': 2, 'license_name': 'Creative Commons Attribution 4.0 International', 'license_url': 'http://creativecommons.org/licenses/by/4.0/', 'license_image': 'https://i.creativecommons.org/l/by/4.0/88x31.png', 'permission': 0, 'url_name': '', 'thumbnail_url': '/OpenRobotics/models/MaleVisitorOnPhone/tip/files/thumbnails/1.png', 'version': 1, 'private': False, 'categories': ['People', 'Tablet and Smartphone']}, {'createdAt': '2020-05-20T19:33:13Z', 'updatedAt': '2021-07-30T15:41:46Z', 'name': 'FemaleVisitor', 'owner': 'OpenRobotics', 'description': '', 'likes': 0, 'downloads': 3186, 'filesize': 685516, 'upload_date': '2020-05-20T19:33:11Z', 'modify_date': '2020-05-20T19:33:11Z', 'license_id': 2, 'license_name': 'Creative Commons Attribution 4.0 International', 'license_url': 'http://creativecommons.org/licenses/by/4.0/', 'license_image': 'https://i.creativecommons.org/l/by/4.0/88x31.png', 'permission': 0, 'url_name': '', 'thumbnail_url': '/OpenRobotics/models/FemaleVisitor/tip/files/thumbnails/1.png', 'version': 1, 'private': False, 'categories': ['People']}, {'createdAt': '2020-06-25T10:12:27Z', 'updatedAt': '2021-07-30T15:41:53Z', 'name': 'MalePatientBed', 'owner': 'OpenRobotics', 'description': '', 'likes': 0, 'downloads': 1370, 'filesize': 2087725, 'upload_date': '2020-06-25T10:12:25Z', 'modify_date': '2020-06-25T10:12:25Z', 'license_id': 2, 'license_name': 'Creative Commons Attribution 4.0 International', 'license_url': 'http://creativecommons.org/licenses/by/4.0/', 'license_image': 'https://i.creativecommons.org/l/by/4.0/88x31.png', 'permission': 0, 'url_name': '', 'thumbnail_url': '/OpenRobotics/models/MalePatientBed/tip/files/thumbnails/1.png', 'version': 1, 'private': False, 'categories': ['People']}, {'createdAt': '2019-10-28T06:41:39Z', 'updatedAt': '2021-07-30T15:42:01Z', 'name': 'StorageRackCoverOpen', 'owner': 'OpenRobotics', 'description': 'Storage rack with blue cover, open.', 'likes': 0, 'downloads': 9747, 'filesize': 635216, 'upload_date': '2019-10-28T06:41:36Z', 'modify_date': '2019-10-28T06:41:36Z', 'license_id': 2, 'license_name': 'Creative Commons Attribution 4.0 International', 'license_url': 'http://creativecommons.org/licenses/by/4.0/', 'license_image': 'https://i.creativecommons.org/l/by/4.0/88x31.png', 'permission': 0, 'url_name': '', 'thumbnail_url': '/OpenRobotics/models/StorageRackCoverOpen/tip/files/thumbnails/1.png', 'version': 1, 'private': False, 'tags': ['hospital']}, {'createdAt': '2019-10-28T06:30:59Z', 'updatedAt': '2021-07-30T15:42:08Z', 'name': 'ParkingTrolleyMax', 'owner': 'OpenRobotics', 'description': 'Trolley and carts parking area with bags, this one has more bags', 'likes': 0, 'downloads': 6374, 'filesize': 778398, 'upload_date': '2019-10-28T06:30:55Z', 'modify_date': '2020-07-07T17:14:45Z', 'license_id': 2, 'license_name': 'Creative Commons Attribution 4.0 International', 'license_url': 'http://creativecommons.org/licenses/by/4.0/', 'license_image': 'https://i.creativecommons.org/l/by/4.0/88x31.png', 'permission': 0, 'url_name': '', 'thumbnail_url': '/OpenRobotics/models/ParkingTrolleyMax/tip/files/thumbnails/1.png', 'version': 2, 'private': False, 'tags': ['hospital']}]
INFO:root:Downloading zip files and extracting them into /home/elias/catkin_ws/src/arena-rosnav-3D/src/aws-robomaker-hospital-world/fuel_models directory
INFO:root:Model XRayMachine already downloaded.
INFO:root:Model IVStand already downloaded.
INFO:root:Model BloodPressureMonitor already downloaded.
INFO:root:Model BPCart already downloaded.
INFO:root:Model BMWCart already downloaded.
INFO:root:Model CGMClassic already downloaded.
INFO:root:Model StorageRack already downloaded.
INFO:root:Model Chair already downloaded.
INFO:root:Model InstrumentCart1 already downloaded.
INFO:root:Model Scrubs already downloaded.
INFO:root:Model PatientWheelChair already downloaded.
INFO:root:Model WhiteChipChair already downloaded.
INFO:root:Model TrolleyBed already downloaded.
INFO:root:Model SurgicalTrolley already downloaded.
INFO:root:Model PotatoChipChair already downloaded.
INFO:root:Model VisitorKidSit already downloaded.
INFO:root:Model FemaleVisitorSit already downloaded.
INFO:root:Model AdjTable already downloaded.
INFO:root:Model MopCart3 already downloaded.
INFO:root:Model MaleVisitorSit already downloaded.
INFO:root:Model Drawer already downloaded.
INFO:root:Model OfficeChairBlack already downloaded.
INFO:root:Model ElderLadyPatient already downloaded.
INFO:root:Model ElderMalePatient already downloaded.
INFO:root:Model InstrumentCart2 already downloaded.
INFO:root:Model MetalCabinet already downloaded.
INFO:root:Model BedTable already downloaded.
INFO:root:Model BedsideTable already downloaded.
INFO:root:Model AnesthesiaMachine already downloaded.
INFO:root:Model TrolleyBedPatient already downloaded.
INFO:root:Model Shower already downloaded.
INFO:root:Model SurgicalTrolleyMed already downloaded.
INFO:root:Model StorageRackCovered already downloaded.
INFO:root:Model KitchenSink already downloaded.
INFO:root:Model Toilet already downloaded.
INFO:root:Model VendingMachine already downloaded.
INFO:root:Model ParkingTrolleyMin already downloaded.
INFO:root:Model PatientFSit already downloaded.
INFO:root:Model MaleVisitorOnPhone already downloaded.
INFO:root:Model FemaleVisitor already downloaded.
INFO:root:Model MalePatientBed already downloaded.
INFO:root:Model StorageRackCoverOpen already downloaded.
INFO:root:Model ParkingTrolleyMax already downloaded.
INFO:root:Creating database file: /home/elias/catkin_ws/src/arena-rosnav-3D/src/aws-robomaker-hospital-world/fuel_models/database.config
INFO:root:All done!
-- Configuring done
-- Generating done
-- Build files have been written to: /home/elias/catkin_ws/src/arena-rosnav-3D/build/aws_robomaker_hospital_world
