[0.052s] Invoking command in '/home/elias/catkin_ws/src/arena-rosnav-3D/build/aws_robomaker_hospital_world': PS1=(rosnav) %m%# /usr/bin/cmake /home/elias/catkin_ws/src/arena-rosnav-3D/src/aws-robomaker-hospital-world -DCATKIN_INSTALL_INTO_PREFIX_ROOT=0 -DCMAKE_INSTALL_PREFIX=/home/elias/catkin_ws/src/arena-rosnav-3D/install/aws_robomaker_hospital_world
[0.261s] -- The C compiler identification is GNU 7.5.0
[0.508s] -- The CXX compiler identification is GNU 7.5.0
[0.522s] -- Check for working C compiler: /usr/bin/cc
[0.804s] -- Check for working C compiler: /usr/bin/cc -- works
[0.804s] -- Detecting C compiler ABI info
[1.062s] -- Detecting C compiler ABI info - done
[1.116s] -- Detecting C compile features
[2.558s] -- Detecting C compile features - done
[2.571s] -- Check for working CXX compiler: /usr/bin/c++
[2.871s] -- Check for working CXX compiler: /usr/bin/c++ -- works
[2.871s] -- Detecting CXX compiler ABI info
[3.152s] -- Detecting CXX compiler ABI info - done
[3.187s] -- Detecting CXX compile features
[4.753s] -- Detecting CXX compile features - done
[4.769s] -- Using CATKIN_DEVEL_PREFIX: /home/elias/catkin_ws/src/arena-rosnav-3D/build/aws_robomaker_hospital_world/devel
[4.769s] -- Using CMAKE_PREFIX_PATH: /home/elias/catkin_ws/devel;/opt/ros/melodic
[4.770s] -- This workspace overlays: /home/elias/catkin_ws/devel;/opt/ros/melodic
[4.842s] -- Found PythonInterp: /usr/bin/python2 (found suitable version "2.7.17", minimum required is "2") 
[4.847s] -- Using PYTHON_EXECUTABLE: /usr/bin/python2
[4.847s] -- Using Debian Python package layout
[4.847s] -- Using empy: /usr/bin/empy
[5.394s] -- Using CATKIN_ENABLE_TESTING: ON
[5.394s] -- Call enable_testing()
[5.412s] -- Using CATKIN_TEST_RESULTS_DIR: /home/elias/catkin_ws/src/arena-rosnav-3D/build/aws_robomaker_hospital_world/test_results
[5.459s] -- Found gtest sources under '/usr/src/googletest': gtests will be built
[5.460s] -- Found gmock sources under '/usr/src/googletest': gmock will be built
[5.504s] -- Found PythonInterp: /usr/bin/python2 (found version "2.7.17") 
[5.509s] -- Looking for pthread.h
[5.777s] -- Looking for pthread.h - found
[5.777s] -- Looking for pthread_create
[6.070s] -- Looking for pthread_create - not found
[6.072s] -- Looking for pthread_create in pthreads
[6.389s] -- Looking for pthread_create in pthreads - not found
[6.390s] -- Looking for pthread_create in pthread
[6.640s] -- Looking for pthread_create in pthread - found
[6.641s] -- Found Threads: TRUE  
[6.646s] -- Using Python nosetests: /usr/bin/nosetests-2.7
[6.749s] -- catkin 0.7.29
[6.749s] -- BUILD_SHARED_LIBS is on
[7.428s] -- Using these message generators: gencpp;geneus;genlisp;gennodejs;genpy
[7.728s] running python3 -m pip install -r /home/elias/catkin_ws/src/arena-rosnav-3D/src/aws-robomaker-hospital-world/requirements.txt 2>&1
[8.782s] Requirement already satisfied: docopt>=0.6.2 in /home/elias/python_env/rosnav/lib/python3.6/site-packages (from -r /home/elias/catkin_ws/src/arena-rosnav-3D/src/aws-robomaker-hospital-world/requirements.txt (line 1)) (0.6.2)
[8.783s] Requirement already satisfied: requests in /home/elias/python_env/rosnav/lib/python3.6/site-packages (from -r /home/elias/catkin_ws/src/arena-rosnav-3D/src/aws-robomaker-hospital-world/requirements.txt (line 2)) (2.26.0)
[8.785s] Requirement already satisfied: lxml in /home/elias/python_env/rosnav/lib/python3.6/site-packages (from -r /home/elias/catkin_ws/src/arena-rosnav-3D/src/aws-robomaker-hospital-world/requirements.txt (line 3)) (4.6.3)
[8.843s] Requirement already satisfied: idna<4,>=2.5 in /home/elias/python_env/rosnav/lib/python3.6/site-packages (from requests->-r /home/elias/catkin_ws/src/arena-rosnav-3D/src/aws-robomaker-hospital-world/requirements.txt (line 2)) (3.2)
[8.845s] Requirement already satisfied: certifi>=2017.4.17 in /home/elias/python_env/rosnav/lib/python3.6/site-packages (from requests->-r /home/elias/catkin_ws/src/arena-rosnav-3D/src/aws-robomaker-hospital-world/requirements.txt (line 2)) (2021.5.30)
[8.853s] Requirement already satisfied: urllib3<1.27,>=1.21.1 in /home/elias/python_env/rosnav/lib/python3.6/site-packages (from requests->-r /home/elias/catkin_ws/src/arena-rosnav-3D/src/aws-robomaker-hospital-world/requirements.txt (line 2)) (1.26.6)
[8.860s] Requirement already satisfied: charset-normalizer~=2.0.0 in /home/elias/python_env/rosnav/lib/python3.6/site-packages (from requests->-r /home/elias/catkin_ws/src/arena-rosnav-3D/src/aws-robomaker-hospital-world/requirements.txt (line 2)) (2.0.3)
[9.134s] WARNING: You are using pip version 21.1.1; however, version 21.2.1 is available.
[9.134s] You should consider upgrading via the '/home/elias/python_env/rosnav/bin/python3 -m pip install --upgrade pip' command.
[9.229s] running python3 /home/elias/catkin_ws/src/arena-rosnav-3D/src/aws-robomaker-hospital-world/fuel_utility.py download -m XRayMachine -m IVStand -m BloodPressureMonitor -m BPCart -m BMWCart -m CGMClassic -m StorageRack -m Chair -m InstrumentCart1 -m Scrubs -m PatientWheelChair -m WhiteChipChair -m TrolleyBed -m SurgicalTrolley -m PotatoChipChair -m VisitorKidSit -m FemaleVisitorSit -m AdjTable -m MopCart3 -m MaleVisitorSit -m Drawer -m OfficeChairBlack -m ElderLadyPatient -m ElderMalePatient -m InstrumentCart2 -m MetalCabinet -m BedTable -m BedsideTable -m AnesthesiaMachine -m TrolleyBedPatient -m Shower -m SurgicalTrolleyMed -m StorageRackCovered -m KitchenSink -m Toilet -m VendingMachine -m ParkingTrolleyMin -m PatientFSit -m MaleVisitorOnPhone -m FemaleVisitor -m MalePatientBed -m StorageRackCoverOpen -m ParkingTrolleyMax -d /home/elias/catkin_ws/src/arena-rosnav-3D/src/aws-robomaker-hospital-world/fuel_models --verbose 2>&1
[9.588s] DEBUG:root:Arguments provided: {"download": true, "--query": null, "--model": ["XRayMachine", "IVStand", "BloodPressureMonitor", "BPCart", "BMWCart", "CGMClassic", "StorageRack", "Chair", "InstrumentCart1", "Scrubs", "PatientWheelChair", "WhiteChipChair", "TrolleyBed", "SurgicalTrolley", "PotatoChipChair", "VisitorKidSit", "FemaleVisitorSit", "AdjTable", "MopCart3", "MaleVisitorSit", "Drawer", "OfficeChairBlack", "ElderLadyPatient", "ElderMalePatient", "InstrumentCart2", "MetalCabinet", "BedTable", "BedsideTable", "AnesthesiaMachine", "TrolleyBedPatient", "Shower", "SurgicalTrolleyMed", "StorageRackCovered", "KitchenSink", "Toilet", "VendingMachine", "ParkingTrolleyMin", "PatientFSit", "MaleVisitorOnPhone", "FemaleVisitor", "MalePatientBed", "StorageRackCoverOpen", "ParkingTrolleyMax"], "--version": 0, "-,": false, "--verbose": true, "--destination": "/home/elias/catkin_ws/src/arena-rosnav-3D/src/aws-robomaker-hospital-world/fuel_models"}
[9.591s] INFO:root:Starting fuel models..
[9.595s] INFO:root:Fetching model XRayMachine.
[9.602s] DEBUG:urllib3.connectionpool:Starting new HTTPS connection (1): fuel.ignitionrobotics.org:443
[10.138s] DEBUG:urllib3.connectionpool:https://fuel.ignitionrobotics.org:443 "GET /1.0/OpenRobotics/models/XRayMachine HTTP/1.1" 200 389
[10.140s] INFO:root:Fetching model IVStand.
[10.145s] DEBUG:urllib3.connectionpool:Starting new HTTPS connection (1): fuel.ignitionrobotics.org:443
[10.630s] DEBUG:urllib3.connectionpool:https://fuel.ignitionrobotics.org:443 "GET /1.0/OpenRobotics/models/IVStand HTTP/1.1" 200 382
[10.632s] INFO:root:Fetching model BloodPressureMonitor.
[10.638s] DEBUG:urllib3.connectionpool:Starting new HTTPS connection (1): fuel.ignitionrobotics.org:443
[11.116s] DEBUG:urllib3.connectionpool:https://fuel.ignitionrobotics.org:443 "GET /1.0/OpenRobotics/models/BloodPressureMonitor HTTP/1.1" 200 394
[11.122s] INFO:root:Fetching model BPCart.
[11.130s] DEBUG:urllib3.connectionpool:Starting new HTTPS connection (1): fuel.ignitionrobotics.org:443
[11.612s] DEBUG:urllib3.connectionpool:https://fuel.ignitionrobotics.org:443 "GET /1.0/OpenRobotics/models/BPCart HTTP/1.1" 200 379
[11.615s] INFO:root:Fetching model BMWCart.
[11.619s] DEBUG:urllib3.connectionpool:Starting new HTTPS connection (1): fuel.ignitionrobotics.org:443
[12.102s] DEBUG:urllib3.connectionpool:https://fuel.ignitionrobotics.org:443 "GET /1.0/OpenRobotics/models/BMWCart HTTP/1.1" 200 363
[12.106s] INFO:root:Fetching model CGMClassic.
[12.115s] DEBUG:urllib3.connectionpool:Starting new HTTPS connection (1): fuel.ignitionrobotics.org:443
[12.608s] DEBUG:urllib3.connectionpool:https://fuel.ignitionrobotics.org:443 "GET /1.0/OpenRobotics/models/CGMClassic HTTP/1.1" 200 372
[12.613s] INFO:root:Fetching model StorageRack.
[12.621s] DEBUG:urllib3.connectionpool:Starting new HTTPS connection (1): fuel.ignitionrobotics.org:443
[13.116s] DEBUG:urllib3.connectionpool:https://fuel.ignitionrobotics.org:443 "GET /1.0/OpenRobotics/models/StorageRack HTTP/1.1" 200 373
[13.120s] INFO:root:Fetching model Chair.
[13.125s] DEBUG:urllib3.connectionpool:Starting new HTTPS connection (1): fuel.ignitionrobotics.org:443
[13.608s] DEBUG:urllib3.connectionpool:https://fuel.ignitionrobotics.org:443 "GET /1.0/OpenRobotics/models/Chair HTTP/1.1" 200 362
[13.612s] INFO:root:Fetching model InstrumentCart1.
[13.621s] DEBUG:urllib3.connectionpool:Starting new HTTPS connection (1): fuel.ignitionrobotics.org:443
[14.106s] DEBUG:urllib3.connectionpool:https://fuel.ignitionrobotics.org:443 "GET /1.0/OpenRobotics/models/InstrumentCart1 HTTP/1.1" 200 362
[14.109s] INFO:root:Fetching model Scrubs.
[14.115s] DEBUG:urllib3.connectionpool:Starting new HTTPS connection (1): fuel.ignitionrobotics.org:443
[14.598s] DEBUG:urllib3.connectionpool:https://fuel.ignitionrobotics.org:443 "GET /1.0/OpenRobotics/models/Scrubs HTTP/1.1" 200 354
[14.600s] INFO:root:Fetching model PatientWheelChair.
[14.602s] DEBUG:urllib3.connectionpool:Starting new HTTPS connection (1): fuel.ignitionrobotics.org:443
[15.087s] DEBUG:urllib3.connectionpool:https://fuel.ignitionrobotics.org:443 "GET /1.0/OpenRobotics/models/PatientWheelChair HTTP/1.1" 200 402
[15.090s] INFO:root:Fetching model WhiteChipChair.
[15.095s] DEBUG:urllib3.connectionpool:Starting new HTTPS connection (1): fuel.ignitionrobotics.org:443
[15.573s] DEBUG:urllib3.connectionpool:https://fuel.ignitionrobotics.org:443 "GET /1.0/OpenRobotics/models/WhiteChipChair HTTP/1.1" 200 393
[15.580s] INFO:root:Fetching model TrolleyBed.
[15.586s] DEBUG:urllib3.connectionpool:Starting new HTTPS connection (1): fuel.ignitionrobotics.org:443
[16.074s] DEBUG:urllib3.connectionpool:https://fuel.ignitionrobotics.org:443 "GET /1.0/OpenRobotics/models/TrolleyBed HTTP/1.1" 200 396
[16.079s] INFO:root:Fetching model SurgicalTrolley.
[16.085s] DEBUG:urllib3.connectionpool:Starting new HTTPS connection (1): fuel.ignitionrobotics.org:443
[16.568s] DEBUG:urllib3.connectionpool:https://fuel.ignitionrobotics.org:443 "GET /1.0/OpenRobotics/models/SurgicalTrolley HTTP/1.1" 200 367
[16.572s] INFO:root:Fetching model PotatoChipChair.
[16.579s] DEBUG:urllib3.connectionpool:Starting new HTTPS connection (1): fuel.ignitionrobotics.org:443
[17.063s] DEBUG:urllib3.connectionpool:https://fuel.ignitionrobotics.org:443 "GET /1.0/OpenRobotics/models/PotatoChipChair HTTP/1.1" 200 395
[17.064s] INFO:root:Fetching model VisitorKidSit.
[17.067s] DEBUG:urllib3.connectionpool:Starting new HTTPS connection (1): fuel.ignitionrobotics.org:443
[17.551s] DEBUG:urllib3.connectionpool:https://fuel.ignitionrobotics.org:443 "GET /1.0/OpenRobotics/models/VisitorKidSit HTTP/1.1" 200 361
[17.556s] INFO:root:Fetching model FemaleVisitorSit.
[17.565s] DEBUG:urllib3.connectionpool:Starting new HTTPS connection (1): fuel.ignitionrobotics.org:443
[18.054s] DEBUG:urllib3.connectionpool:https://fuel.ignitionrobotics.org:443 "GET /1.0/OpenRobotics/models/FemaleVisitorSit HTTP/1.1" 200 363
[18.057s] INFO:root:Fetching model AdjTable.
[18.063s] DEBUG:urllib3.connectionpool:Starting new HTTPS connection (1): fuel.ignitionrobotics.org:443
[18.560s] DEBUG:urllib3.connectionpool:https://fuel.ignitionrobotics.org:443 "GET /1.0/OpenRobotics/models/AdjTable HTTP/1.1" 200 377
[18.564s] INFO:root:Fetching model MopCart3.
[18.569s] DEBUG:urllib3.connectionpool:Starting new HTTPS connection (1): fuel.ignitionrobotics.org:443
[19.057s] DEBUG:urllib3.connectionpool:https://fuel.ignitionrobotics.org:443 "GET /1.0/OpenRobotics/models/MopCart3 HTTP/1.1" 200 362
[19.061s] INFO:root:Fetching model MaleVisitorSit.
[19.065s] DEBUG:urllib3.connectionpool:Starting new HTTPS connection (1): fuel.ignitionrobotics.org:443
[19.547s] DEBUG:urllib3.connectionpool:https://fuel.ignitionrobotics.org:443 "GET /1.0/OpenRobotics/models/MaleVisitorSit HTTP/1.1" 200 363
[19.551s] INFO:root:Fetching model Drawer.
[19.556s] DEBUG:urllib3.connectionpool:Starting new HTTPS connection (1): fuel.ignitionrobotics.org:443
[20.033s] DEBUG:urllib3.connectionpool:https://fuel.ignitionrobotics.org:443 "GET /1.0/OpenRobotics/models/Drawer HTTP/1.1" 200 364
[20.035s] INFO:root:Fetching model OfficeChairBlack.
[20.041s] DEBUG:urllib3.connectionpool:Starting new HTTPS connection (1): fuel.ignitionrobotics.org:443
[20.525s] DEBUG:urllib3.connectionpool:https://fuel.ignitionrobotics.org:443 "GET /1.0/OpenRobotics/models/OfficeChairBlack HTTP/1.1" 200 371
[20.527s] INFO:root:Fetching model ElderLadyPatient.
[20.530s] DEBUG:urllib3.connectionpool:Starting new HTTPS connection (1): fuel.ignitionrobotics.org:443
[21.011s] DEBUG:urllib3.connectionpool:https://fuel.ignitionrobotics.org:443 "GET /1.0/OpenRobotics/models/ElderLadyPatient HTTP/1.1" 200 366
[21.015s] INFO:root:Fetching model ElderMalePatient.
[21.020s] DEBUG:urllib3.connectionpool:Starting new HTTPS connection (1): fuel.ignitionrobotics.org:443
[21.500s] DEBUG:urllib3.connectionpool:https://fuel.ignitionrobotics.org:443 "GET /1.0/OpenRobotics/models/ElderMalePatient HTTP/1.1" 200 364
[21.505s] INFO:root:Fetching model InstrumentCart2.
[21.508s] DEBUG:urllib3.connectionpool:Starting new HTTPS connection (1): fuel.ignitionrobotics.org:443
[22.008s] DEBUG:urllib3.connectionpool:https://fuel.ignitionrobotics.org:443 "GET /1.0/OpenRobotics/models/InstrumentCart2 HTTP/1.1" 200 360
[22.012s] INFO:root:Fetching model MetalCabinet.
[22.019s] DEBUG:urllib3.connectionpool:Starting new HTTPS connection (1): fuel.ignitionrobotics.org:443
[22.523s] DEBUG:urllib3.connectionpool:https://fuel.ignitionrobotics.org:443 "GET /1.0/OpenRobotics/models/MetalCabinet HTTP/1.1" 200 367
[22.527s] INFO:root:Fetching model BedTable.
[22.531s] DEBUG:urllib3.connectionpool:Starting new HTTPS connection (1): fuel.ignitionrobotics.org:443
[23.017s] DEBUG:urllib3.connectionpool:https://fuel.ignitionrobotics.org:443 "GET /1.0/OpenRobotics/models/BedTable HTTP/1.1" 200 367
[23.022s] INFO:root:Fetching model BedsideTable.
[23.028s] DEBUG:urllib3.connectionpool:Starting new HTTPS connection (1): fuel.ignitionrobotics.org:443
[23.511s] DEBUG:urllib3.connectionpool:https://fuel.ignitionrobotics.org:443 "GET /1.0/OpenRobotics/models/BedsideTable HTTP/1.1" 200 368
[23.516s] INFO:root:Fetching model AnesthesiaMachine.
[23.523s] DEBUG:urllib3.connectionpool:Starting new HTTPS connection (1): fuel.ignitionrobotics.org:443
[24.052s] DEBUG:urllib3.connectionpool:https://fuel.ignitionrobotics.org:443 "GET /1.0/OpenRobotics/models/AnesthesiaMachine HTTP/1.1" 200 365
[24.055s] INFO:root:Fetching model TrolleyBedPatient.
[24.060s] DEBUG:urllib3.connectionpool:Starting new HTTPS connection (1): fuel.ignitionrobotics.org:443
[24.545s] DEBUG:urllib3.connectionpool:https://fuel.ignitionrobotics.org:443 "GET /1.0/OpenRobotics/models/TrolleyBedPatient HTTP/1.1" 200 394
[24.548s] INFO:root:Fetching model Shower.
[24.553s] DEBUG:urllib3.connectionpool:Starting new HTTPS connection (1): fuel.ignitionrobotics.org:443
[25.023s] DEBUG:urllib3.connectionpool:https://fuel.ignitionrobotics.org:443 "GET /1.0/OpenRobotics/models/Shower HTTP/1.1" 200 366
[25.027s] INFO:root:Fetching model SurgicalTrolleyMed.
[25.033s] DEBUG:urllib3.connectionpool:Starting new HTTPS connection (1): fuel.ignitionrobotics.org:443
[25.519s] DEBUG:urllib3.connectionpool:https://fuel.ignitionrobotics.org:443 "GET /1.0/OpenRobotics/models/SurgicalTrolleyMed HTTP/1.1" 200 368
[25.524s] INFO:root:Fetching model StorageRackCovered.
[25.528s] DEBUG:urllib3.connectionpool:Starting new HTTPS connection (1): fuel.ignitionrobotics.org:443
[26.008s] DEBUG:urllib3.connectionpool:https://fuel.ignitionrobotics.org:443 "GET /1.0/OpenRobotics/models/StorageRackCovered HTTP/1.1" 200 370
[26.012s] INFO:root:Fetching model KitchenSink.
[26.017s] DEBUG:urllib3.connectionpool:Starting new HTTPS connection (1): fuel.ignitionrobotics.org:443
[26.498s] DEBUG:urllib3.connectionpool:https://fuel.ignitionrobotics.org:443 "GET /1.0/OpenRobotics/models/KitchenSink HTTP/1.1" 200 378
[26.502s] INFO:root:Fetching model Toilet.
[26.507s] DEBUG:urllib3.connectionpool:Starting new HTTPS connection (1): fuel.ignitionrobotics.org:443
[26.990s] DEBUG:urllib3.connectionpool:https://fuel.ignitionrobotics.org:443 "GET /1.0/OpenRobotics/models/Toilet HTTP/1.1" 200 363
[26.993s] INFO:root:Fetching model VendingMachine.
[26.999s] DEBUG:urllib3.connectionpool:Starting new HTTPS connection (1): fuel.ignitionrobotics.org:443
[27.481s] DEBUG:urllib3.connectionpool:https://fuel.ignitionrobotics.org:443 "GET /1.0/OpenRobotics/models/VendingMachine HTTP/1.1" 200 375
[27.484s] INFO:root:Fetching model ParkingTrolleyMin.
[27.492s] DEBUG:urllib3.connectionpool:Starting new HTTPS connection (1): fuel.ignitionrobotics.org:443
[27.985s] DEBUG:urllib3.connectionpool:https://fuel.ignitionrobotics.org:443 "GET /1.0/OpenRobotics/models/ParkingTrolleyMin HTTP/1.1" 200 413
[27.987s] INFO:root:Fetching model PatientFSit.
[27.993s] DEBUG:urllib3.connectionpool:Starting new HTTPS connection (1): fuel.ignitionrobotics.org:443
[28.467s] DEBUG:urllib3.connectionpool:https://fuel.ignitionrobotics.org:443 "GET /1.0/OpenRobotics/models/PatientFSit HTTP/1.1" 200 360
[28.470s] INFO:root:Fetching model MaleVisitorOnPhone.
[28.475s] DEBUG:urllib3.connectionpool:Starting new HTTPS connection (1): fuel.ignitionrobotics.org:443
[28.959s] DEBUG:urllib3.connectionpool:https://fuel.ignitionrobotics.org:443 "GET /1.0/OpenRobotics/models/MaleVisitorOnPhone HTTP/1.1" 200 383
[28.964s] INFO:root:Fetching model FemaleVisitor.
[28.969s] DEBUG:urllib3.connectionpool:Starting new HTTPS connection (1): fuel.ignitionrobotics.org:443
[29.449s] DEBUG:urllib3.connectionpool:https://fuel.ignitionrobotics.org:443 "GET /1.0/OpenRobotics/models/FemaleVisitor HTTP/1.1" 200 361
[29.453s] INFO:root:Fetching model MalePatientBed.
[29.456s] DEBUG:urllib3.connectionpool:Starting new HTTPS connection (1): fuel.ignitionrobotics.org:443
[29.940s] DEBUG:urllib3.connectionpool:https://fuel.ignitionrobotics.org:443 "GET /1.0/OpenRobotics/models/MalePatientBed HTTP/1.1" 200 362
[29.945s] INFO:root:Fetching model StorageRackCoverOpen.
[29.954s] DEBUG:urllib3.connectionpool:Starting new HTTPS connection (1): fuel.ignitionrobotics.org:443
[30.434s] DEBUG:urllib3.connectionpool:https://fuel.ignitionrobotics.org:443 "GET /1.0/OpenRobotics/models/StorageRackCoverOpen HTTP/1.1" 200 380
[30.440s] INFO:root:Fetching model ParkingTrolleyMax.
[30.446s] DEBUG:urllib3.connectionpool:Starting new HTTPS connection (1): fuel.ignitionrobotics.org:443
[30.931s] DEBUG:urllib3.connectionpool:https://fuel.ignitionrobotics.org:443 "GET /1.0/OpenRobotics/models/ParkingTrolleyMax HTTP/1.1" 200 416
[30.940s] DEBUG:root:Complete model list: [{'createdAt': '2020-08-06T11:41:57Z', 'updatedAt': '2021-07-30T15:37:07Z', 'name': 'XRayMachine', 'owner': 'OpenRobotics', 'description': '', 'likes': 0, 'downloads': 1217, 'filesize': 345665, 'upload_date': '2020-08-06T11:41:56Z', 'modify_date': '2020-08-06T11:41:56Z', 'license_id': 2, 'license_name': 'Creative Commons Attribution 4.0 International', 'license_url': 'http://creativecommons.org/licenses/by/4.0/', 'license_image': 'https://i.creativecommons.org/l/by/4.0/88x31.png', 'permission': 0, 'url_name': '', 'thumbnail_url': '/OpenRobotics/models/XRayMachine/tip/files/thumbnails/1.png', 'version': 1, 'private': False, 'tags': ['xray', 'machine', 'xraymachine'], 'categories': ['Electronics', 'Appliance']}, {'createdAt': '2020-08-06T11:26:29Z', 'updatedAt': '2021-07-30T15:37:13Z', 'name': 'IVStand', 'owner': 'OpenRobotics', 'description': '', 'likes': 0, 'downloads': 2181, 'filesize': 774855, 'upload_date': '2020-08-06T11:26:28Z', 'modify_date': '2020-08-06T11:47:42Z', 'license_id': 2, 'license_name': 'Creative Commons Attribution 4.0 International', 'license_url': 'http://creativecommons.org/licenses/by/4.0/', 'license_image': 'https://i.creativecommons.org/l/by/4.0/88x31.png', 'permission': 0, 'url_name': '', 'thumbnail_url': '/OpenRobotics/models/IVStand/tip/files/thumbnails/1.png', 'version': 1, 'private': False, 'tags': ['stand', 'IV', 'IVStand'], 'categories': ['Appliance']}, {'createdAt': '2020-08-06T11:21:27Z', 'updatedAt': '2021-07-30T15:37:20Z', 'name': 'BloodPressureMonitor', 'owner': 'OpenRobotics', 'description': '', 'likes': 0, 'downloads': 1195, 'filesize': 237020, 'upload_date': '2020-08-06T11:21:26Z', 'modify_date': '2020-08-06T11:49:48Z', 'license_id': 2, 'license_name': 'Creative Commons Attribution 4.0 International', 'license_url': 'http://creativecommons.org/licenses/by/4.0/', 'license_image': 'https://i.creativecommons.org/l/by/4.0/88x31.png', 'permission': 0, 'url_name': '', 'thumbnail_url': '/OpenRobotics/models/BloodPressureMonitor/tip/files/thumbnails/1.png', 'version': 1, 'private': False, 'tags': ['monitor', 'bloodpressure', 'blood', 'bloodpressuremonitor'], 'categories': ['Appliance']}, {'createdAt': '2020-08-06T11:22:38Z', 'updatedAt': '2021-07-30T15:37:27Z', 'name': 'BPCart', 'owner': 'OpenRobotics', 'description': '', 'likes': 0, 'downloads': 1202, 'filesize': 1659990, 'upload_date': '2020-08-06T11:22:35Z', 'modify_date': '2020-08-06T11:49:22Z', 'license_id': 2, 'license_name': 'Creative Commons Attribution 4.0 International', 'license_url': 'http://creativecommons.org/licenses/by/4.0/', 'license_image': 'https://i.creativecommons.org/l/by/4.0/88x31.png', 'permission': 0, 'url_name': '', 'thumbnail_url': '/OpenRobotics/models/BPCart/tip/files/thumbnails/1.png', 'version': 1, 'private': False, 'tags': ['bp', 'cart', 'bpcart'], 'categories': ['Appliance']}, {'createdAt': '2020-06-26T09:36:40Z', 'updatedAt': '2021-07-30T15:37:34Z', 'name': 'BMWCart', 'owner': 'OpenRobotics', 'description': '', 'likes': 0, 'downloads': 955, 'filesize': 1607574, 'upload_date': '2020-06-26T09:36:38Z', 'modify_date': '2020-06-26T09:36:38Z', 'license_id': 2, 'license_name': 'Creative Commons Attribution 4.0 International', 'license_url': 'http://creativecommons.org/licenses/by/4.0/', 'license_image': 'https://i.creativecommons.org/l/by/4.0/88x31.png', 'permission': 0, 'url_name': '', 'thumbnail_url': '/OpenRobotics/models/BMWCart/tip/files/thumbnails/1.png', 'version': 1, 'private': False, 'categories': ['Appliance']}, {'createdAt': '2019-10-28T05:53:59Z', 'updatedAt': '2021-07-30T15:37:42Z', 'name': 'CGMClassic', 'owner': 'OpenRobotics', 'description': '', 'likes': 0, 'downloads': 1443, 'filesize': 1597545, 'upload_date': '2019-10-28T05:53:56Z', 'modify_date': '2020-10-05T08:56:32Z', 'license_id': 2, 'license_name': 'Creative Commons Attribution 4.0 International', 'license_url': 'http://creativecommons.org/licenses/by/4.0/', 'license_image': 'https://i.creativecommons.org/l/by/4.0/88x31.png', 'permission': 0, 'url_name': '', 'thumbnail_url': '/OpenRobotics/models/CGMClassic/tip/files/thumbnails/1.png', 'version': 3, 'private': False, 'tags': ['hospital', 'bed']}, {'createdAt': '2019-10-28T06:40:47Z', 'updatedAt': '2021-07-30T15:37:49Z', 'name': 'StorageRack', 'owner': 'OpenRobotics', 'description': 'Empty Grilled Storage Rack', 'likes': 0, 'downloads': 16581, 'filesize': 70905, 'upload_date': '2019-10-28T06:40:44Z', 'modify_date': '2019-10-28T06:40:44Z', 'license_id': 2, 'license_name': 'Creative Commons Attribution 4.0 International', 'license_url': 'http://creativecommons.org/licenses/by/4.0/', 'license_image': 'https://i.creativecommons.org/l/by/4.0/88x31.png', 'permission': 0, 'url_name': '', 'thumbnail_url': '/OpenRobotics/models/StorageRack/tip/files/thumbnails/1.png', 'version': 1, 'private': False, 'tags': ['hospital']}, {'createdAt': '2020-05-20T19:30:13Z', 'updatedAt': '2021-07-30T15:37:56Z', 'name': 'Chair', 'owner': 'OpenRobotics', 'description': '', 'likes': 0, 'downloads': 3524, 'filesize': 2741590, 'upload_date': '2020-05-20T19:30:11Z', 'modify_date': '2020-05-20T19:30:11Z', 'license_id': 2, 'license_name': 'Creative Commons Attribution 4.0 International', 'license_url': 'http://creativecommons.org/licenses/by/4.0/', 'license_image': 'https://i.creativecommons.org/l/by/4.0/88x31.png', 'permission': 0, 'url_name': '', 'thumbnail_url': '/OpenRobotics/models/Chair/tip/files/thumbnails/1.png', 'version': 1, 'private': False, 'categories': ['Furniture and Home']}, {'createdAt': '2019-10-28T06:19:00Z', 'updatedAt': '2021-07-30T15:38:04Z', 'name': 'InstrumentCart1', 'owner': 'OpenRobotics', 'description': '', 'likes': 0, 'downloads': 1116, 'filesize': 135677, 'upload_date': '2019-10-28T06:18:57Z', 'modify_date': '2019-10-28T06:18:57Z', 'license_id': 2, 'license_name': 'Creative Commons Attribution 4.0 International', 'license_url': 'http://creativecommons.org/licenses/by/4.0/', 'license_image': 'https://i.creativecommons.org/l/by/4.0/88x31.png', 'permission': 0, 'url_name': '', 'thumbnail_url': '/OpenRobotics/models/InstrumentCart1/tip/files/thumbnails/1.png', 'version': 1, 'private': False, 'tags': ['hospital']}, {'createdAt': '2020-07-06T10:19:54Z', 'updatedAt': '2021-07-30T15:38:10Z', 'name': 'Scrubs', 'owner': 'OpenRobotics', 'description': '', 'likes': 0, 'downloads': 2183, 'filesize': 1028421, 'upload_date': '2020-07-06T10:19:52Z', 'modify_date': '2020-07-06T10:19:52Z', 'license_id': 2, 'license_name': 'Creative Commons Attribution 4.0 International', 'license_url': 'http://creativecommons.org/licenses/by/4.0/', 'license_image': 'https://i.creativecommons.org/l/by/4.0/88x31.png', 'permission': 0, 'url_name': '', 'thumbnail_url': '/OpenRobotics/models/Scrubs/tip/files/thumbnails/1.png', 'version': 1, 'private': False, 'categories': ['People']}, {'createdAt': '2019-10-28T06:33:50Z', 'updatedAt': '2021-07-30T15:38:17Z', 'name': 'PatientWheelChair', 'owner': 'OpenRobotics', 'description': 'Elderly patient on a wheelchair', 'likes': 0, 'downloads': 2395, 'filesize': 1175273, 'upload_date': '2019-10-28T06:33:46Z', 'modify_date': '2020-08-31T07:45:16Z', 'license_id': 2, 'license_name': 'Creative Commons Attribution 4.0 International', 'license_url': 'http://creativecommons.org/licenses/by/4.0/', 'license_image': 'https://i.creativecommons.org/l/by/4.0/88x31.png', 'permission': 0, 'url_name': '', 'thumbnail_url': '/OpenRobotics/models/PatientWheelChair/tip/files/thumbnails/1.png', 'version': 3, 'private': False, 'tags': ['person', 'hospital']}, {'createdAt': '2019-10-28T06:48:13Z', 'updatedAt': '2021-07-30T15:38:25Z', 'name': 'WhiteChipChair', 'owner': 'OpenRobotics', 'description': 'White row of seats.', 'likes': 0, 'downloads': 9006, 'filesize': 792333, 'upload_date': '2019-10-28T06:48:10Z', 'modify_date': '2021-01-15T07:34:47Z', 'license_id': 2, 'license_name': 'Creative Commons Attribution 4.0 International', 'license_url': 'http://creativecommons.org/licenses/by/4.0/', 'license_image': 'https://i.creativecommons.org/l/by/4.0/88x31.png', 'permission': 0, 'url_name': '', 'thumbnail_url': '/OpenRobotics/models/WhiteChipChair/tip/files/thumbnails/1.png', 'version': 2, 'private': False, 'tags': ['hospital', 'furniture']}, {'createdAt': '2019-10-25T09:22:08Z', 'updatedAt': '2021-07-30T15:38:32Z', 'name': 'TrolleyBed', 'owner': 'OpenRobotics', 'description': 'Bed to transport patients', 'likes': 0, 'downloads': 1513, 'filesize': 1015682, 'upload_date': '2019-10-25T09:22:04Z', 'modify_date': '2020-07-07T17:16:25Z', 'license_id': 2, 'license_name': 'Creative Commons Attribution 4.0 International', 'license_url': 'http://creativecommons.org/licenses/by/4.0/', 'license_image': 'https://i.creativecommons.org/l/by/4.0/88x31.png', 'permission': 0, 'url_name': '', 'thumbnail_url': '/OpenRobotics/models/TrolleyBed/tip/files/thumbnails/1.png', 'version': 2, 'private': False, 'tags': ['static', 'hospital', 'bed']}, {'createdAt': '2019-10-28T06:43:28Z', 'updatedAt': '2021-07-30T15:38:39Z', 'name': 'SurgicalTrolley', 'owner': 'OpenRobotics', 'description': 'Surgical supply trolley', 'likes': 0, 'downloads': 1088, 'filesize': 849805, 'upload_date': '2019-10-28T06:43:25Z', 'modify_date': '2019-10-28T06:43:25Z', 'license_id': 2, 'license_name': 'Creative Commons Attribution 4.0 International', 'license_url': 'http://creativecommons.org/licenses/by/4.0/', 'license_image': 'https://i.creativecommons.org/l/by/4.0/88x31.png', 'permission': 0, 'url_name': '', 'thumbnail_url': '/OpenRobotics/models/SurgicalTrolley/tip/files/thumbnails/1.png', 'version': 1, 'private': False, 'tags': ['hospital']}, {'createdAt': '2019-10-28T06:34:44Z', 'updatedAt': '2021-07-30T15:38:46Z', 'name': 'PotatoChipChair', 'owner': 'OpenRobotics', 'description': 'Blue row of seats.', 'likes': 0, 'downloads': 6447, 'filesize': 824743, 'upload_date': '2019-10-28T06:34:41Z', 'modify_date': '2021-01-15T07:33:39Z', 'license_id': 2, 'license_name': 'Creative Commons Attribution 4.0 International', 'license_url': 'http://creativecommons.org/licenses/by/4.0/', 'license_image': 'https://i.creativecommons.org/l/by/4.0/88x31.png', 'permission': 0, 'url_name': '', 'thumbnail_url': '/OpenRobotics/models/PotatoChipChair/tip/files/thumbnails/1.png', 'version': 2, 'private': False, 'tags': ['hospital', 'furniture']}, {'createdAt': '2020-05-20T19:38:37Z', 'updatedAt': '2021-07-30T15:38:53Z', 'name': 'VisitorKidSit', 'owner': 'OpenRobotics', 'description': '', 'likes': 0, 'downloads': 3177, 'filesize': 744956, 'upload_date': '2020-05-20T19:38:35Z', 'modify_date': '2020-05-20T19:38:35Z', 'license_id': 2, 'license_name': 'Creative Commons Attribution 4.0 International', 'license_url': 'http://creativecommons.org/licenses/by/4.0/', 'license_image': 'https://i.creativecommons.org/l/by/4.0/88x31.png', 'permission': 0, 'url_name': '', 'thumbnail_url': '/OpenRobotics/models/VisitorKidSit/tip/files/thumbnails/1.png', 'version': 1, 'private': False, 'categories': ['People']}, {'createdAt': '2020-05-20T19:34:41Z', 'updatedAt': '2021-07-30T15:39:00Z', 'name': 'FemaleVisitorSit', 'owner': 'OpenRobotics', 'description': '', 'likes': 0, 'downloads': 3200, 'filesize': 669884, 'upload_date': '2020-05-20T19:34:39Z', 'modify_date': '2020-05-20T19:34:39Z', 'license_id': 2, 'license_name': 'Creative Commons Attribution 4.0 International', 'license_url': 'http://creativecommons.org/licenses/by/4.0/', 'license_image': 'https://i.creativecommons.org/l/by/4.0/88x31.png', 'permission': 0, 'url_name': '', 'thumbnail_url': '/OpenRobotics/models/FemaleVisitorSit/tip/files/thumbnails/1.png', 'version': 1, 'private': False, 'categories': ['People']}, {'createdAt': '2020-06-09T12:06:50Z', 'updatedAt': '2021-07-30T15:39:08Z', 'name': 'AdjTable', 'owner': 'OpenRobotics', 'description': '', 'likes': 0, 'downloads': 2518, 'filesize': 4100585, 'upload_date': '2020-06-09T12:06:48Z', 'modify_date': '2020-07-15T05:23:10Z', 'license_id': 2, 'license_name': 'Creative Commons Attribution 4.0 International', 'license_url': 'http://creativecommons.org/licenses/by/4.0/', 'license_image': 'https://i.creativecommons.org/l/by/4.0/88x31.png', 'permission': 0, 'url_name': '', 'thumbnail_url': '/OpenRobotics/models/AdjTable/tip/files/thumbnails/1.png', 'version': 3, 'private': False, 'categories': ['Furniture and Home']}, {'createdAt': '2020-06-22T08:41:13Z', 'updatedAt': '2021-07-30T15:39:16Z', 'name': 'MopCart3', 'owner': 'OpenRobotics', 'description': '', 'likes': 0, 'downloads': 3607, 'filesize': 5787981, 'upload_date': '2020-06-22T08:41:10Z', 'modify_date': '2020-06-22T08:41:10Z', 'license_id': 2, 'license_name': 'Creative Commons Attribution 4.0 International', 'license_url': 'http://creativecommons.org/licenses/by/4.0/', 'license_image': 'https://i.creativecommons.org/l/by/4.0/88x31.png', 'permission': 0, 'url_name': '', 'thumbnail_url': '/OpenRobotics/models/MopCart3/tip/files/thumbnails/1.png', 'version': 1, 'private': False, 'categories': ['Appliance']}, {'createdAt': '2020-05-20T19:36:36Z', 'updatedAt': '2021-07-30T15:39:25Z', 'name': 'MaleVisitorSit', 'owner': 'OpenRobotics', 'description': '', 'likes': 0, 'downloads': 3148, 'filesize': 596416, 'upload_date': '2020-05-20T19:36:34Z', 'modify_date': '2020-05-20T19:36:34Z', 'license_id': 2, 'license_name': 'Creative Commons Attribution 4.0 International', 'license_url': 'http://creativecommons.org/licenses/by/4.0/', 'license_image': 'https://i.creativecommons.org/l/by/4.0/88x31.png', 'permission': 0, 'url_name': '', 'thumbnail_url': '/OpenRobotics/models/MaleVisitorSit/tip/files/thumbnails/1.png', 'version': 1, 'private': False, 'categories': ['People']}, {'createdAt': '2020-06-09T12:11:18Z', 'updatedAt': '2021-07-30T15:39:32Z', 'name': 'Drawer', 'owner': 'OpenRobotics', 'description': '', 'likes': 0, 'downloads': 2818, 'filesize': 135520, 'upload_date': '2020-06-09T12:11:16Z', 'modify_date': '2020-06-09T12:11:16Z', 'license_id': 2, 'license_name': 'Creative Commons Attribution 4.0 International', 'license_url': 'http://creativecommons.org/licenses/by/4.0/', 'license_image': 'https://i.creativecommons.org/l/by/4.0/88x31.png', 'permission': 0, 'url_name': '', 'thumbnail_url': '/OpenRobotics/models/Drawer/tip/files/thumbnails/1.png', 'version': 1, 'private': False, 'categories': ['Furniture and Home']}, {'createdAt': '2020-06-09T12:12:56Z', 'updatedAt': '2021-07-30T15:39:39Z', 'name': 'OfficeChairBlack', 'owner': 'OpenRobotics', 'description': '', 'likes': 0, 'downloads': 2894, 'filesize': 793096, 'upload_date': '2020-06-09T12:12:54Z', 'modify_date': '2020-06-09T12:12:54Z', 'license_id': 2, 'license_name': 'Creative Commons Attribution 4.0 International', 'license_url': 'http://creativecommons.org/licenses/by/4.0/', 'license_image': 'https://i.creativecommons.org/l/by/4.0/88x31.png', 'permission': 0, 'url_name': '', 'thumbnail_url': '/OpenRobotics/models/OfficeChairBlack/tip/files/thumbnails/1.png', 'version': 1, 'private': False, 'categories': ['Furniture and Home']}, {'createdAt': '2020-05-21T06:09:55Z', 'updatedAt': '2021-07-30T15:39:46Z', 'name': 'ElderLadyPatient', 'owner': 'OpenRobotics', 'description': '', 'likes': 0, 'downloads': 2135, 'filesize': 2731549, 'upload_date': '2020-05-21T06:09:52Z', 'modify_date': '2020-05-21T06:09:52Z', 'license_id': 2, 'license_name': 'Creative Commons Attribution 4.0 International', 'license_url': 'http://creativecommons.org/licenses/by/4.0/', 'license_image': 'https://i.creativecommons.org/l/by/4.0/88x31.png', 'permission': 0, 'url_name': '', 'thumbnail_url': '/OpenRobotics/models/ElderLadyPatient/tip/files/thumbnails/1.png', 'version': 1, 'private': False, 'categories': ['People']}, {'createdAt': '2020-05-21T06:13:26Z', 'updatedAt': '2021-07-30T15:39:53Z', 'name': 'ElderMalePatient', 'owner': 'OpenRobotics', 'description': '', 'likes': 0, 'downloads': 2363, 'filesize': 2918271, 'upload_date': '2020-05-21T06:13:24Z', 'modify_date': '2020-05-21T06:13:24Z', 'license_id': 2, 'license_name': 'Creative Commons Attribution 4.0 International', 'license_url': 'http://creativecommons.org/licenses/by/4.0/', 'license_image': 'https://i.creativecommons.org/l/by/4.0/88x31.png', 'permission': 0, 'url_name': '', 'thumbnail_url': '/OpenRobotics/models/ElderMalePatient/tip/files/thumbnails/1.png', 'version': 1, 'private': False, 'categories': ['People']}, {'createdAt': '2019-10-28T06:19:44Z', 'updatedAt': '2021-07-30T15:40:02Z', 'name': 'InstrumentCart2', 'owner': 'OpenRobotics', 'description': '', 'likes': 0, 'downloads': 1088, 'filesize': 702606, 'upload_date': '2019-10-28T06:19:41Z', 'modify_date': '2019-10-28T06:19:41Z', 'license_id': 2, 'license_name': 'Creative Commons Attribution 4.0 International', 'license_url': 'http://creativecommons.org/licenses/by/4.0/', 'license_image': 'https://i.creativecommons.org/l/by/4.0/88x31.png', 'permission': 0, 'url_name': '', 'thumbnail_url': '/OpenRobotics/models/InstrumentCart2/tip/files/thumbnails/1.png', 'version': 1, 'private': False, 'tags': ['hospital']}, {'createdAt': '2019-10-28T06:23:41Z', 'updatedAt': '2021-07-30T15:40:09Z', 'name': 'MetalCabinet', 'owner': 'OpenRobotics', 'description': 'Tall grey metal cabinet', 'likes': 0, 'downloads': 2994, 'filesize': 29065, 'upload_date': '2019-10-28T06:23:37Z', 'modify_date': '2019-10-28T06:23:37Z', 'license_id': 2, 'license_name': 'Creative Commons Attribution 4.0 International', 'license_url': 'http://creativecommons.org/licenses/by/4.0/', 'license_image': 'https://i.creativecommons.org/l/by/4.0/88x31.png', 'permission': 0, 'url_name': '', 'thumbnail_url': '/OpenRobotics/models/MetalCabinet/tip/files/thumbnails/1.png', 'version': 1, 'private': False, 'tags': ['hospital']}, {'createdAt': '2020-05-21T05:53:52Z', 'updatedAt': '2021-07-30T15:40:15Z', 'name': 'BedTable', 'owner': 'OpenRobotics', 'description': '', 'likes': 0, 'downloads': 1157, 'filesize': 1088303, 'upload_date': '2020-05-21T05:53:49Z', 'modify_date': '2020-05-21T05:53:49Z', 'license_id': 2, 'license_name': 'Creative Commons Attribution 4.0 International', 'license_url': 'http://creativecommons.org/licenses/by/4.0/', 'license_image': 'https://i.creativecommons.org/l/by/4.0/88x31.png', 'permission': 0, 'url_name': '', 'thumbnail_url': '/OpenRobotics/models/BedTable/tip/files/thumbnails/1.png', 'version': 1, 'private': False, 'categories': ['Furniture and Home']}, {'createdAt': '2020-05-21T05:27:18Z', 'updatedAt': '2021-07-30T15:40:23Z', 'name': 'BedsideTable', 'owner': 'OpenRobotics', 'description': '', 'likes': 0, 'downloads': 1132, 'filesize': 691910, 'upload_date': '2020-05-21T05:27:16Z', 'modify_date': '2020-05-21T05:27:16Z', 'license_id': 2, 'license_name': 'Creative Commons Attribution 4.0 International', 'license_url': 'http://creativecommons.org/licenses/by/4.0/', 'license_image': 'https://i.creativecommons.org/l/by/4.0/88x31.png', 'permission': 0, 'url_name': '', 'thumbnail_url': '/OpenRobotics/models/BedsideTable/tip/files/thumbnails/1.png', 'version': 1, 'private': False, 'categories': ['Furniture and Home']}, {'createdAt': '2020-06-26T09:35:49Z', 'updatedAt': '2021-07-30T15:40:30Z', 'name': 'AnesthesiaMachine', 'owner': 'OpenRobotics', 'description': '', 'likes': 0, 'downloads': 1340, 'filesize': 541299, 'upload_date': '2020-06-26T09:35:47Z', 'modify_date': '2020-06-26T09:35:47Z', 'license_id': 2, 'license_name': 'Creative Commons Attribution 4.0 International', 'license_url': 'http://creativecommons.org/licenses/by/4.0/', 'license_image': 'https://i.creativecommons.org/l/by/4.0/88x31.png', 'permission': 0, 'url_name': '', 'thumbnail_url': '/OpenRobotics/models/AnesthesiaMachine/tip/files/thumbnails/1.png', 'version': 1, 'private': False, 'categories': ['Appliance']}, {'createdAt': '2019-10-28T06:45:05Z', 'updatedAt': '2021-07-30T15:40:37Z', 'name': 'TrolleyBedPatient', 'owner': 'OpenRobotics', 'description': 'Trolley Bed with patient', 'likes': 0, 'downloads': 1207, 'filesize': 1479205, 'upload_date': '2019-10-28T06:45:01Z', 'modify_date': '2020-07-07T17:16:55Z', 'license_id': 2, 'license_name': 'Creative Commons Attribution 4.0 International', 'license_url': 'http://creativecommons.org/licenses/by/4.0/', 'license_image': 'https://i.creativecommons.org/l/by/4.0/88x31.png', 'permission': 0, 'url_name': '', 'thumbnail_url': '/OpenRobotics/models/TrolleyBedPatient/tip/files/thumbnails/1.png', 'version': 2, 'private': False, 'tags': ['person', 'hospital', 'furniture']}, {'createdAt': '2020-06-25T10:18:19Z', 'updatedAt': '2021-07-30T15:40:44Z', 'name': 'Shower', 'owner': 'OpenRobotics', 'description': '', 'likes': 0, 'downloads': 2703, 'filesize': 568856, 'upload_date': '2020-06-25T10:18:17Z', 'modify_date': '2020-06-25T10:18:17Z', 'license_id': 2, 'license_name': 'Creative Commons Attribution 4.0 International', 'license_url': 'http://creativecommons.org/licenses/by/4.0/', 'license_image': 'https://i.creativecommons.org/l/by/4.0/88x31.png', 'permission': 0, 'url_name': '', 'thumbnail_url': '/OpenRobotics/models/Shower/tip/files/thumbnails/1.png', 'version': 1, 'private': False, 'categories': ['Furniture and Home']}, {'createdAt': '2020-06-26T09:39:00Z', 'updatedAt': '2021-07-30T15:40:50Z', 'name': 'SurgicalTrolleyMed', 'owner': 'OpenRobotics', 'description': '', 'likes': 0, 'downloads': 2100, 'filesize': 860176, 'upload_date': '2020-06-26T09:38:58Z', 'modify_date': '2020-06-26T09:38:58Z', 'license_id': 2, 'license_name': 'Creative Commons Attribution 4.0 International', 'license_url': 'http://creativecommons.org/licenses/by/4.0/', 'license_image': 'https://i.creativecommons.org/l/by/4.0/88x31.png', 'permission': 0, 'url_name': '', 'thumbnail_url': '/OpenRobotics/models/SurgicalTrolleyMed/tip/files/thumbnails/1.png', 'version': 1, 'private': False, 'categories': ['Appliance']}, {'createdAt': '2019-10-28T06:42:26Z', 'updatedAt': '2021-07-30T15:40:57Z', 'name': 'StorageRackCovered', 'owner': 'OpenRobotics', 'description': 'Storage rack covered.', 'likes': 0, 'downloads': 11638, 'filesize': 536807, 'upload_date': '2019-10-28T06:42:22Z', 'modify_date': '2019-10-28T06:42:22Z', 'license_id': 2, 'license_name': 'Creative Commons Attribution 4.0 International', 'license_url': 'http://creativecommons.org/licenses/by/4.0/', 'license_image': 'https://i.creativecommons.org/l/by/4.0/88x31.png', 'permission': 0, 'url_name': '', 'thumbnail_url': '/OpenRobotics/models/StorageRackCovered/tip/files/thumbnails/1.png', 'version': 1, 'private': False, 'tags': ['hospital']}, {'createdAt': '2020-06-22T08:38:48Z', 'updatedAt': '2021-07-30T15:41:04Z', 'name': 'KitchenSink', 'owner': 'OpenRobotics', 'description': '', 'likes': 0, 'downloads': 3377, 'filesize': 41731, 'upload_date': '2020-06-22T08:38:47Z', 'modify_date': '2020-06-22T08:42:25Z', 'license_id': 2, 'license_name': 'Creative Commons Attribution 4.0 International', 'license_url': 'http://creativecommons.org/licenses/by/4.0/', 'license_image': 'https://i.creativecommons.org/l/by/4.0/88x31.png', 'permission': 0, 'url_name': '', 'thumbnail_url': '/OpenRobotics/models/KitchenSink/tip/files/thumbnails/1.png', 'version': 1, 'private': False, 'categories': ['Furniture and Home', 'Kitchen']}, {'createdAt': '2020-06-25T10:18:48Z', 'updatedAt': '2021-07-30T15:41:11Z', 'name': 'Toilet', 'owner': 'OpenRobotics', 'description': '', 'likes': 0, 'downloads': 3363, 'filesize': 205503, 'upload_date': '2020-06-25T10:18:46Z', 'modify_date': '2020-06-25T10:18:46Z', 'license_id': 2, 'license_name': 'Creative Commons Attribution 4.0 International', 'license_url': 'http://creativecommons.org/licenses/by/4.0/', 'license_image': 'https://i.creativecommons.org/l/by/4.0/88x31.png', 'permission': 0, 'url_name': '', 'thumbnail_url': '/OpenRobotics/models/Toilet/tip/files/thumbnails/1.png', 'version': 1, 'private': False, 'categories': ['Furniture and Home']}, {'createdAt': '2020-06-25T10:20:57Z', 'updatedAt': '2021-07-30T15:41:18Z', 'name': 'VendingMachine', 'owner': 'OpenRobotics', 'description': '', 'likes': 0, 'downloads': 19963, 'filesize': 619550, 'upload_date': '2020-06-25T10:20:53Z', 'modify_date': '2020-07-15T05:32:07Z', 'license_id': 2, 'license_name': 'Creative Commons Attribution 4.0 International', 'license_url': 'http://creativecommons.org/licenses/by/4.0/', 'license_image': 'https://i.creativecommons.org/l/by/4.0/88x31.png', 'permission': 0, 'url_name': '', 'thumbnail_url': '/OpenRobotics/models/VendingMachine/tip/files/thumbnails/1.png', 'version': 2, 'private': False, 'categories': ['Appliance']}, {'createdAt': '2019-10-28T06:31:59Z', 'updatedAt': '2021-07-30T15:41:25Z', 'name': 'ParkingTrolleyMin', 'owner': 'OpenRobotics', 'description': 'Trolley and carts parking area with bags, this one has less bags', 'likes': 0, 'downloads': 1049, 'filesize': 1946726, 'upload_date': '2019-10-28T06:31:55Z', 'modify_date': '2020-07-07T17:15:19Z', 'license_id': 2, 'license_name': 'Creative Commons Attribution 4.0 International', 'license_url': 'http://creativecommons.org/licenses/by/4.0/', 'license_image': 'https://i.creativecommons.org/l/by/4.0/88x31.png', 'permission': 0, 'url_name': '', 'thumbnail_url': '/OpenRobotics/models/ParkingTrolleyMin/tip/files/thumbnails/1.png', 'version': 2, 'private': False, 'tags': ['hospital']}, {'createdAt': '2020-06-25T10:17:29Z', 'updatedAt': '2021-07-30T15:41:32Z', 'name': 'PatientFSit', 'owner': 'OpenRobotics', 'description': '', 'likes': 0, 'downloads': 2319, 'filesize': 657045, 'upload_date': '2020-06-25T10:17:27Z', 'modify_date': '2020-06-25T10:17:27Z', 'license_id': 2, 'license_name': 'Creative Commons Attribution 4.0 International', 'license_url': 'http://creativecommons.org/licenses/by/4.0/', 'license_image': 'https://i.creativecommons.org/l/by/4.0/88x31.png', 'permission': 0, 'url_name': '', 'thumbnail_url': '/OpenRobotics/models/PatientFSit/tip/files/thumbnails/1.png', 'version': 1, 'private': False, 'categories': ['People']}, {'createdAt': '2020-06-25T10:13:35Z', 'updatedAt': '2021-07-30T15:41:39Z', 'name': 'MaleVisitorOnPhone', 'owner': 'OpenRobotics', 'description': '', 'likes': 0, 'downloads': 2326, 'filesize': 1394258, 'upload_date': '2020-06-25T10:13:33Z', 'modify_date': '2020-06-25T10:13:33Z', 'license_id': 2, 'license_name': 'Creative Commons Attribution 4.0 International', 'license_url': 'http://creativecommons.org/licenses/by/4.0/', 'license_image': 'https://i.creativecommons.org/l/by/4.0/88x31.png', 'permission': 0, 'url_name': '', 'thumbnail_url': '/OpenRobotics/models/MaleVisitorOnPhone/tip/files/thumbnails/1.png', 'version': 1, 'private': False, 'categories': ['People', 'Tablet and Smartphone']}, {'createdAt': '2020-05-20T19:33:13Z', 'updatedAt': '2021-07-30T15:41:46Z', 'name': 'FemaleVisitor', 'owner': 'OpenRobotics', 'description': '', 'likes': 0, 'downloads': 3186, 'filesize': 685516, 'upload_date': '2020-05-20T19:33:11Z', 'modify_date': '2020-05-20T19:33:11Z', 'license_id': 2, 'license_name': 'Creative Commons Attribution 4.0 International', 'license_url': 'http://creativecommons.org/licenses/by/4.0/', 'license_image': 'https://i.creativecommons.org/l/by/4.0/88x31.png', 'permission': 0, 'url_name': '', 'thumbnail_url': '/OpenRobotics/models/FemaleVisitor/tip/files/thumbnails/1.png', 'version': 1, 'private': False, 'categories': ['People']}, {'createdAt': '2020-06-25T10:12:27Z', 'updatedAt': '2021-07-30T15:41:53Z', 'name': 'MalePatientBed', 'owner': 'OpenRobotics', 'description': '', 'likes': 0, 'downloads': 1370, 'filesize': 2087725, 'upload_date': '2020-06-25T10:12:25Z', 'modify_date': '2020-06-25T10:12:25Z', 'license_id': 2, 'license_name': 'Creative Commons Attribution 4.0 International', 'license_url': 'http://creativecommons.org/licenses/by/4.0/', 'license_image': 'https://i.creativecommons.org/l/by/4.0/88x31.png', 'permission': 0, 'url_name': '', 'thumbnail_url': '/OpenRobotics/models/MalePatientBed/tip/files/thumbnails/1.png', 'version': 1, 'private': False, 'categories': ['People']}, {'createdAt': '2019-10-28T06:41:39Z', 'updatedAt': '2021-07-30T15:42:01Z', 'name': 'StorageRackCoverOpen', 'owner': 'OpenRobotics', 'description': 'Storage rack with blue cover, open.', 'likes': 0, 'downloads': 9747, 'filesize': 635216, 'upload_date': '2019-10-28T06:41:36Z', 'modify_date': '2019-10-28T06:41:36Z', 'license_id': 2, 'license_name': 'Creative Commons Attribution 4.0 International', 'license_url': 'http://creativecommons.org/licenses/by/4.0/', 'license_image': 'https://i.creativecommons.org/l/by/4.0/88x31.png', 'permission': 0, 'url_name': '', 'thumbnail_url': '/OpenRobotics/models/StorageRackCoverOpen/tip/files/thumbnails/1.png', 'version': 1, 'private': False, 'tags': ['hospital']}, {'createdAt': '2019-10-28T06:30:59Z', 'updatedAt': '2021-07-30T15:42:08Z', 'name': 'ParkingTrolleyMax', 'owner': 'OpenRobotics', 'description': 'Trolley and carts parking area with bags, this one has more bags', 'likes': 0, 'downloads': 6374, 'filesize': 778398, 'upload_date': '2019-10-28T06:30:55Z', 'modify_date': '2020-07-07T17:14:45Z', 'license_id': 2, 'license_name': 'Creative Commons Attribution 4.0 International', 'license_url': 'http://creativecommons.org/licenses/by/4.0/', 'license_image': 'https://i.creativecommons.org/l/by/4.0/88x31.png', 'permission': 0, 'url_name': '', 'thumbnail_url': '/OpenRobotics/models/ParkingTrolleyMax/tip/files/thumbnails/1.png', 'version': 2, 'private': False, 'tags': ['hospital']}]
[30.941s] INFO:root:Downloading zip files and extracting them into /home/elias/catkin_ws/src/arena-rosnav-3D/src/aws-robomaker-hospital-world/fuel_models directory
[30.941s] INFO:root:Model XRayMachine already downloaded.
[30.942s] INFO:root:Model IVStand already downloaded.
[30.942s] INFO:root:Model BloodPressureMonitor already downloaded.
[30.942s] INFO:root:Model BPCart already downloaded.
[30.943s] INFO:root:Model BMWCart already downloaded.
[30.943s] INFO:root:Model CGMClassic already downloaded.
[30.943s] INFO:root:Model StorageRack already downloaded.
[30.943s] INFO:root:Model Chair already downloaded.
[30.943s] INFO:root:Model InstrumentCart1 already downloaded.
[30.943s] INFO:root:Model Scrubs already downloaded.
[30.944s] INFO:root:Model PatientWheelChair already downloaded.
[30.944s] INFO:root:Model WhiteChipChair already downloaded.
[30.944s] INFO:root:Model TrolleyBed already downloaded.
[30.944s] INFO:root:Model SurgicalTrolley already downloaded.
[30.944s] INFO:root:Model PotatoChipChair already downloaded.
[30.944s] INFO:root:Model VisitorKidSit already downloaded.
[30.945s] INFO:root:Model FemaleVisitorSit already downloaded.
[30.945s] INFO:root:Model AdjTable already downloaded.
[30.945s] INFO:root:Model MopCart3 already downloaded.
[30.945s] INFO:root:Model MaleVisitorSit already downloaded.
[30.945s] INFO:root:Model Drawer already downloaded.
[30.945s] INFO:root:Model OfficeChairBlack already downloaded.
[30.945s] INFO:root:Model ElderLadyPatient already downloaded.
[30.946s] INFO:root:Model ElderMalePatient already downloaded.
[30.946s] INFO:root:Model InstrumentCart2 already downloaded.
[30.946s] INFO:root:Model MetalCabinet already downloaded.
[30.946s] INFO:root:Model BedTable already downloaded.
[30.946s] INFO:root:Model BedsideTable already downloaded.
[30.946s] INFO:root:Model AnesthesiaMachine already downloaded.
[30.947s] INFO:root:Model TrolleyBedPatient already downloaded.
[30.947s] INFO:root:Model Shower already downloaded.
[30.947s] INFO:root:Model SurgicalTrolleyMed already downloaded.
[30.947s] INFO:root:Model StorageRackCovered already downloaded.
[30.947s] INFO:root:Model KitchenSink already downloaded.
[30.947s] INFO:root:Model Toilet already downloaded.
[30.947s] INFO:root:Model VendingMachine already downloaded.
[30.948s] INFO:root:Model ParkingTrolleyMin already downloaded.
[30.948s] INFO:root:Model PatientFSit already downloaded.
[30.948s] INFO:root:Model MaleVisitorOnPhone already downloaded.
[30.948s] INFO:root:Model FemaleVisitor already downloaded.
[30.948s] INFO:root:Model MalePatientBed already downloaded.
[30.948s] INFO:root:Model StorageRackCoverOpen already downloaded.
[30.949s] INFO:root:Model ParkingTrolleyMax already downloaded.
[30.949s] INFO:root:Creating database file: /home/elias/catkin_ws/src/arena-rosnav-3D/src/aws-robomaker-hospital-world/fuel_models/database.config
[30.949s] INFO:root:All done!
[31.104s] -- Configuring done
[31.137s] -- Generating done
[31.147s] -- Build files have been written to: /home/elias/catkin_ws/src/arena-rosnav-3D/build/aws_robomaker_hospital_world
