-- The C compiler identification is GNU 7.5.0
-- The CXX compiler identification is GNU 7.5.0
-- Check for working C compiler: /usr/bin/cc
-- Check for working C compiler: /usr/bin/cc -- works
-- Detecting C compiler ABI info
-- Detecting C compiler ABI info - done
-- Detecting C compile features
-- Detecting C compile features - done
-- Check for working CXX compiler: /usr/bin/c++
-- Check for working CXX compiler: /usr/bin/c++ -- works
-- Detecting CXX compiler ABI info
-- Detecting CXX compiler ABI info - done
-- Detecting CXX compile features
-- Detecting CXX compile features - done
-- Using CATKIN_DEVEL_PREFIX: /home/elias/catkin_ws/src/arena-rosnav-3D/build/aws_robomaker_small_warehouse_world/devel
-- Using CMAKE_PREFIX_PATH: /home/elias/catkin_ws/devel;/opt/ros/melodic
-- This workspace overlays: /home/elias/catkin_ws/devel;/opt/ros/melodic
-- Found PythonInterp: /usr/bin/python2 (found suitable version "2.7.17", minimum required is "2") 
-- Using PYTHON_EXECUTABLE: /usr/bin/python2
-- Using Debian Python package layout
-- Using empy: /usr/bin/empy
-- Using CATKIN_ENABLE_TESTING: ON
-- Call enable_testing()
-- Using CATKIN_TEST_RESULTS_DIR: /home/elias/catkin_ws/src/arena-rosnav-3D/build/aws_robomaker_small_warehouse_world/test_results
-- Found gtest sources under '/usr/src/googletest': gtests will be built
-- Found gmock sources under '/usr/src/googletest': gmock will be built
-- Found PythonInterp: /usr/bin/python2 (found version "2.7.17") 
-- Looking for pthread.h
-- Looking for pthread.h - found
-- Looking for pthread_create
-- Looking for pthread_create - not found
-- Looking for pthread_create in pthreads
-- Looking for pthread_create in pthreads - not found
-- Looking for pthread_create in pthread
-- Looking for pthread_create in pthread - found
-- Found Threads: TRUE  
-- Using Python nosetests: /usr/bin/nosetests-2.7
-- catkin 0.7.29
-- BUILD_SHARED_LIBS is on
-- Using these message generators: gencpp;geneus;genlisp;gennodejs;genpy
-- Configuring done
-- Generating done
-- Build files have been written to: /home/elias/catkin_ws/src/arena-rosnav-3D/build/aws_robomaker_small_warehouse_world
[35m[1mScanning dependencies of target tests[0m
Built target tests
[36mInstall the project...[0m
-- Install configuration: ""
-- Installing: /home/elias/catkin_ws/src/arena-rosnav-3D/install/aws_robomaker_small_warehouse_world/lib/pkgconfig/aws_robomaker_small_warehouse_world.pc
-- Installing: /home/elias/catkin_ws/src/arena-rosnav-3D/install/aws_robomaker_small_warehouse_world/share/aws_robomaker_small_warehouse_world/cmake/aws_robomaker_small_warehouse_worldConfig.cmake
-- Installing: /home/elias/catkin_ws/src/arena-rosnav-3D/install/aws_robomaker_small_warehouse_world/share/aws_robomaker_small_warehouse_world/cmake/aws_robomaker_small_warehouse_worldConfig-version.cmake
-- Installing: /home/elias/catkin_ws/src/arena-rosnav-3D/install/aws_robomaker_small_warehouse_world/share/aws_robomaker_small_warehouse_world/package.xml
-- Installing: /home/elias/catkin_ws/src/arena-rosnav-3D/install/aws_robomaker_small_warehouse_world/share/aws_robomaker_small_warehouse_world/launch
-- Installing: /home/elias/catkin_ws/src/arena-rosnav-3D/install/aws_robomaker_small_warehouse_world/share/aws_robomaker_small_warehouse_world/launch/no_roof_small_warehouse.launch
-- Installing: /home/elias/catkin_ws/src/arena-rosnav-3D/install/aws_robomaker_small_warehouse_world/share/aws_robomaker_small_warehouse_world/launch/view_small_warehouse.launch
-- Installing: /home/elias/catkin_ws/src/arena-rosnav-3D/install/aws_robomaker_small_warehouse_world/share/aws_robomaker_small_warehouse_world/launch/small_warehouse.launch
-- Installing: /home/elias/catkin_ws/src/arena-rosnav-3D/install/aws_robomaker_small_warehouse_world/share/aws_robomaker_small_warehouse_world/models
-- Installing: /home/elias/catkin_ws/src/arena-rosnav-3D/install/aws_robomaker_small_warehouse_world/share/aws_robomaker_small_warehouse_world/models/aws_robomaker_warehouse_TrashCanC_01
-- Installing: /home/elias/catkin_ws/src/arena-rosnav-3D/install/aws_robomaker_small_warehouse_world/share/aws_robomaker_small_warehouse_world/models/aws_robomaker_warehouse_TrashCanC_01/meshes
-- Installing: /home/elias/catkin_ws/src/arena-rosnav-3D/install/aws_robomaker_small_warehouse_world/share/aws_robomaker_small_warehouse_world/models/aws_robomaker_warehouse_TrashCanC_01/meshes/aws_robomaker_warehouse_TrashCanC_01_visual.DAE
-- Installing: /home/elias/catkin_ws/src/arena-rosnav-3D/install/aws_robomaker_small_warehouse_world/share/aws_robomaker_small_warehouse_world/models/aws_robomaker_warehouse_TrashCanC_01/meshes/aws_robomaker_warehouse_TrashCanC_01_collision.DAE
-- Installing: /home/elias/catkin_ws/src/arena-rosnav-3D/install/aws_robomaker_small_warehouse_world/share/aws_robomaker_small_warehouse_world/models/aws_robomaker_warehouse_TrashCanC_01/model.sdf
-- Installing: /home/elias/catkin_ws/src/arena-rosnav-3D/install/aws_robomaker_small_warehouse_world/share/aws_robomaker_small_warehouse_world/models/aws_robomaker_warehouse_TrashCanC_01/materials
-- Installing: /home/elias/catkin_ws/src/arena-rosnav-3D/install/aws_robomaker_small_warehouse_world/share/aws_robomaker_small_warehouse_world/models/aws_robomaker_warehouse_TrashCanC_01/materials/textures
-- Installing: /home/elias/catkin_ws/src/arena-rosnav-3D/install/aws_robomaker_small_warehouse_world/share/aws_robomaker_small_warehouse_world/models/aws_robomaker_warehouse_TrashCanC_01/materials/textures/aws_robomaker_warehouse_TrashCanC_01.png
-- Installing: /home/elias/catkin_ws/src/arena-rosnav-3D/install/aws_robomaker_small_warehouse_world/share/aws_robomaker_small_warehouse_world/models/aws_robomaker_warehouse_TrashCanC_01/model.config
-- Installing: /home/elias/catkin_ws/src/arena-rosnav-3D/install/aws_robomaker_small_warehouse_world/share/aws_robomaker_small_warehouse_world/models/aws_robomaker_warehouse_PalletJackB_01
-- Installing: /home/elias/catkin_ws/src/arena-rosnav-3D/install/aws_robomaker_small_warehouse_world/share/aws_robomaker_small_warehouse_world/models/aws_robomaker_warehouse_PalletJackB_01/meshes
-- Installing: /home/elias/catkin_ws/src/arena-rosnav-3D/install/aws_robomaker_small_warehouse_world/share/aws_robomaker_small_warehouse_world/models/aws_robomaker_warehouse_PalletJackB_01/meshes/aws_robomaker_warehouse_PalletJackB_01_visual.DAE
-- Installing: /home/elias/catkin_ws/src/arena-rosnav-3D/install/aws_robomaker_small_warehouse_world/share/aws_robomaker_small_warehouse_world/models/aws_robomaker_warehouse_PalletJackB_01/meshes/aws_robomaker_warehouse_PalletJackB_01_collision.DAE
-- Installing: /home/elias/catkin_ws/src/arena-rosnav-3D/install/aws_robomaker_small_warehouse_world/share/aws_robomaker_small_warehouse_world/models/aws_robomaker_warehouse_PalletJackB_01/.DS_Store
-- Installing: /home/elias/catkin_ws/src/arena-rosnav-3D/install/aws_robomaker_small_warehouse_world/share/aws_robomaker_small_warehouse_world/models/aws_robomaker_warehouse_PalletJackB_01/model.sdf
-- Installing: /home/elias/catkin_ws/src/arena-rosnav-3D/install/aws_robomaker_small_warehouse_world/share/aws_robomaker_small_warehouse_world/models/aws_robomaker_warehouse_PalletJackB_01/materials
-- Installing: /home/elias/catkin_ws/src/arena-rosnav-3D/install/aws_robomaker_small_warehouse_world/share/aws_robomaker_small_warehouse_world/models/aws_robomaker_warehouse_PalletJackB_01/materials/.DS_Store
-- Installing: /home/elias/catkin_ws/src/arena-rosnav-3D/install/aws_robomaker_small_warehouse_world/share/aws_robomaker_small_warehouse_world/models/aws_robomaker_warehouse_PalletJackB_01/materials/textures
-- Installing: /home/elias/catkin_ws/src/arena-rosnav-3D/install/aws_robomaker_small_warehouse_world/share/aws_robomaker_small_warehouse_world/models/aws_robomaker_warehouse_PalletJackB_01/materials/textures/aws_robomaker_warehouse_PalletJackB_01.png
-- Installing: /home/elias/catkin_ws/src/arena-rosnav-3D/install/aws_robomaker_small_warehouse_world/share/aws_robomaker_small_warehouse_world/models/aws_robomaker_warehouse_PalletJackB_01/materials/textures/aws_robomaker_warehouse_PalletJackB_02.png
-- Installing: /home/elias/catkin_ws/src/arena-rosnav-3D/install/aws_robomaker_small_warehouse_world/share/aws_robomaker_small_warehouse_world/models/aws_robomaker_warehouse_PalletJackB_01/model.config
-- Installing: /home/elias/catkin_ws/src/arena-rosnav-3D/install/aws_robomaker_small_warehouse_world/share/aws_robomaker_small_warehouse_world/models/aws_robomaker_warehouse_ShelfD_01
-- Installing: /home/elias/catkin_ws/src/arena-rosnav-3D/install/aws_robomaker_small_warehouse_world/share/aws_robomaker_small_warehouse_world/models/aws_robomaker_warehouse_ShelfD_01/meshes
-- Installing: /home/elias/catkin_ws/src/arena-rosnav-3D/install/aws_robomaker_small_warehouse_world/share/aws_robomaker_small_warehouse_world/models/aws_robomaker_warehouse_ShelfD_01/meshes/aws_robomaker_warehouse_ShelfD_01_visual.DAE
-- Installing: /home/elias/catkin_ws/src/arena-rosnav-3D/install/aws_robomaker_small_warehouse_world/share/aws_robomaker_small_warehouse_world/models/aws_robomaker_warehouse_ShelfD_01/meshes/aws_robomaker_warehouse_ShelfD_01_collision.DAE
-- Installing: /home/elias/catkin_ws/src/arena-rosnav-3D/install/aws_robomaker_small_warehouse_world/share/aws_robomaker_small_warehouse_world/models/aws_robomaker_warehouse_ShelfD_01/model.sdf
-- Installing: /home/elias/catkin_ws/src/arena-rosnav-3D/install/aws_robomaker_small_warehouse_world/share/aws_robomaker_small_warehouse_world/models/aws_robomaker_warehouse_ShelfD_01/materials
-- Installing: /home/elias/catkin_ws/src/arena-rosnav-3D/install/aws_robomaker_small_warehouse_world/share/aws_robomaker_small_warehouse_world/models/aws_robomaker_warehouse_ShelfD_01/materials/textures
-- Installing: /home/elias/catkin_ws/src/arena-rosnav-3D/install/aws_robomaker_small_warehouse_world/share/aws_robomaker_small_warehouse_world/models/aws_robomaker_warehouse_ShelfD_01/materials/textures/aws_robomaker_warehouse_ShelfD_03.png
-- Installing: /home/elias/catkin_ws/src/arena-rosnav-3D/install/aws_robomaker_small_warehouse_world/share/aws_robomaker_small_warehouse_world/models/aws_robomaker_warehouse_ShelfD_01/materials/textures/aws_robomaker_warehouse_ShelfD_02.png
-- Installing: /home/elias/catkin_ws/src/arena-rosnav-3D/install/aws_robomaker_small_warehouse_world/share/aws_robomaker_small_warehouse_world/models/aws_robomaker_warehouse_ShelfD_01/materials/textures/aws_robomaker_warehouse_ShelfD_01.png
-- Installing: /home/elias/catkin_ws/src/arena-rosnav-3D/install/aws_robomaker_small_warehouse_world/share/aws_robomaker_small_warehouse_world/models/aws_robomaker_warehouse_ShelfD_01/materials/textures/aws_robomaker_warehouse_ShelfD_04.png
-- Installing: /home/elias/catkin_ws/src/arena-rosnav-3D/install/aws_robomaker_small_warehouse_world/share/aws_robomaker_small_warehouse_world/models/aws_robomaker_warehouse_ShelfD_01/model.config
-- Installing: /home/elias/catkin_ws/src/arena-rosnav-3D/install/aws_robomaker_small_warehouse_world/share/aws_robomaker_small_warehouse_world/models/aws_robomaker_warehouse_GroundB_01
-- Installing: /home/elias/catkin_ws/src/arena-rosnav-3D/install/aws_robomaker_small_warehouse_world/share/aws_robomaker_small_warehouse_world/models/aws_robomaker_warehouse_GroundB_01/meshes
-- Installing: /home/elias/catkin_ws/src/arena-rosnav-3D/install/aws_robomaker_small_warehouse_world/share/aws_robomaker_small_warehouse_world/models/aws_robomaker_warehouse_GroundB_01/meshes/aws_robomaker_warehouse_GroundB_01_collision.DAE
-- Installing: /home/elias/catkin_ws/src/arena-rosnav-3D/install/aws_robomaker_small_warehouse_world/share/aws_robomaker_small_warehouse_world/models/aws_robomaker_warehouse_GroundB_01/meshes/aws_robomaker_warehouse_GroundB_01_visual.DAE
-- Installing: /home/elias/catkin_ws/src/arena-rosnav-3D/install/aws_robomaker_small_warehouse_world/share/aws_robomaker_small_warehouse_world/models/aws_robomaker_warehouse_GroundB_01/model.sdf
-- Installing: /home/elias/catkin_ws/src/arena-rosnav-3D/install/aws_robomaker_small_warehouse_world/share/aws_robomaker_small_warehouse_world/models/aws_robomaker_warehouse_GroundB_01/materials
-- Installing: /home/elias/catkin_ws/src/arena-rosnav-3D/install/aws_robomaker_small_warehouse_world/share/aws_robomaker_small_warehouse_world/models/aws_robomaker_warehouse_GroundB_01/materials/textures
-- Installing: /home/elias/catkin_ws/src/arena-rosnav-3D/install/aws_robomaker_small_warehouse_world/share/aws_robomaker_small_warehouse_world/models/aws_robomaker_warehouse_GroundB_01/materials/textures/aws_robomaker_warehouse_GroundB_02.png
-- Installing: /home/elias/catkin_ws/src/arena-rosnav-3D/install/aws_robomaker_small_warehouse_world/share/aws_robomaker_small_warehouse_world/models/aws_robomaker_warehouse_GroundB_01/materials/textures/aws_robomaker_warehouse_GroundB_01.png
-- Installing: /home/elias/catkin_ws/src/arena-rosnav-3D/install/aws_robomaker_small_warehouse_world/share/aws_robomaker_small_warehouse_world/models/aws_robomaker_warehouse_GroundB_01/model.config
-- Installing: /home/elias/catkin_ws/src/arena-rosnav-3D/install/aws_robomaker_small_warehouse_world/share/aws_robomaker_small_warehouse_world/models/aws_robomaker_warehouse_Bucket_01
-- Installing: /home/elias/catkin_ws/src/arena-rosnav-3D/install/aws_robomaker_small_warehouse_world/share/aws_robomaker_small_warehouse_world/models/aws_robomaker_warehouse_Bucket_01/meshes
-- Installing: /home/elias/catkin_ws/src/arena-rosnav-3D/install/aws_robomaker_small_warehouse_world/share/aws_robomaker_small_warehouse_world/models/aws_robomaker_warehouse_Bucket_01/meshes/aws_robomaker_warehouse_Bucket_01_visual.DAE
-- Installing: /home/elias/catkin_ws/src/arena-rosnav-3D/install/aws_robomaker_small_warehouse_world/share/aws_robomaker_small_warehouse_world/models/aws_robomaker_warehouse_Bucket_01/meshes/aws_robomaker_warehouse_Bucket_01_collision.DAE
-- Installing: /home/elias/catkin_ws/src/arena-rosnav-3D/install/aws_robomaker_small_warehouse_world/share/aws_robomaker_small_warehouse_world/models/aws_robomaker_warehouse_Bucket_01/.DS_Store
-- Installing: /home/elias/catkin_ws/src/arena-rosnav-3D/install/aws_robomaker_small_warehouse_world/share/aws_robomaker_small_warehouse_world/models/aws_robomaker_warehouse_Bucket_01/model.sdf
-- Installing: /home/elias/catkin_ws/src/arena-rosnav-3D/install/aws_robomaker_small_warehouse_world/share/aws_robomaker_small_warehouse_world/models/aws_robomaker_warehouse_Bucket_01/materials
-- Installing: /home/elias/catkin_ws/src/arena-rosnav-3D/install/aws_robomaker_small_warehouse_world/share/aws_robomaker_small_warehouse_world/models/aws_robomaker_warehouse_Bucket_01/materials/.DS_Store
-- Installing: /home/elias/catkin_ws/src/arena-rosnav-3D/install/aws_robomaker_small_warehouse_world/share/aws_robomaker_small_warehouse_world/models/aws_robomaker_warehouse_Bucket_01/materials/textures
-- Installing: /home/elias/catkin_ws/src/arena-rosnav-3D/install/aws_robomaker_small_warehouse_world/share/aws_robomaker_small_warehouse_world/models/aws_robomaker_warehouse_Bucket_01/materials/textures/aws_robomaker_warehouse_Bucket_01.png
-- Installing: /home/elias/catkin_ws/src/arena-rosnav-3D/install/aws_robomaker_small_warehouse_world/share/aws_robomaker_small_warehouse_world/models/aws_robomaker_warehouse_Bucket_01/model.config
-- Installing: /home/elias/catkin_ws/src/arena-rosnav-3D/install/aws_robomaker_small_warehouse_world/share/aws_robomaker_small_warehouse_world/models/.DS_Store
-- Installing: /home/elias/catkin_ws/src/arena-rosnav-3D/install/aws_robomaker_small_warehouse_world/share/aws_robomaker_small_warehouse_world/models/aws_robomaker_warehouse_ClutteringC_01
-- Installing: /home/elias/catkin_ws/src/arena-rosnav-3D/install/aws_robomaker_small_warehouse_world/share/aws_robomaker_small_warehouse_world/models/aws_robomaker_warehouse_ClutteringC_01/meshes
-- Installing: /home/elias/catkin_ws/src/arena-rosnav-3D/install/aws_robomaker_small_warehouse_world/share/aws_robomaker_small_warehouse_world/models/aws_robomaker_warehouse_ClutteringC_01/meshes/aws_robomaker_warehouse_ClutteringC_01_collision.DAE
-- Installing: /home/elias/catkin_ws/src/arena-rosnav-3D/install/aws_robomaker_small_warehouse_world/share/aws_robomaker_small_warehouse_world/models/aws_robomaker_warehouse_ClutteringC_01/meshes/aws_robomaker_warehouse_ClutteringC_01_visual.DAE
-- Installing: /home/elias/catkin_ws/src/arena-rosnav-3D/install/aws_robomaker_small_warehouse_world/share/aws_robomaker_small_warehouse_world/models/aws_robomaker_warehouse_ClutteringC_01/model.sdf
-- Installing: /home/elias/catkin_ws/src/arena-rosnav-3D/install/aws_robomaker_small_warehouse_world/share/aws_robomaker_small_warehouse_world/models/aws_robomaker_warehouse_ClutteringC_01/materials
-- Installing: /home/elias/catkin_ws/src/arena-rosnav-3D/install/aws_robomaker_small_warehouse_world/share/aws_robomaker_small_warehouse_world/models/aws_robomaker_warehouse_ClutteringC_01/materials/textures
-- Installing: /home/elias/catkin_ws/src/arena-rosnav-3D/install/aws_robomaker_small_warehouse_world/share/aws_robomaker_small_warehouse_world/models/aws_robomaker_warehouse_ClutteringC_01/materials/textures/aws_robomaker_warehouse_ClutteringC_02.png
-- Installing: /home/elias/catkin_ws/src/arena-rosnav-3D/install/aws_robomaker_small_warehouse_world/share/aws_robomaker_small_warehouse_world/models/aws_robomaker_warehouse_ClutteringC_01/materials/textures/aws_robomaker_warehouse_ClutteringC_01.png
-- Installing: /home/elias/catkin_ws/src/arena-rosnav-3D/install/aws_robomaker_small_warehouse_world/share/aws_robomaker_small_warehouse_world/models/aws_robomaker_warehouse_ClutteringC_01/model.config
-- Installing: /home/elias/catkin_ws/src/arena-rosnav-3D/install/aws_robomaker_small_warehouse_world/share/aws_robomaker_small_warehouse_world/models/aws_robomaker_warehouse_WallB_01
-- Installing: /home/elias/catkin_ws/src/arena-rosnav-3D/install/aws_robomaker_small_warehouse_world/share/aws_robomaker_small_warehouse_world/models/aws_robomaker_warehouse_WallB_01/meshes
-- Installing: /home/elias/catkin_ws/src/arena-rosnav-3D/install/aws_robomaker_small_warehouse_world/share/aws_robomaker_small_warehouse_world/models/aws_robomaker_warehouse_WallB_01/meshes/aws_robomaker_warehouse_WallB_01_collision.DAE
-- Installing: /home/elias/catkin_ws/src/arena-rosnav-3D/install/aws_robomaker_small_warehouse_world/share/aws_robomaker_small_warehouse_world/models/aws_robomaker_warehouse_WallB_01/meshes/aws_robomaker_warehouse_WallB_01_visual.DAE
-- Installing: /home/elias/catkin_ws/src/arena-rosnav-3D/install/aws_robomaker_small_warehouse_world/share/aws_robomaker_small_warehouse_world/models/aws_robomaker_warehouse_WallB_01/model.sdf
-- Installing: /home/elias/catkin_ws/src/arena-rosnav-3D/install/aws_robomaker_small_warehouse_world/share/aws_robomaker_small_warehouse_world/models/aws_robomaker_warehouse_WallB_01/materials
-- Installing: /home/elias/catkin_ws/src/arena-rosnav-3D/install/aws_robomaker_small_warehouse_world/share/aws_robomaker_small_warehouse_world/models/aws_robomaker_warehouse_WallB_01/materials/textures
-- Installing: /home/elias/catkin_ws/src/arena-rosnav-3D/install/aws_robomaker_small_warehouse_world/share/aws_robomaker_small_warehouse_world/models/aws_robomaker_warehouse_WallB_01/materials/textures/aws_robomaker_warehouse_WallB_01.png
-- Installing: /home/elias/catkin_ws/src/arena-rosnav-3D/install/aws_robomaker_small_warehouse_world/share/aws_robomaker_small_warehouse_world/models/aws_robomaker_warehouse_WallB_01/model.config
-- Installing: /home/elias/catkin_ws/src/arena-rosnav-3D/install/aws_robomaker_small_warehouse_world/share/aws_robomaker_small_warehouse_world/models/aws_robomaker_warehouse_RoofB_01
-- Installing: /home/elias/catkin_ws/src/arena-rosnav-3D/install/aws_robomaker_small_warehouse_world/share/aws_robomaker_small_warehouse_world/models/aws_robomaker_warehouse_RoofB_01/meshes
-- Installing: /home/elias/catkin_ws/src/arena-rosnav-3D/install/aws_robomaker_small_warehouse_world/share/aws_robomaker_small_warehouse_world/models/aws_robomaker_warehouse_RoofB_01/meshes/aws_robomaker_warehouse_RoofB_01_visual.DAE
-- Installing: /home/elias/catkin_ws/src/arena-rosnav-3D/install/aws_robomaker_small_warehouse_world/share/aws_robomaker_small_warehouse_world/models/aws_robomaker_warehouse_RoofB_01/meshes/aws_robomaker_warehouse_RoofB_01_collision.DAE
-- Installing: /home/elias/catkin_ws/src/arena-rosnav-3D/install/aws_robomaker_small_warehouse_world/share/aws_robomaker_small_warehouse_world/models/aws_robomaker_warehouse_RoofB_01/model.sdf
-- Installing: /home/elias/catkin_ws/src/arena-rosnav-3D/install/aws_robomaker_small_warehouse_world/share/aws_robomaker_small_warehouse_world/models/aws_robomaker_warehouse_RoofB_01/materials
-- Installing: /home/elias/catkin_ws/src/arena-rosnav-3D/install/aws_robomaker_small_warehouse_world/share/aws_robomaker_small_warehouse_world/models/aws_robomaker_warehouse_RoofB_01/materials/textures
-- Installing: /home/elias/catkin_ws/src/arena-rosnav-3D/install/aws_robomaker_small_warehouse_world/share/aws_robomaker_small_warehouse_world/models/aws_robomaker_warehouse_RoofB_01/materials/textures/aws_robomaker_warehouse_RoofB_01.png
-- Installing: /home/elias/catkin_ws/src/arena-rosnav-3D/install/aws_robomaker_small_warehouse_world/share/aws_robomaker_small_warehouse_world/models/aws_robomaker_warehouse_RoofB_01/model.config
-- Installing: /home/elias/catkin_ws/src/arena-rosnav-3D/install/aws_robomaker_small_warehouse_world/share/aws_robomaker_small_warehouse_world/models/aws_robomaker_warehouse_ShelfE_01
-- Installing: /home/elias/catkin_ws/src/arena-rosnav-3D/install/aws_robomaker_small_warehouse_world/share/aws_robomaker_small_warehouse_world/models/aws_robomaker_warehouse_ShelfE_01/meshes
-- Installing: /home/elias/catkin_ws/src/arena-rosnav-3D/install/aws_robomaker_small_warehouse_world/share/aws_robomaker_small_warehouse_world/models/aws_robomaker_warehouse_ShelfE_01/meshes/aws_robomaker_warehouse_ShelfE_01_visual.DAE
-- Installing: /home/elias/catkin_ws/src/arena-rosnav-3D/install/aws_robomaker_small_warehouse_world/share/aws_robomaker_small_warehouse_world/models/aws_robomaker_warehouse_ShelfE_01/meshes/aws_robomaker_warehouse_ShelfE_01_collision.DAE
-- Installing: /home/elias/catkin_ws/src/arena-rosnav-3D/install/aws_robomaker_small_warehouse_world/share/aws_robomaker_small_warehouse_world/models/aws_robomaker_warehouse_ShelfE_01/.DS_Store
-- Installing: /home/elias/catkin_ws/src/arena-rosnav-3D/install/aws_robomaker_small_warehouse_world/share/aws_robomaker_small_warehouse_world/models/aws_robomaker_warehouse_ShelfE_01/model.sdf
-- Installing: /home/elias/catkin_ws/src/arena-rosnav-3D/install/aws_robomaker_small_warehouse_world/share/aws_robomaker_small_warehouse_world/models/aws_robomaker_warehouse_ShelfE_01/materials
-- Installing: /home/elias/catkin_ws/src/arena-rosnav-3D/install/aws_robomaker_small_warehouse_world/share/aws_robomaker_small_warehouse_world/models/aws_robomaker_warehouse_ShelfE_01/materials/.DS_Store
-- Installing: /home/elias/catkin_ws/src/arena-rosnav-3D/install/aws_robomaker_small_warehouse_world/share/aws_robomaker_small_warehouse_world/models/aws_robomaker_warehouse_ShelfE_01/materials/textures
-- Installing: /home/elias/catkin_ws/src/arena-rosnav-3D/install/aws_robomaker_small_warehouse_world/share/aws_robomaker_small_warehouse_world/models/aws_robomaker_warehouse_ShelfE_01/materials/textures/aws_robomaker_warehouse_ShelfE_01.png
-- Installing: /home/elias/catkin_ws/src/arena-rosnav-3D/install/aws_robomaker_small_warehouse_world/share/aws_robomaker_small_warehouse_world/models/aws_robomaker_warehouse_ShelfE_01/materials/textures/aws_robomaker_warehouse_ShelfE_04.png
-- Installing: /home/elias/catkin_ws/src/arena-rosnav-3D/install/aws_robomaker_small_warehouse_world/share/aws_robomaker_small_warehouse_world/models/aws_robomaker_warehouse_ShelfE_01/materials/textures/aws_robomaker_warehouse_ShelfE_03.png
-- Installing: /home/elias/catkin_ws/src/arena-rosnav-3D/install/aws_robomaker_small_warehouse_world/share/aws_robomaker_small_warehouse_world/models/aws_robomaker_warehouse_ShelfE_01/materials/textures/aws_robomaker_warehouse_ShelfE_02.png
-- Installing: /home/elias/catkin_ws/src/arena-rosnav-3D/install/aws_robomaker_small_warehouse_world/share/aws_robomaker_small_warehouse_world/models/aws_robomaker_warehouse_ShelfE_01/model.config
-- Installing: /home/elias/catkin_ws/src/arena-rosnav-3D/install/aws_robomaker_small_warehouse_world/share/aws_robomaker_small_warehouse_world/models/aws_robomaker_warehouse_ShelfF_01
-- Installing: /home/elias/catkin_ws/src/arena-rosnav-3D/install/aws_robomaker_small_warehouse_world/share/aws_robomaker_small_warehouse_world/models/aws_robomaker_warehouse_ShelfF_01/meshes
-- Installing: /home/elias/catkin_ws/src/arena-rosnav-3D/install/aws_robomaker_small_warehouse_world/share/aws_robomaker_small_warehouse_world/models/aws_robomaker_warehouse_ShelfF_01/meshes/aws_robomaker_warehouse_ShelfF_01_visual.DAE
-- Installing: /home/elias/catkin_ws/src/arena-rosnav-3D/install/aws_robomaker_small_warehouse_world/share/aws_robomaker_small_warehouse_world/models/aws_robomaker_warehouse_ShelfF_01/meshes/aws_robomaker_warehouse_ShelfF_01_collision.DAE
-- Installing: /home/elias/catkin_ws/src/arena-rosnav-3D/install/aws_robomaker_small_warehouse_world/share/aws_robomaker_small_warehouse_world/models/aws_robomaker_warehouse_ShelfF_01/model.sdf
-- Installing: /home/elias/catkin_ws/src/arena-rosnav-3D/install/aws_robomaker_small_warehouse_world/share/aws_robomaker_small_warehouse_world/models/aws_robomaker_warehouse_ShelfF_01/materials
-- Installing: /home/elias/catkin_ws/src/arena-rosnav-3D/install/aws_robomaker_small_warehouse_world/share/aws_robomaker_small_warehouse_world/models/aws_robomaker_warehouse_ShelfF_01/materials/textures
-- Installing: /home/elias/catkin_ws/src/arena-rosnav-3D/install/aws_robomaker_small_warehouse_world/share/aws_robomaker_small_warehouse_world/models/aws_robomaker_warehouse_ShelfF_01/materials/textures/aws_robomaker_warehouse_ShelfF_01.png
-- Installing: /home/elias/catkin_ws/src/arena-rosnav-3D/install/aws_robomaker_small_warehouse_world/share/aws_robomaker_small_warehouse_world/models/aws_robomaker_warehouse_ShelfF_01/materials/textures/aws_robomaker_warehouse_ShelfF_02.png
-- Installing: /home/elias/catkin_ws/src/arena-rosnav-3D/install/aws_robomaker_small_warehouse_world/share/aws_robomaker_small_warehouse_world/models/aws_robomaker_warehouse_ShelfF_01/materials/textures/aws_robomaker_warehouse_ShelfF_03.png
-- Installing: /home/elias/catkin_ws/src/arena-rosnav-3D/install/aws_robomaker_small_warehouse_world/share/aws_robomaker_small_warehouse_world/models/aws_robomaker_warehouse_ShelfF_01/model.config
-- Installing: /home/elias/catkin_ws/src/arena-rosnav-3D/install/aws_robomaker_small_warehouse_world/share/aws_robomaker_small_warehouse_world/models/aws_robomaker_warehouse_DeskC_01
-- Installing: /home/elias/catkin_ws/src/arena-rosnav-3D/install/aws_robomaker_small_warehouse_world/share/aws_robomaker_small_warehouse_world/models/aws_robomaker_warehouse_DeskC_01/meshes
-- Installing: /home/elias/catkin_ws/src/arena-rosnav-3D/install/aws_robomaker_small_warehouse_world/share/aws_robomaker_small_warehouse_world/models/aws_robomaker_warehouse_DeskC_01/meshes/aws_robomaker_warehouse_DeskC_01_collision.DAE
-- Installing: /home/elias/catkin_ws/src/arena-rosnav-3D/install/aws_robomaker_small_warehouse_world/share/aws_robomaker_small_warehouse_world/models/aws_robomaker_warehouse_DeskC_01/meshes/aws_robomaker_warehouse_DeskC_01_visual.DAE
-- Installing: /home/elias/catkin_ws/src/arena-rosnav-3D/install/aws_robomaker_small_warehouse_world/share/aws_robomaker_small_warehouse_world/models/aws_robomaker_warehouse_DeskC_01/model.sdf
-- Installing: /home/elias/catkin_ws/src/arena-rosnav-3D/install/aws_robomaker_small_warehouse_world/share/aws_robomaker_small_warehouse_world/models/aws_robomaker_warehouse_DeskC_01/materials
-- Installing: /home/elias/catkin_ws/src/arena-rosnav-3D/install/aws_robomaker_small_warehouse_world/share/aws_robomaker_small_warehouse_world/models/aws_robomaker_warehouse_DeskC_01/materials/.DS_Store
-- Installing: /home/elias/catkin_ws/src/arena-rosnav-3D/install/aws_robomaker_small_warehouse_world/share/aws_robomaker_small_warehouse_world/models/aws_robomaker_warehouse_DeskC_01/materials/textures
-- Installing: /home/elias/catkin_ws/src/arena-rosnav-3D/install/aws_robomaker_small_warehouse_world/share/aws_robomaker_small_warehouse_world/models/aws_robomaker_warehouse_DeskC_01/materials/textures/aws_robomaker_warehouse_DeskC_02.png
-- Installing: /home/elias/catkin_ws/src/arena-rosnav-3D/install/aws_robomaker_small_warehouse_world/share/aws_robomaker_small_warehouse_world/models/aws_robomaker_warehouse_DeskC_01/materials/textures/aws_robomaker_warehouse_DeskC_03.png
-- Installing: /home/elias/catkin_ws/src/arena-rosnav-3D/install/aws_robomaker_small_warehouse_world/share/aws_robomaker_small_warehouse_world/models/aws_robomaker_warehouse_DeskC_01/materials/textures/aws_robomaker_warehouse_DeskC_01.png
-- Installing: /home/elias/catkin_ws/src/arena-rosnav-3D/install/aws_robomaker_small_warehouse_world/share/aws_robomaker_small_warehouse_world/models/aws_robomaker_warehouse_DeskC_01/materials/textures/aws_robomaker_warehouse_DeskC_04.png
-- Installing: /home/elias/catkin_ws/src/arena-rosnav-3D/install/aws_robomaker_small_warehouse_world/share/aws_robomaker_small_warehouse_world/models/aws_robomaker_warehouse_DeskC_01/materials/textures/aws_robomaker_warehouse_DeskC_03.psd
-- Installing: /home/elias/catkin_ws/src/arena-rosnav-3D/install/aws_robomaker_small_warehouse_world/share/aws_robomaker_small_warehouse_world/models/aws_robomaker_warehouse_DeskC_01/model.config
-- Installing: /home/elias/catkin_ws/src/arena-rosnav-3D/install/aws_robomaker_small_warehouse_world/share/aws_robomaker_small_warehouse_world/models/aws_robomaker_warehouse_ClutteringD_01
-- Installing: /home/elias/catkin_ws/src/arena-rosnav-3D/install/aws_robomaker_small_warehouse_world/share/aws_robomaker_small_warehouse_world/models/aws_robomaker_warehouse_ClutteringD_01/meshes
-- Installing: /home/elias/catkin_ws/src/arena-rosnav-3D/install/aws_robomaker_small_warehouse_world/share/aws_robomaker_small_warehouse_world/models/aws_robomaker_warehouse_ClutteringD_01/meshes/aws_robomaker_warehouse_ClutteringD_01_visual.DAE
-- Installing: /home/elias/catkin_ws/src/arena-rosnav-3D/install/aws_robomaker_small_warehouse_world/share/aws_robomaker_small_warehouse_world/models/aws_robomaker_warehouse_ClutteringD_01/meshes/aws_robomaker_warehouse_ClutteringD_01_collision.DAE
-- Installing: /home/elias/catkin_ws/src/arena-rosnav-3D/install/aws_robomaker_small_warehouse_world/share/aws_robomaker_small_warehouse_world/models/aws_robomaker_warehouse_ClutteringD_01/model.sdf
-- Installing: /home/elias/catkin_ws/src/arena-rosnav-3D/install/aws_robomaker_small_warehouse_world/share/aws_robomaker_small_warehouse_world/models/aws_robomaker_warehouse_ClutteringD_01/materials
-- Installing: /home/elias/catkin_ws/src/arena-rosnav-3D/install/aws_robomaker_small_warehouse_world/share/aws_robomaker_small_warehouse_world/models/aws_robomaker_warehouse_ClutteringD_01/materials/textures
-- Installing: /home/elias/catkin_ws/src/arena-rosnav-3D/install/aws_robomaker_small_warehouse_world/share/aws_robomaker_small_warehouse_world/models/aws_robomaker_warehouse_ClutteringD_01/materials/textures/aws_robomaker_warehouse_ClutteringD_02.png
-- Installing: /home/elias/catkin_ws/src/arena-rosnav-3D/install/aws_robomaker_small_warehouse_world/share/aws_robomaker_small_warehouse_world/models/aws_robomaker_warehouse_ClutteringD_01/materials/textures/aws_robomaker_warehouse_ClutteringD_01.png
-- Installing: /home/elias/catkin_ws/src/arena-rosnav-3D/install/aws_robomaker_small_warehouse_world/share/aws_robomaker_small_warehouse_world/models/aws_robomaker_warehouse_ClutteringD_01/model.config
-- Installing: /home/elias/catkin_ws/src/arena-rosnav-3D/install/aws_robomaker_small_warehouse_world/share/aws_robomaker_small_warehouse_world/models/aws_robomaker_warehouse_Lamp_01
-- Installing: /home/elias/catkin_ws/src/arena-rosnav-3D/install/aws_robomaker_small_warehouse_world/share/aws_robomaker_small_warehouse_world/models/aws_robomaker_warehouse_Lamp_01/meshes
-- Installing: /home/elias/catkin_ws/src/arena-rosnav-3D/install/aws_robomaker_small_warehouse_world/share/aws_robomaker_small_warehouse_world/models/aws_robomaker_warehouse_Lamp_01/meshes/aws_robomaker_warehouse_Lamp_01_visual.DAE
-- Installing: /home/elias/catkin_ws/src/arena-rosnav-3D/install/aws_robomaker_small_warehouse_world/share/aws_robomaker_small_warehouse_world/models/aws_robomaker_warehouse_Lamp_01/meshes/aws_robomaker_warehouse_Lamp_01_collision.DAE
-- Installing: /home/elias/catkin_ws/src/arena-rosnav-3D/install/aws_robomaker_small_warehouse_world/share/aws_robomaker_small_warehouse_world/models/aws_robomaker_warehouse_Lamp_01/model.sdf
-- Installing: /home/elias/catkin_ws/src/arena-rosnav-3D/install/aws_robomaker_small_warehouse_world/share/aws_robomaker_small_warehouse_world/models/aws_robomaker_warehouse_Lamp_01/materials
-- Installing: /home/elias/catkin_ws/src/arena-rosnav-3D/install/aws_robomaker_small_warehouse_world/share/aws_robomaker_small_warehouse_world/models/aws_robomaker_warehouse_Lamp_01/materials/textures
-- Installing: /home/elias/catkin_ws/src/arena-rosnav-3D/install/aws_robomaker_small_warehouse_world/share/aws_robomaker_small_warehouse_world/models/aws_robomaker_warehouse_Lamp_01/materials/textures/aws_robomaker_warehouse_Lamp_01.png
-- Installing: /home/elias/catkin_ws/src/arena-rosnav-3D/install/aws_robomaker_small_warehouse_world/share/aws_robomaker_small_warehouse_world/models/aws_robomaker_warehouse_Lamp_01/model.config
-- Installing: /home/elias/catkin_ws/src/arena-rosnav-3D/install/aws_robomaker_small_warehouse_world/share/aws_robomaker_small_warehouse_world/models/aws_robomaker_warehouse_ClutteringA_01
-- Installing: /home/elias/catkin_ws/src/arena-rosnav-3D/install/aws_robomaker_small_warehouse_world/share/aws_robomaker_small_warehouse_world/models/aws_robomaker_warehouse_ClutteringA_01/meshes
-- Installing: /home/elias/catkin_ws/src/arena-rosnav-3D/install/aws_robomaker_small_warehouse_world/share/aws_robomaker_small_warehouse_world/models/aws_robomaker_warehouse_ClutteringA_01/meshes/aws_robomaker_warehouse_ClutteringA_01_visual.DAE
-- Installing: /home/elias/catkin_ws/src/arena-rosnav-3D/install/aws_robomaker_small_warehouse_world/share/aws_robomaker_small_warehouse_world/models/aws_robomaker_warehouse_ClutteringA_01/meshes/aws_robomaker_warehouse_ClutteringA_01_collision.DAE
-- Installing: /home/elias/catkin_ws/src/arena-rosnav-3D/install/aws_robomaker_small_warehouse_world/share/aws_robomaker_small_warehouse_world/models/aws_robomaker_warehouse_ClutteringA_01/.DS_Store
-- Installing: /home/elias/catkin_ws/src/arena-rosnav-3D/install/aws_robomaker_small_warehouse_world/share/aws_robomaker_small_warehouse_world/models/aws_robomaker_warehouse_ClutteringA_01/model.sdf
-- Installing: /home/elias/catkin_ws/src/arena-rosnav-3D/install/aws_robomaker_small_warehouse_world/share/aws_robomaker_small_warehouse_world/models/aws_robomaker_warehouse_ClutteringA_01/materials
-- Installing: /home/elias/catkin_ws/src/arena-rosnav-3D/install/aws_robomaker_small_warehouse_world/share/aws_robomaker_small_warehouse_world/models/aws_robomaker_warehouse_ClutteringA_01/materials/.DS_Store
-- Installing: /home/elias/catkin_ws/src/arena-rosnav-3D/install/aws_robomaker_small_warehouse_world/share/aws_robomaker_small_warehouse_world/models/aws_robomaker_warehouse_ClutteringA_01/materials/textures
-- Installing: /home/elias/catkin_ws/src/arena-rosnav-3D/install/aws_robomaker_small_warehouse_world/share/aws_robomaker_small_warehouse_world/models/aws_robomaker_warehouse_ClutteringA_01/materials/textures/aws_robomaker_warehouse_ClutteringA_02.png
-- Installing: /home/elias/catkin_ws/src/arena-rosnav-3D/install/aws_robomaker_small_warehouse_world/share/aws_robomaker_small_warehouse_world/models/aws_robomaker_warehouse_ClutteringA_01/materials/textures/aws_robomaker_warehouse_ClutteringA_01.png
-- Installing: /home/elias/catkin_ws/src/arena-rosnav-3D/install/aws_robomaker_small_warehouse_world/share/aws_robomaker_small_warehouse_world/models/aws_robomaker_warehouse_ClutteringA_01/materials/textures/.DS_Store
-- Installing: /home/elias/catkin_ws/src/arena-rosnav-3D/install/aws_robomaker_small_warehouse_world/share/aws_robomaker_small_warehouse_world/models/aws_robomaker_warehouse_ClutteringA_01/materials/textures/aws_robomaker_warehouse_ClutteringA_03.png
-- Installing: /home/elias/catkin_ws/src/arena-rosnav-3D/install/aws_robomaker_small_warehouse_world/share/aws_robomaker_small_warehouse_world/models/aws_robomaker_warehouse_ClutteringA_01/model.config
-- Installing: /home/elias/catkin_ws/src/arena-rosnav-3D/install/aws_robomaker_small_warehouse_world/share/aws_robomaker_small_warehouse_world/worlds
-- Installing: /home/elias/catkin_ws/src/arena-rosnav-3D/install/aws_robomaker_small_warehouse_world/share/aws_robomaker_small_warehouse_world/worlds/small_warehouse.world
-- Installing: /home/elias/catkin_ws/src/arena-rosnav-3D/install/aws_robomaker_small_warehouse_world/share/aws_robomaker_small_warehouse_world/worlds/no_roof_small_warehouse.world
-- Installing: /home/elias/catkin_ws/src/arena-rosnav-3D/install/aws_robomaker_small_warehouse_world/share/aws_robomaker_small_warehouse_world/maps
-- Installing: /home/elias/catkin_ws/src/arena-rosnav-3D/install/aws_robomaker_small_warehouse_world/share/aws_robomaker_small_warehouse_world/maps/002
-- Installing: /home/elias/catkin_ws/src/arena-rosnav-3D/install/aws_robomaker_small_warehouse_world/share/aws_robomaker_small_warehouse_world/maps/002/map.pgm
-- Installing: /home/elias/catkin_ws/src/arena-rosnav-3D/install/aws_robomaker_small_warehouse_world/share/aws_robomaker_small_warehouse_world/maps/002/map.yaml
-- Installing: /home/elias/catkin_ws/src/arena-rosnav-3D/install/aws_robomaker_small_warehouse_world/share/aws_robomaker_small_warehouse_world/maps/.DS_Store
-- Installing: /home/elias/catkin_ws/src/arena-rosnav-3D/install/aws_robomaker_small_warehouse_world/share/aws_robomaker_small_warehouse_world/maps/005
-- Installing: /home/elias/catkin_ws/src/arena-rosnav-3D/install/aws_robomaker_small_warehouse_world/share/aws_robomaker_small_warehouse_world/maps/005/map.pgm
-- Installing: /home/elias/catkin_ws/src/arena-rosnav-3D/install/aws_robomaker_small_warehouse_world/share/aws_robomaker_small_warehouse_world/maps/005/map.yaml
-- Installing: /home/elias/catkin_ws/src/arena-rosnav-3D/install/aws_robomaker_small_warehouse_world/share/aws_robomaker_small_warehouse_world/maps/005/map_rotated.png
-- Installing: /home/elias/catkin_ws/src/arena-rosnav-3D/install/aws_robomaker_small_warehouse_world/share/aws_robomaker_small_warehouse_world/maps/005/map_rotated.pgm
-- Installing: /home/elias/catkin_ws/src/arena-rosnav-3D/install/aws_robomaker_small_warehouse_world/share/aws_robomaker_small_warehouse_world/rviz
-- Installing: /home/elias/catkin_ws/src/arena-rosnav-3D/install/aws_robomaker_small_warehouse_world/share/aws_robomaker_small_warehouse_world/rviz/basic_data.rviz
