[0.059s] Invoking command in '/home/elias/catkin_ws/src/arena-rosnav-3D/build/aws_robomaker_small_warehouse_world': PS1=(rosnav) %m%# /usr/bin/cmake /home/elias/catkin_ws/src/arena-rosnav-3D/src/aws-robomaker-small-warehouse-world -DCATKIN_INSTALL_INTO_PREFIX_ROOT=0 -DCMAKE_INSTALL_PREFIX=/home/elias/catkin_ws/src/arena-rosnav-3D/install/aws_robomaker_small_warehouse_world
[0.293s] -- The C compiler identification is GNU 7.5.0
[0.459s] -- The CXX compiler identification is GNU 7.5.0
[0.474s] -- Check for working C compiler: /usr/bin/cc
[0.741s] -- Check for working C compiler: /usr/bin/cc -- works
[0.743s] -- Detecting C compiler ABI info
[1.037s] -- Detecting C compiler ABI info - done
[1.070s] -- Detecting C compile features
[2.532s] -- Detecting C compile features - done
[2.538s] -- Check for working CXX compiler: /usr/bin/c++
[2.897s] -- Check for working CXX compiler: /usr/bin/c++ -- works
[2.898s] -- Detecting CXX compiler ABI info
[3.120s] -- Detecting CXX compiler ABI info - done
[3.152s] -- Detecting CXX compile features
[4.470s] -- Detecting CXX compile features - done
[4.500s] -- Using CATKIN_DEVEL_PREFIX: /home/elias/catkin_ws/src/arena-rosnav-3D/build/aws_robomaker_small_warehouse_world/devel
[4.500s] -- Using CMAKE_PREFIX_PATH: /home/elias/catkin_ws/devel;/opt/ros/melodic
[4.501s] -- This workspace overlays: /home/elias/catkin_ws/devel;/opt/ros/melodic
[4.575s] -- Found PythonInterp: /usr/bin/python2 (found suitable version "2.7.17", minimum required is "2") 
[4.575s] -- Using PYTHON_EXECUTABLE: /usr/bin/python2
[4.576s] -- Using Debian Python package layout
[4.578s] -- Using empy: /usr/bin/empy
[5.086s] -- Using CATKIN_ENABLE_TESTING: ON
[5.087s] -- Call enable_testing()
[5.098s] -- Using CATKIN_TEST_RESULTS_DIR: /home/elias/catkin_ws/src/arena-rosnav-3D/build/aws_robomaker_small_warehouse_world/test_results
[5.150s] -- Found gtest sources under '/usr/src/googletest': gtests will be built
[5.150s] -- Found gmock sources under '/usr/src/googletest': gmock will be built
[5.201s] -- Found PythonInterp: /usr/bin/python2 (found version "2.7.17") 
[5.205s] -- Looking for pthread.h
[5.440s] -- Looking for pthread.h - found
[5.441s] -- Looking for pthread_create
[5.609s] -- Looking for pthread_create - not found
[5.609s] -- Looking for pthread_create in pthreads
[5.836s] -- Looking for pthread_create in pthreads - not found
[5.837s] -- Looking for pthread_create in pthread
[6.087s] -- Looking for pthread_create in pthread - found
[6.091s] -- Found Threads: TRUE  
[6.105s] -- Using Python nosetests: /usr/bin/nosetests-2.7
[6.297s] -- catkin 0.7.29
[6.298s] -- BUILD_SHARED_LIBS is on
[7.018s] -- Using these message generators: gencpp;geneus;genlisp;gennodejs;genpy
[7.729s] -- Configuring done
[7.828s] -- Generating done
[7.858s] -- Build files have been written to: /home/elias/catkin_ws/src/arena-rosnav-3D/build/aws_robomaker_small_warehouse_world
[7.867s] Invoked command in '/home/elias/catkin_ws/src/arena-rosnav-3D/build/aws_robomaker_small_warehouse_world' returned '0': PS1=(rosnav) %m%# /usr/bin/cmake /home/elias/catkin_ws/src/arena-rosnav-3D/src/aws-robomaker-small-warehouse-world -DCATKIN_INSTALL_INTO_PREFIX_ROOT=0 -DCMAKE_INSTALL_PREFIX=/home/elias/catkin_ws/src/arena-rosnav-3D/install/aws_robomaker_small_warehouse_world
[7.875s] Invoking command in '/home/elias/catkin_ws/src/arena-rosnav-3D/build/aws_robomaker_small_warehouse_world': PS1=(rosnav) %m%# /usr/bin/cmake --build /home/elias/catkin_ws/src/arena-rosnav-3D/build/aws_robomaker_small_warehouse_world -- -j4 -l4
[8.058s] Invoked command in '/home/elias/catkin_ws/src/arena-rosnav-3D/build/aws_robomaker_small_warehouse_world' returned '0': PS1=(rosnav) %m%# /usr/bin/cmake --build /home/elias/catkin_ws/src/arena-rosnav-3D/build/aws_robomaker_small_warehouse_world -- -j4 -l4
[8.545s] Invoking command in '/home/elias/catkin_ws/src/arena-rosnav-3D/build/aws_robomaker_small_warehouse_world': PS1=(rosnav) %m%# /usr/bin/cmake --build /home/elias/catkin_ws/src/arena-rosnav-3D/build/aws_robomaker_small_warehouse_world --target tests -- -j4 -l4
[8.730s] [35m[1mScanning dependencies of target tests[0m
[8.768s] Built target tests
[8.795s] Invoked command in '/home/elias/catkin_ws/src/arena-rosnav-3D/build/aws_robomaker_small_warehouse_world' returned '0': PS1=(rosnav) %m%# /usr/bin/cmake --build /home/elias/catkin_ws/src/arena-rosnav-3D/build/aws_robomaker_small_warehouse_world --target tests -- -j4 -l4
[9.179s] Invoking command in '/home/elias/catkin_ws/src/arena-rosnav-3D/build/aws_robomaker_small_warehouse_world': PS1=(rosnav) %m%# /usr/bin/cmake --build /home/elias/catkin_ws/src/arena-rosnav-3D/build/aws_robomaker_small_warehouse_world --target install -- -j4 -l4
[9.345s] [36mInstall the project...[0m
[9.365s] -- Install configuration: ""
[9.365s] -- Installing: /home/elias/catkin_ws/src/arena-rosnav-3D/install/aws_robomaker_small_warehouse_world/lib/pkgconfig/aws_robomaker_small_warehouse_world.pc
[9.366s] -- Installing: /home/elias/catkin_ws/src/arena-rosnav-3D/install/aws_robomaker_small_warehouse_world/share/aws_robomaker_small_warehouse_world/cmake/aws_robomaker_small_warehouse_worldConfig.cmake
[9.367s] -- Installing: /home/elias/catkin_ws/src/arena-rosnav-3D/install/aws_robomaker_small_warehouse_world/share/aws_robomaker_small_warehouse_world/cmake/aws_robomaker_small_warehouse_worldConfig-version.cmake
[9.368s] -- Installing: /home/elias/catkin_ws/src/arena-rosnav-3D/install/aws_robomaker_small_warehouse_world/share/aws_robomaker_small_warehouse_world/package.xml
[9.368s] -- Installing: /home/elias/catkin_ws/src/arena-rosnav-3D/install/aws_robomaker_small_warehouse_world/share/aws_robomaker_small_warehouse_world/launch
[9.369s] -- Installing: /home/elias/catkin_ws/src/arena-rosnav-3D/install/aws_robomaker_small_warehouse_world/share/aws_robomaker_small_warehouse_world/launch/no_roof_small_warehouse.launch
[9.370s] -- Installing: /home/elias/catkin_ws/src/arena-rosnav-3D/install/aws_robomaker_small_warehouse_world/share/aws_robomaker_small_warehouse_world/launch/view_small_warehouse.launch
[9.370s] -- Installing: /home/elias/catkin_ws/src/arena-rosnav-3D/install/aws_robomaker_small_warehouse_world/share/aws_robomaker_small_warehouse_world/launch/small_warehouse.launch
[9.371s] -- Installing: /home/elias/catkin_ws/src/arena-rosnav-3D/install/aws_robomaker_small_warehouse_world/share/aws_robomaker_small_warehouse_world/models
[9.371s] -- Installing: /home/elias/catkin_ws/src/arena-rosnav-3D/install/aws_robomaker_small_warehouse_world/share/aws_robomaker_small_warehouse_world/models/aws_robomaker_warehouse_TrashCanC_01
[9.372s] -- Installing: /home/elias/catkin_ws/src/arena-rosnav-3D/install/aws_robomaker_small_warehouse_world/share/aws_robomaker_small_warehouse_world/models/aws_robomaker_warehouse_TrashCanC_01/meshes
[9.372s] -- Installing: /home/elias/catkin_ws/src/arena-rosnav-3D/install/aws_robomaker_small_warehouse_world/share/aws_robomaker_small_warehouse_world/models/aws_robomaker_warehouse_TrashCanC_01/meshes/aws_robomaker_warehouse_TrashCanC_01_visual.DAE
[9.373s] -- Installing: /home/elias/catkin_ws/src/arena-rosnav-3D/install/aws_robomaker_small_warehouse_world/share/aws_robomaker_small_warehouse_world/models/aws_robomaker_warehouse_TrashCanC_01/meshes/aws_robomaker_warehouse_TrashCanC_01_collision.DAE
[9.374s] -- Installing: /home/elias/catkin_ws/src/arena-rosnav-3D/install/aws_robomaker_small_warehouse_world/share/aws_robomaker_small_warehouse_world/models/aws_robomaker_warehouse_TrashCanC_01/model.sdf
[9.375s] -- Installing: /home/elias/catkin_ws/src/arena-rosnav-3D/install/aws_robomaker_small_warehouse_world/share/aws_robomaker_small_warehouse_world/models/aws_robomaker_warehouse_TrashCanC_01/materials
[9.375s] -- Installing: /home/elias/catkin_ws/src/arena-rosnav-3D/install/aws_robomaker_small_warehouse_world/share/aws_robomaker_small_warehouse_world/models/aws_robomaker_warehouse_TrashCanC_01/materials/textures
[9.376s] -- Installing: /home/elias/catkin_ws/src/arena-rosnav-3D/install/aws_robomaker_small_warehouse_world/share/aws_robomaker_small_warehouse_world/models/aws_robomaker_warehouse_TrashCanC_01/materials/textures/aws_robomaker_warehouse_TrashCanC_01.png
[9.377s] -- Installing: /home/elias/catkin_ws/src/arena-rosnav-3D/install/aws_robomaker_small_warehouse_world/share/aws_robomaker_small_warehouse_world/models/aws_robomaker_warehouse_TrashCanC_01/model.config
[9.378s] -- Installing: /home/elias/catkin_ws/src/arena-rosnav-3D/install/aws_robomaker_small_warehouse_world/share/aws_robomaker_small_warehouse_world/models/aws_robomaker_warehouse_PalletJackB_01
[9.378s] -- Installing: /home/elias/catkin_ws/src/arena-rosnav-3D/install/aws_robomaker_small_warehouse_world/share/aws_robomaker_small_warehouse_world/models/aws_robomaker_warehouse_PalletJackB_01/meshes
[9.379s] -- Installing: /home/elias/catkin_ws/src/arena-rosnav-3D/install/aws_robomaker_small_warehouse_world/share/aws_robomaker_small_warehouse_world/models/aws_robomaker_warehouse_PalletJackB_01/meshes/aws_robomaker_warehouse_PalletJackB_01_visual.DAE
[9.381s] -- Installing: /home/elias/catkin_ws/src/arena-rosnav-3D/install/aws_robomaker_small_warehouse_world/share/aws_robomaker_small_warehouse_world/models/aws_robomaker_warehouse_PalletJackB_01/meshes/aws_robomaker_warehouse_PalletJackB_01_collision.DAE
[9.382s] -- Installing: /home/elias/catkin_ws/src/arena-rosnav-3D/install/aws_robomaker_small_warehouse_world/share/aws_robomaker_small_warehouse_world/models/aws_robomaker_warehouse_PalletJackB_01/.DS_Store
[9.382s] -- Installing: /home/elias/catkin_ws/src/arena-rosnav-3D/install/aws_robomaker_small_warehouse_world/share/aws_robomaker_small_warehouse_world/models/aws_robomaker_warehouse_PalletJackB_01/model.sdf
[9.383s] -- Installing: /home/elias/catkin_ws/src/arena-rosnav-3D/install/aws_robomaker_small_warehouse_world/share/aws_robomaker_small_warehouse_world/models/aws_robomaker_warehouse_PalletJackB_01/materials
[9.384s] -- Installing: /home/elias/catkin_ws/src/arena-rosnav-3D/install/aws_robomaker_small_warehouse_world/share/aws_robomaker_small_warehouse_world/models/aws_robomaker_warehouse_PalletJackB_01/materials/.DS_Store
[9.384s] -- Installing: /home/elias/catkin_ws/src/arena-rosnav-3D/install/aws_robomaker_small_warehouse_world/share/aws_robomaker_small_warehouse_world/models/aws_robomaker_warehouse_PalletJackB_01/materials/textures
[9.385s] -- Installing: /home/elias/catkin_ws/src/arena-rosnav-3D/install/aws_robomaker_small_warehouse_world/share/aws_robomaker_small_warehouse_world/models/aws_robomaker_warehouse_PalletJackB_01/materials/textures/aws_robomaker_warehouse_PalletJackB_01.png
[9.386s] -- Installing: /home/elias/catkin_ws/src/arena-rosnav-3D/install/aws_robomaker_small_warehouse_world/share/aws_robomaker_small_warehouse_world/models/aws_robomaker_warehouse_PalletJackB_01/materials/textures/aws_robomaker_warehouse_PalletJackB_02.png
[9.387s] -- Installing: /home/elias/catkin_ws/src/arena-rosnav-3D/install/aws_robomaker_small_warehouse_world/share/aws_robomaker_small_warehouse_world/models/aws_robomaker_warehouse_PalletJackB_01/model.config
[9.387s] -- Installing: /home/elias/catkin_ws/src/arena-rosnav-3D/install/aws_robomaker_small_warehouse_world/share/aws_robomaker_small_warehouse_world/models/aws_robomaker_warehouse_ShelfD_01
[9.388s] -- Installing: /home/elias/catkin_ws/src/arena-rosnav-3D/install/aws_robomaker_small_warehouse_world/share/aws_robomaker_small_warehouse_world/models/aws_robomaker_warehouse_ShelfD_01/meshes
[9.388s] -- Installing: /home/elias/catkin_ws/src/arena-rosnav-3D/install/aws_robomaker_small_warehouse_world/share/aws_robomaker_small_warehouse_world/models/aws_robomaker_warehouse_ShelfD_01/meshes/aws_robomaker_warehouse_ShelfD_01_visual.DAE
[9.389s] -- Installing: /home/elias/catkin_ws/src/arena-rosnav-3D/install/aws_robomaker_small_warehouse_world/share/aws_robomaker_small_warehouse_world/models/aws_robomaker_warehouse_ShelfD_01/meshes/aws_robomaker_warehouse_ShelfD_01_collision.DAE
[9.390s] -- Installing: /home/elias/catkin_ws/src/arena-rosnav-3D/install/aws_robomaker_small_warehouse_world/share/aws_robomaker_small_warehouse_world/models/aws_robomaker_warehouse_ShelfD_01/model.sdf
[9.391s] -- Installing: /home/elias/catkin_ws/src/arena-rosnav-3D/install/aws_robomaker_small_warehouse_world/share/aws_robomaker_small_warehouse_world/models/aws_robomaker_warehouse_ShelfD_01/materials
[9.391s] -- Installing: /home/elias/catkin_ws/src/arena-rosnav-3D/install/aws_robomaker_small_warehouse_world/share/aws_robomaker_small_warehouse_world/models/aws_robomaker_warehouse_ShelfD_01/materials/textures
[9.392s] -- Installing: /home/elias/catkin_ws/src/arena-rosnav-3D/install/aws_robomaker_small_warehouse_world/share/aws_robomaker_small_warehouse_world/models/aws_robomaker_warehouse_ShelfD_01/materials/textures/aws_robomaker_warehouse_ShelfD_03.png
[9.393s] -- Installing: /home/elias/catkin_ws/src/arena-rosnav-3D/install/aws_robomaker_small_warehouse_world/share/aws_robomaker_small_warehouse_world/models/aws_robomaker_warehouse_ShelfD_01/materials/textures/aws_robomaker_warehouse_ShelfD_02.png
[9.393s] -- Installing: /home/elias/catkin_ws/src/arena-rosnav-3D/install/aws_robomaker_small_warehouse_world/share/aws_robomaker_small_warehouse_world/models/aws_robomaker_warehouse_ShelfD_01/materials/textures/aws_robomaker_warehouse_ShelfD_01.png
[9.394s] -- Installing: /home/elias/catkin_ws/src/arena-rosnav-3D/install/aws_robomaker_small_warehouse_world/share/aws_robomaker_small_warehouse_world/models/aws_robomaker_warehouse_ShelfD_01/materials/textures/aws_robomaker_warehouse_ShelfD_04.png
[9.395s] -- Installing: /home/elias/catkin_ws/src/arena-rosnav-3D/install/aws_robomaker_small_warehouse_world/share/aws_robomaker_small_warehouse_world/models/aws_robomaker_warehouse_ShelfD_01/model.config
[9.396s] -- Installing: /home/elias/catkin_ws/src/arena-rosnav-3D/install/aws_robomaker_small_warehouse_world/share/aws_robomaker_small_warehouse_world/models/aws_robomaker_warehouse_GroundB_01
[9.396s] -- Installing: /home/elias/catkin_ws/src/arena-rosnav-3D/install/aws_robomaker_small_warehouse_world/share/aws_robomaker_small_warehouse_world/models/aws_robomaker_warehouse_GroundB_01/meshes
[9.397s] -- Installing: /home/elias/catkin_ws/src/arena-rosnav-3D/install/aws_robomaker_small_warehouse_world/share/aws_robomaker_small_warehouse_world/models/aws_robomaker_warehouse_GroundB_01/meshes/aws_robomaker_warehouse_GroundB_01_collision.DAE
[9.397s] -- Installing: /home/elias/catkin_ws/src/arena-rosnav-3D/install/aws_robomaker_small_warehouse_world/share/aws_robomaker_small_warehouse_world/models/aws_robomaker_warehouse_GroundB_01/meshes/aws_robomaker_warehouse_GroundB_01_visual.DAE
[9.398s] -- Installing: /home/elias/catkin_ws/src/arena-rosnav-3D/install/aws_robomaker_small_warehouse_world/share/aws_robomaker_small_warehouse_world/models/aws_robomaker_warehouse_GroundB_01/model.sdf
[9.398s] -- Installing: /home/elias/catkin_ws/src/arena-rosnav-3D/install/aws_robomaker_small_warehouse_world/share/aws_robomaker_small_warehouse_world/models/aws_robomaker_warehouse_GroundB_01/materials
[9.399s] -- Installing: /home/elias/catkin_ws/src/arena-rosnav-3D/install/aws_robomaker_small_warehouse_world/share/aws_robomaker_small_warehouse_world/models/aws_robomaker_warehouse_GroundB_01/materials/textures
[9.399s] -- Installing: /home/elias/catkin_ws/src/arena-rosnav-3D/install/aws_robomaker_small_warehouse_world/share/aws_robomaker_small_warehouse_world/models/aws_robomaker_warehouse_GroundB_01/materials/textures/aws_robomaker_warehouse_GroundB_02.png
[9.400s] -- Installing: /home/elias/catkin_ws/src/arena-rosnav-3D/install/aws_robomaker_small_warehouse_world/share/aws_robomaker_small_warehouse_world/models/aws_robomaker_warehouse_GroundB_01/materials/textures/aws_robomaker_warehouse_GroundB_01.png
[9.403s] -- Installing: /home/elias/catkin_ws/src/arena-rosnav-3D/install/aws_robomaker_small_warehouse_world/share/aws_robomaker_small_warehouse_world/models/aws_robomaker_warehouse_GroundB_01/model.config
[9.404s] -- Installing: /home/elias/catkin_ws/src/arena-rosnav-3D/install/aws_robomaker_small_warehouse_world/share/aws_robomaker_small_warehouse_world/models/aws_robomaker_warehouse_Bucket_01
[9.404s] -- Installing: /home/elias/catkin_ws/src/arena-rosnav-3D/install/aws_robomaker_small_warehouse_world/share/aws_robomaker_small_warehouse_world/models/aws_robomaker_warehouse_Bucket_01/meshes
[9.405s] -- Installing: /home/elias/catkin_ws/src/arena-rosnav-3D/install/aws_robomaker_small_warehouse_world/share/aws_robomaker_small_warehouse_world/models/aws_robomaker_warehouse_Bucket_01/meshes/aws_robomaker_warehouse_Bucket_01_visual.DAE
[9.405s] -- Installing: /home/elias/catkin_ws/src/arena-rosnav-3D/install/aws_robomaker_small_warehouse_world/share/aws_robomaker_small_warehouse_world/models/aws_robomaker_warehouse_Bucket_01/meshes/aws_robomaker_warehouse_Bucket_01_collision.DAE
[9.406s] -- Installing: /home/elias/catkin_ws/src/arena-rosnav-3D/install/aws_robomaker_small_warehouse_world/share/aws_robomaker_small_warehouse_world/models/aws_robomaker_warehouse_Bucket_01/.DS_Store
[9.406s] -- Installing: /home/elias/catkin_ws/src/arena-rosnav-3D/install/aws_robomaker_small_warehouse_world/share/aws_robomaker_small_warehouse_world/models/aws_robomaker_warehouse_Bucket_01/model.sdf
[9.406s] -- Installing: /home/elias/catkin_ws/src/arena-rosnav-3D/install/aws_robomaker_small_warehouse_world/share/aws_robomaker_small_warehouse_world/models/aws_robomaker_warehouse_Bucket_01/materials
[9.407s] -- Installing: /home/elias/catkin_ws/src/arena-rosnav-3D/install/aws_robomaker_small_warehouse_world/share/aws_robomaker_small_warehouse_world/models/aws_robomaker_warehouse_Bucket_01/materials/.DS_Store
[9.407s] -- Installing: /home/elias/catkin_ws/src/arena-rosnav-3D/install/aws_robomaker_small_warehouse_world/share/aws_robomaker_small_warehouse_world/models/aws_robomaker_warehouse_Bucket_01/materials/textures
[9.408s] -- Installing: /home/elias/catkin_ws/src/arena-rosnav-3D/install/aws_robomaker_small_warehouse_world/share/aws_robomaker_small_warehouse_world/models/aws_robomaker_warehouse_Bucket_01/materials/textures/aws_robomaker_warehouse_Bucket_01.png
[9.409s] -- Installing: /home/elias/catkin_ws/src/arena-rosnav-3D/install/aws_robomaker_small_warehouse_world/share/aws_robomaker_small_warehouse_world/models/aws_robomaker_warehouse_Bucket_01/model.config
[9.409s] -- Installing: /home/elias/catkin_ws/src/arena-rosnav-3D/install/aws_robomaker_small_warehouse_world/share/aws_robomaker_small_warehouse_world/models/.DS_Store
[9.410s] -- Installing: /home/elias/catkin_ws/src/arena-rosnav-3D/install/aws_robomaker_small_warehouse_world/share/aws_robomaker_small_warehouse_world/models/aws_robomaker_warehouse_ClutteringC_01
[9.410s] -- Installing: /home/elias/catkin_ws/src/arena-rosnav-3D/install/aws_robomaker_small_warehouse_world/share/aws_robomaker_small_warehouse_world/models/aws_robomaker_warehouse_ClutteringC_01/meshes
[9.411s] -- Installing: /home/elias/catkin_ws/src/arena-rosnav-3D/install/aws_robomaker_small_warehouse_world/share/aws_robomaker_small_warehouse_world/models/aws_robomaker_warehouse_ClutteringC_01/meshes/aws_robomaker_warehouse_ClutteringC_01_collision.DAE
[9.411s] -- Installing: /home/elias/catkin_ws/src/arena-rosnav-3D/install/aws_robomaker_small_warehouse_world/share/aws_robomaker_small_warehouse_world/models/aws_robomaker_warehouse_ClutteringC_01/meshes/aws_robomaker_warehouse_ClutteringC_01_visual.DAE
[9.412s] -- Installing: /home/elias/catkin_ws/src/arena-rosnav-3D/install/aws_robomaker_small_warehouse_world/share/aws_robomaker_small_warehouse_world/models/aws_robomaker_warehouse_ClutteringC_01/model.sdf
[9.413s] -- Installing: /home/elias/catkin_ws/src/arena-rosnav-3D/install/aws_robomaker_small_warehouse_world/share/aws_robomaker_small_warehouse_world/models/aws_robomaker_warehouse_ClutteringC_01/materials
[9.413s] -- Installing: /home/elias/catkin_ws/src/arena-rosnav-3D/install/aws_robomaker_small_warehouse_world/share/aws_robomaker_small_warehouse_world/models/aws_robomaker_warehouse_ClutteringC_01/materials/textures
[9.414s] -- Installing: /home/elias/catkin_ws/src/arena-rosnav-3D/install/aws_robomaker_small_warehouse_world/share/aws_robomaker_small_warehouse_world/models/aws_robomaker_warehouse_ClutteringC_01/materials/textures/aws_robomaker_warehouse_ClutteringC_02.png
[9.415s] -- Installing: /home/elias/catkin_ws/src/arena-rosnav-3D/install/aws_robomaker_small_warehouse_world/share/aws_robomaker_small_warehouse_world/models/aws_robomaker_warehouse_ClutteringC_01/materials/textures/aws_robomaker_warehouse_ClutteringC_01.png
[9.416s] -- Installing: /home/elias/catkin_ws/src/arena-rosnav-3D/install/aws_robomaker_small_warehouse_world/share/aws_robomaker_small_warehouse_world/models/aws_robomaker_warehouse_ClutteringC_01/model.config
[9.416s] -- Installing: /home/elias/catkin_ws/src/arena-rosnav-3D/install/aws_robomaker_small_warehouse_world/share/aws_robomaker_small_warehouse_world/models/aws_robomaker_warehouse_WallB_01
[9.417s] -- Installing: /home/elias/catkin_ws/src/arena-rosnav-3D/install/aws_robomaker_small_warehouse_world/share/aws_robomaker_small_warehouse_world/models/aws_robomaker_warehouse_WallB_01/meshes
[9.417s] -- Installing: /home/elias/catkin_ws/src/arena-rosnav-3D/install/aws_robomaker_small_warehouse_world/share/aws_robomaker_small_warehouse_world/models/aws_robomaker_warehouse_WallB_01/meshes/aws_robomaker_warehouse_WallB_01_collision.DAE
[9.418s] -- Installing: /home/elias/catkin_ws/src/arena-rosnav-3D/install/aws_robomaker_small_warehouse_world/share/aws_robomaker_small_warehouse_world/models/aws_robomaker_warehouse_WallB_01/meshes/aws_robomaker_warehouse_WallB_01_visual.DAE
[9.419s] -- Installing: /home/elias/catkin_ws/src/arena-rosnav-3D/install/aws_robomaker_small_warehouse_world/share/aws_robomaker_small_warehouse_world/models/aws_robomaker_warehouse_WallB_01/model.sdf
[9.419s] -- Installing: /home/elias/catkin_ws/src/arena-rosnav-3D/install/aws_robomaker_small_warehouse_world/share/aws_robomaker_small_warehouse_world/models/aws_robomaker_warehouse_WallB_01/materials
[9.419s] -- Installing: /home/elias/catkin_ws/src/arena-rosnav-3D/install/aws_robomaker_small_warehouse_world/share/aws_robomaker_small_warehouse_world/models/aws_robomaker_warehouse_WallB_01/materials/textures
[9.420s] -- Installing: /home/elias/catkin_ws/src/arena-rosnav-3D/install/aws_robomaker_small_warehouse_world/share/aws_robomaker_small_warehouse_world/models/aws_robomaker_warehouse_WallB_01/materials/textures/aws_robomaker_warehouse_WallB_01.png
[9.421s] -- Installing: /home/elias/catkin_ws/src/arena-rosnav-3D/install/aws_robomaker_small_warehouse_world/share/aws_robomaker_small_warehouse_world/models/aws_robomaker_warehouse_WallB_01/model.config
[9.421s] -- Installing: /home/elias/catkin_ws/src/arena-rosnav-3D/install/aws_robomaker_small_warehouse_world/share/aws_robomaker_small_warehouse_world/models/aws_robomaker_warehouse_RoofB_01
[9.421s] -- Installing: /home/elias/catkin_ws/src/arena-rosnav-3D/install/aws_robomaker_small_warehouse_world/share/aws_robomaker_small_warehouse_world/models/aws_robomaker_warehouse_RoofB_01/meshes
[9.422s] -- Installing: /home/elias/catkin_ws/src/arena-rosnav-3D/install/aws_robomaker_small_warehouse_world/share/aws_robomaker_small_warehouse_world/models/aws_robomaker_warehouse_RoofB_01/meshes/aws_robomaker_warehouse_RoofB_01_visual.DAE
[9.423s] -- Installing: /home/elias/catkin_ws/src/arena-rosnav-3D/install/aws_robomaker_small_warehouse_world/share/aws_robomaker_small_warehouse_world/models/aws_robomaker_warehouse_RoofB_01/meshes/aws_robomaker_warehouse_RoofB_01_collision.DAE
[9.423s] -- Installing: /home/elias/catkin_ws/src/arena-rosnav-3D/install/aws_robomaker_small_warehouse_world/share/aws_robomaker_small_warehouse_world/models/aws_robomaker_warehouse_RoofB_01/model.sdf
[9.424s] -- Installing: /home/elias/catkin_ws/src/arena-rosnav-3D/install/aws_robomaker_small_warehouse_world/share/aws_robomaker_small_warehouse_world/models/aws_robomaker_warehouse_RoofB_01/materials
[9.424s] -- Installing: /home/elias/catkin_ws/src/arena-rosnav-3D/install/aws_robomaker_small_warehouse_world/share/aws_robomaker_small_warehouse_world/models/aws_robomaker_warehouse_RoofB_01/materials/textures
[9.425s] -- Installing: /home/elias/catkin_ws/src/arena-rosnav-3D/install/aws_robomaker_small_warehouse_world/share/aws_robomaker_small_warehouse_world/models/aws_robomaker_warehouse_RoofB_01/materials/textures/aws_robomaker_warehouse_RoofB_01.png
[9.426s] -- Installing: /home/elias/catkin_ws/src/arena-rosnav-3D/install/aws_robomaker_small_warehouse_world/share/aws_robomaker_small_warehouse_world/models/aws_robomaker_warehouse_RoofB_01/model.config
[9.426s] -- Installing: /home/elias/catkin_ws/src/arena-rosnav-3D/install/aws_robomaker_small_warehouse_world/share/aws_robomaker_small_warehouse_world/models/aws_robomaker_warehouse_ShelfE_01
[9.427s] -- Installing: /home/elias/catkin_ws/src/arena-rosnav-3D/install/aws_robomaker_small_warehouse_world/share/aws_robomaker_small_warehouse_world/models/aws_robomaker_warehouse_ShelfE_01/meshes
[9.427s] -- Installing: /home/elias/catkin_ws/src/arena-rosnav-3D/install/aws_robomaker_small_warehouse_world/share/aws_robomaker_small_warehouse_world/models/aws_robomaker_warehouse_ShelfE_01/meshes/aws_robomaker_warehouse_ShelfE_01_visual.DAE
[9.428s] -- Installing: /home/elias/catkin_ws/src/arena-rosnav-3D/install/aws_robomaker_small_warehouse_world/share/aws_robomaker_small_warehouse_world/models/aws_robomaker_warehouse_ShelfE_01/meshes/aws_robomaker_warehouse_ShelfE_01_collision.DAE
[9.429s] -- Installing: /home/elias/catkin_ws/src/arena-rosnav-3D/install/aws_robomaker_small_warehouse_world/share/aws_robomaker_small_warehouse_world/models/aws_robomaker_warehouse_ShelfE_01/.DS_Store
[9.430s] -- Installing: /home/elias/catkin_ws/src/arena-rosnav-3D/install/aws_robomaker_small_warehouse_world/share/aws_robomaker_small_warehouse_world/models/aws_robomaker_warehouse_ShelfE_01/model.sdf
[9.430s] -- Installing: /home/elias/catkin_ws/src/arena-rosnav-3D/install/aws_robomaker_small_warehouse_world/share/aws_robomaker_small_warehouse_world/models/aws_robomaker_warehouse_ShelfE_01/materials
[9.431s] -- Installing: /home/elias/catkin_ws/src/arena-rosnav-3D/install/aws_robomaker_small_warehouse_world/share/aws_robomaker_small_warehouse_world/models/aws_robomaker_warehouse_ShelfE_01/materials/.DS_Store
[9.432s] -- Installing: /home/elias/catkin_ws/src/arena-rosnav-3D/install/aws_robomaker_small_warehouse_world/share/aws_robomaker_small_warehouse_world/models/aws_robomaker_warehouse_ShelfE_01/materials/textures
[9.432s] -- Installing: /home/elias/catkin_ws/src/arena-rosnav-3D/install/aws_robomaker_small_warehouse_world/share/aws_robomaker_small_warehouse_world/models/aws_robomaker_warehouse_ShelfE_01/materials/textures/aws_robomaker_warehouse_ShelfE_01.png
[9.433s] -- Installing: /home/elias/catkin_ws/src/arena-rosnav-3D/install/aws_robomaker_small_warehouse_world/share/aws_robomaker_small_warehouse_world/models/aws_robomaker_warehouse_ShelfE_01/materials/textures/aws_robomaker_warehouse_ShelfE_04.png
[9.434s] -- Installing: /home/elias/catkin_ws/src/arena-rosnav-3D/install/aws_robomaker_small_warehouse_world/share/aws_robomaker_small_warehouse_world/models/aws_robomaker_warehouse_ShelfE_01/materials/textures/aws_robomaker_warehouse_ShelfE_03.png
[9.435s] -- Installing: /home/elias/catkin_ws/src/arena-rosnav-3D/install/aws_robomaker_small_warehouse_world/share/aws_robomaker_small_warehouse_world/models/aws_robomaker_warehouse_ShelfE_01/materials/textures/aws_robomaker_warehouse_ShelfE_02.png
[9.436s] -- Installing: /home/elias/catkin_ws/src/arena-rosnav-3D/install/aws_robomaker_small_warehouse_world/share/aws_robomaker_small_warehouse_world/models/aws_robomaker_warehouse_ShelfE_01/model.config
[9.437s] -- Installing: /home/elias/catkin_ws/src/arena-rosnav-3D/install/aws_robomaker_small_warehouse_world/share/aws_robomaker_small_warehouse_world/models/aws_robomaker_warehouse_ShelfF_01
[9.438s] -- Installing: /home/elias/catkin_ws/src/arena-rosnav-3D/install/aws_robomaker_small_warehouse_world/share/aws_robomaker_small_warehouse_world/models/aws_robomaker_warehouse_ShelfF_01/meshes
[9.438s] -- Installing: /home/elias/catkin_ws/src/arena-rosnav-3D/install/aws_robomaker_small_warehouse_world/share/aws_robomaker_small_warehouse_world/models/aws_robomaker_warehouse_ShelfF_01/meshes/aws_robomaker_warehouse_ShelfF_01_visual.DAE
[9.440s] -- Installing: /home/elias/catkin_ws/src/arena-rosnav-3D/install/aws_robomaker_small_warehouse_world/share/aws_robomaker_small_warehouse_world/models/aws_robomaker_warehouse_ShelfF_01/meshes/aws_robomaker_warehouse_ShelfF_01_collision.DAE
[9.441s] -- Installing: /home/elias/catkin_ws/src/arena-rosnav-3D/install/aws_robomaker_small_warehouse_world/share/aws_robomaker_small_warehouse_world/models/aws_robomaker_warehouse_ShelfF_01/model.sdf
[9.441s] -- Installing: /home/elias/catkin_ws/src/arena-rosnav-3D/install/aws_robomaker_small_warehouse_world/share/aws_robomaker_small_warehouse_world/models/aws_robomaker_warehouse_ShelfF_01/materials
[9.442s] -- Installing: /home/elias/catkin_ws/src/arena-rosnav-3D/install/aws_robomaker_small_warehouse_world/share/aws_robomaker_small_warehouse_world/models/aws_robomaker_warehouse_ShelfF_01/materials/textures
[9.442s] -- Installing: /home/elias/catkin_ws/src/arena-rosnav-3D/install/aws_robomaker_small_warehouse_world/share/aws_robomaker_small_warehouse_world/models/aws_robomaker_warehouse_ShelfF_01/materials/textures/aws_robomaker_warehouse_ShelfF_01.png
[9.443s] -- Installing: /home/elias/catkin_ws/src/arena-rosnav-3D/install/aws_robomaker_small_warehouse_world/share/aws_robomaker_small_warehouse_world/models/aws_robomaker_warehouse_ShelfF_01/materials/textures/aws_robomaker_warehouse_ShelfF_02.png
[9.444s] -- Installing: /home/elias/catkin_ws/src/arena-rosnav-3D/install/aws_robomaker_small_warehouse_world/share/aws_robomaker_small_warehouse_world/models/aws_robomaker_warehouse_ShelfF_01/materials/textures/aws_robomaker_warehouse_ShelfF_03.png
[9.445s] -- Installing: /home/elias/catkin_ws/src/arena-rosnav-3D/install/aws_robomaker_small_warehouse_world/share/aws_robomaker_small_warehouse_world/models/aws_robomaker_warehouse_ShelfF_01/model.config
[9.445s] -- Installing: /home/elias/catkin_ws/src/arena-rosnav-3D/install/aws_robomaker_small_warehouse_world/share/aws_robomaker_small_warehouse_world/models/aws_robomaker_warehouse_DeskC_01
[9.446s] -- Installing: /home/elias/catkin_ws/src/arena-rosnav-3D/install/aws_robomaker_small_warehouse_world/share/aws_robomaker_small_warehouse_world/models/aws_robomaker_warehouse_DeskC_01/meshes
[9.446s] -- Installing: /home/elias/catkin_ws/src/arena-rosnav-3D/install/aws_robomaker_small_warehouse_world/share/aws_robomaker_small_warehouse_world/models/aws_robomaker_warehouse_DeskC_01/meshes/aws_robomaker_warehouse_DeskC_01_collision.DAE
[9.447s] -- Installing: /home/elias/catkin_ws/src/arena-rosnav-3D/install/aws_robomaker_small_warehouse_world/share/aws_robomaker_small_warehouse_world/models/aws_robomaker_warehouse_DeskC_01/meshes/aws_robomaker_warehouse_DeskC_01_visual.DAE
[9.448s] -- Installing: /home/elias/catkin_ws/src/arena-rosnav-3D/install/aws_robomaker_small_warehouse_world/share/aws_robomaker_small_warehouse_world/models/aws_robomaker_warehouse_DeskC_01/model.sdf
[9.449s] -- Installing: /home/elias/catkin_ws/src/arena-rosnav-3D/install/aws_robomaker_small_warehouse_world/share/aws_robomaker_small_warehouse_world/models/aws_robomaker_warehouse_DeskC_01/materials
[9.450s] -- Installing: /home/elias/catkin_ws/src/arena-rosnav-3D/install/aws_robomaker_small_warehouse_world/share/aws_robomaker_small_warehouse_world/models/aws_robomaker_warehouse_DeskC_01/materials/.DS_Store
[9.450s] -- Installing: /home/elias/catkin_ws/src/arena-rosnav-3D/install/aws_robomaker_small_warehouse_world/share/aws_robomaker_small_warehouse_world/models/aws_robomaker_warehouse_DeskC_01/materials/textures
[9.451s] -- Installing: /home/elias/catkin_ws/src/arena-rosnav-3D/install/aws_robomaker_small_warehouse_world/share/aws_robomaker_small_warehouse_world/models/aws_robomaker_warehouse_DeskC_01/materials/textures/aws_robomaker_warehouse_DeskC_02.png
[9.452s] -- Installing: /home/elias/catkin_ws/src/arena-rosnav-3D/install/aws_robomaker_small_warehouse_world/share/aws_robomaker_small_warehouse_world/models/aws_robomaker_warehouse_DeskC_01/materials/textures/aws_robomaker_warehouse_DeskC_03.png
[9.452s] -- Installing: /home/elias/catkin_ws/src/arena-rosnav-3D/install/aws_robomaker_small_warehouse_world/share/aws_robomaker_small_warehouse_world/models/aws_robomaker_warehouse_DeskC_01/materials/textures/aws_robomaker_warehouse_DeskC_01.png
[9.454s] -- Installing: /home/elias/catkin_ws/src/arena-rosnav-3D/install/aws_robomaker_small_warehouse_world/share/aws_robomaker_small_warehouse_world/models/aws_robomaker_warehouse_DeskC_01/materials/textures/aws_robomaker_warehouse_DeskC_04.png
[9.455s] -- Installing: /home/elias/catkin_ws/src/arena-rosnav-3D/install/aws_robomaker_small_warehouse_world/share/aws_robomaker_small_warehouse_world/models/aws_robomaker_warehouse_DeskC_01/materials/textures/aws_robomaker_warehouse_DeskC_03.psd
[9.459s] -- Installing: /home/elias/catkin_ws/src/arena-rosnav-3D/install/aws_robomaker_small_warehouse_world/share/aws_robomaker_small_warehouse_world/models/aws_robomaker_warehouse_DeskC_01/model.config
[9.459s] -- Installing: /home/elias/catkin_ws/src/arena-rosnav-3D/install/aws_robomaker_small_warehouse_world/share/aws_robomaker_small_warehouse_world/models/aws_robomaker_warehouse_ClutteringD_01
[9.460s] -- Installing: /home/elias/catkin_ws/src/arena-rosnav-3D/install/aws_robomaker_small_warehouse_world/share/aws_robomaker_small_warehouse_world/models/aws_robomaker_warehouse_ClutteringD_01/meshes
[9.460s] -- Installing: /home/elias/catkin_ws/src/arena-rosnav-3D/install/aws_robomaker_small_warehouse_world/share/aws_robomaker_small_warehouse_world/models/aws_robomaker_warehouse_ClutteringD_01/meshes/aws_robomaker_warehouse_ClutteringD_01_visual.DAE
[9.461s] -- Installing: /home/elias/catkin_ws/src/arena-rosnav-3D/install/aws_robomaker_small_warehouse_world/share/aws_robomaker_small_warehouse_world/models/aws_robomaker_warehouse_ClutteringD_01/meshes/aws_robomaker_warehouse_ClutteringD_01_collision.DAE
[9.462s] -- Installing: /home/elias/catkin_ws/src/arena-rosnav-3D/install/aws_robomaker_small_warehouse_world/share/aws_robomaker_small_warehouse_world/models/aws_robomaker_warehouse_ClutteringD_01/model.sdf
[9.462s] -- Installing: /home/elias/catkin_ws/src/arena-rosnav-3D/install/aws_robomaker_small_warehouse_world/share/aws_robomaker_small_warehouse_world/models/aws_robomaker_warehouse_ClutteringD_01/materials
[9.463s] -- Installing: /home/elias/catkin_ws/src/arena-rosnav-3D/install/aws_robomaker_small_warehouse_world/share/aws_robomaker_small_warehouse_world/models/aws_robomaker_warehouse_ClutteringD_01/materials/textures
[9.464s] -- Installing: /home/elias/catkin_ws/src/arena-rosnav-3D/install/aws_robomaker_small_warehouse_world/share/aws_robomaker_small_warehouse_world/models/aws_robomaker_warehouse_ClutteringD_01/materials/textures/aws_robomaker_warehouse_ClutteringD_02.png
[9.465s] -- Installing: /home/elias/catkin_ws/src/arena-rosnav-3D/install/aws_robomaker_small_warehouse_world/share/aws_robomaker_small_warehouse_world/models/aws_robomaker_warehouse_ClutteringD_01/materials/textures/aws_robomaker_warehouse_ClutteringD_01.png
[9.466s] -- Installing: /home/elias/catkin_ws/src/arena-rosnav-3D/install/aws_robomaker_small_warehouse_world/share/aws_robomaker_small_warehouse_world/models/aws_robomaker_warehouse_ClutteringD_01/model.config
[9.466s] -- Installing: /home/elias/catkin_ws/src/arena-rosnav-3D/install/aws_robomaker_small_warehouse_world/share/aws_robomaker_small_warehouse_world/models/aws_robomaker_warehouse_Lamp_01
[9.467s] -- Installing: /home/elias/catkin_ws/src/arena-rosnav-3D/install/aws_robomaker_small_warehouse_world/share/aws_robomaker_small_warehouse_world/models/aws_robomaker_warehouse_Lamp_01/meshes
[9.467s] -- Installing: /home/elias/catkin_ws/src/arena-rosnav-3D/install/aws_robomaker_small_warehouse_world/share/aws_robomaker_small_warehouse_world/models/aws_robomaker_warehouse_Lamp_01/meshes/aws_robomaker_warehouse_Lamp_01_visual.DAE
[9.468s] -- Installing: /home/elias/catkin_ws/src/arena-rosnav-3D/install/aws_robomaker_small_warehouse_world/share/aws_robomaker_small_warehouse_world/models/aws_robomaker_warehouse_Lamp_01/meshes/aws_robomaker_warehouse_Lamp_01_collision.DAE
[9.468s] -- Installing: /home/elias/catkin_ws/src/arena-rosnav-3D/install/aws_robomaker_small_warehouse_world/share/aws_robomaker_small_warehouse_world/models/aws_robomaker_warehouse_Lamp_01/model.sdf
[9.469s] -- Installing: /home/elias/catkin_ws/src/arena-rosnav-3D/install/aws_robomaker_small_warehouse_world/share/aws_robomaker_small_warehouse_world/models/aws_robomaker_warehouse_Lamp_01/materials
[9.469s] -- Installing: /home/elias/catkin_ws/src/arena-rosnav-3D/install/aws_robomaker_small_warehouse_world/share/aws_robomaker_small_warehouse_world/models/aws_robomaker_warehouse_Lamp_01/materials/textures
[9.470s] -- Installing: /home/elias/catkin_ws/src/arena-rosnav-3D/install/aws_robomaker_small_warehouse_world/share/aws_robomaker_small_warehouse_world/models/aws_robomaker_warehouse_Lamp_01/materials/textures/aws_robomaker_warehouse_Lamp_01.png
[9.471s] -- Installing: /home/elias/catkin_ws/src/arena-rosnav-3D/install/aws_robomaker_small_warehouse_world/share/aws_robomaker_small_warehouse_world/models/aws_robomaker_warehouse_Lamp_01/model.config
[9.471s] -- Installing: /home/elias/catkin_ws/src/arena-rosnav-3D/install/aws_robomaker_small_warehouse_world/share/aws_robomaker_small_warehouse_world/models/aws_robomaker_warehouse_ClutteringA_01
[9.472s] -- Installing: /home/elias/catkin_ws/src/arena-rosnav-3D/install/aws_robomaker_small_warehouse_world/share/aws_robomaker_small_warehouse_world/models/aws_robomaker_warehouse_ClutteringA_01/meshes
[9.472s] -- Installing: /home/elias/catkin_ws/src/arena-rosnav-3D/install/aws_robomaker_small_warehouse_world/share/aws_robomaker_small_warehouse_world/models/aws_robomaker_warehouse_ClutteringA_01/meshes/aws_robomaker_warehouse_ClutteringA_01_visual.DAE
[9.473s] -- Installing: /home/elias/catkin_ws/src/arena-rosnav-3D/install/aws_robomaker_small_warehouse_world/share/aws_robomaker_small_warehouse_world/models/aws_robomaker_warehouse_ClutteringA_01/meshes/aws_robomaker_warehouse_ClutteringA_01_collision.DAE
[9.474s] -- Installing: /home/elias/catkin_ws/src/arena-rosnav-3D/install/aws_robomaker_small_warehouse_world/share/aws_robomaker_small_warehouse_world/models/aws_robomaker_warehouse_ClutteringA_01/.DS_Store
[9.474s] -- Installing: /home/elias/catkin_ws/src/arena-rosnav-3D/install/aws_robomaker_small_warehouse_world/share/aws_robomaker_small_warehouse_world/models/aws_robomaker_warehouse_ClutteringA_01/model.sdf
[9.475s] -- Installing: /home/elias/catkin_ws/src/arena-rosnav-3D/install/aws_robomaker_small_warehouse_world/share/aws_robomaker_small_warehouse_world/models/aws_robomaker_warehouse_ClutteringA_01/materials
[9.476s] -- Installing: /home/elias/catkin_ws/src/arena-rosnav-3D/install/aws_robomaker_small_warehouse_world/share/aws_robomaker_small_warehouse_world/models/aws_robomaker_warehouse_ClutteringA_01/materials/.DS_Store
[9.476s] -- Installing: /home/elias/catkin_ws/src/arena-rosnav-3D/install/aws_robomaker_small_warehouse_world/share/aws_robomaker_small_warehouse_world/models/aws_robomaker_warehouse_ClutteringA_01/materials/textures
[9.477s] -- Installing: /home/elias/catkin_ws/src/arena-rosnav-3D/install/aws_robomaker_small_warehouse_world/share/aws_robomaker_small_warehouse_world/models/aws_robomaker_warehouse_ClutteringA_01/materials/textures/aws_robomaker_warehouse_ClutteringA_02.png
[9.478s] -- Installing: /home/elias/catkin_ws/src/arena-rosnav-3D/install/aws_robomaker_small_warehouse_world/share/aws_robomaker_small_warehouse_world/models/aws_robomaker_warehouse_ClutteringA_01/materials/textures/aws_robomaker_warehouse_ClutteringA_01.png
[9.479s] -- Installing: /home/elias/catkin_ws/src/arena-rosnav-3D/install/aws_robomaker_small_warehouse_world/share/aws_robomaker_small_warehouse_world/models/aws_robomaker_warehouse_ClutteringA_01/materials/textures/.DS_Store
[9.482s] -- Installing: /home/elias/catkin_ws/src/arena-rosnav-3D/install/aws_robomaker_small_warehouse_world/share/aws_robomaker_small_warehouse_world/models/aws_robomaker_warehouse_ClutteringA_01/materials/textures/aws_robomaker_warehouse_ClutteringA_03.png
[9.482s] -- Installing: /home/elias/catkin_ws/src/arena-rosnav-3D/install/aws_robomaker_small_warehouse_world/share/aws_robomaker_small_warehouse_world/models/aws_robomaker_warehouse_ClutteringA_01/model.config
[9.482s] -- Installing: /home/elias/catkin_ws/src/arena-rosnav-3D/install/aws_robomaker_small_warehouse_world/share/aws_robomaker_small_warehouse_world/worlds
[9.483s] -- Installing: /home/elias/catkin_ws/src/arena-rosnav-3D/install/aws_robomaker_small_warehouse_world/share/aws_robomaker_small_warehouse_world/worlds/small_warehouse.world
[9.483s] -- Installing: /home/elias/catkin_ws/src/arena-rosnav-3D/install/aws_robomaker_small_warehouse_world/share/aws_robomaker_small_warehouse_world/worlds/no_roof_small_warehouse.world
[9.483s] -- Installing: /home/elias/catkin_ws/src/arena-rosnav-3D/install/aws_robomaker_small_warehouse_world/share/aws_robomaker_small_warehouse_world/maps
[9.483s] -- Installing: /home/elias/catkin_ws/src/arena-rosnav-3D/install/aws_robomaker_small_warehouse_world/share/aws_robomaker_small_warehouse_world/maps/002
[9.484s] -- Installing: /home/elias/catkin_ws/src/arena-rosnav-3D/install/aws_robomaker_small_warehouse_world/share/aws_robomaker_small_warehouse_world/maps/002/map.pgm
[9.487s] -- Installing: /home/elias/catkin_ws/src/arena-rosnav-3D/install/aws_robomaker_small_warehouse_world/share/aws_robomaker_small_warehouse_world/maps/002/map.yaml
[9.489s] -- Installing: /home/elias/catkin_ws/src/arena-rosnav-3D/install/aws_robomaker_small_warehouse_world/share/aws_robomaker_small_warehouse_world/maps/.DS_Store
[9.490s] -- Installing: /home/elias/catkin_ws/src/arena-rosnav-3D/install/aws_robomaker_small_warehouse_world/share/aws_robomaker_small_warehouse_world/maps/005
[9.490s] -- Installing: /home/elias/catkin_ws/src/arena-rosnav-3D/install/aws_robomaker_small_warehouse_world/share/aws_robomaker_small_warehouse_world/maps/005/map.pgm
[9.490s] -- Installing: /home/elias/catkin_ws/src/arena-rosnav-3D/install/aws_robomaker_small_warehouse_world/share/aws_robomaker_small_warehouse_world/maps/005/map.yaml
[9.490s] -- Installing: /home/elias/catkin_ws/src/arena-rosnav-3D/install/aws_robomaker_small_warehouse_world/share/aws_robomaker_small_warehouse_world/maps/005/map_rotated.png
[9.491s] -- Installing: /home/elias/catkin_ws/src/arena-rosnav-3D/install/aws_robomaker_small_warehouse_world/share/aws_robomaker_small_warehouse_world/maps/005/map_rotated.pgm
[9.491s] -- Installing: /home/elias/catkin_ws/src/arena-rosnav-3D/install/aws_robomaker_small_warehouse_world/share/aws_robomaker_small_warehouse_world/rviz
[9.491s] -- Installing: /home/elias/catkin_ws/src/arena-rosnav-3D/install/aws_robomaker_small_warehouse_world/share/aws_robomaker_small_warehouse_world/rviz/basic_data.rviz
[9.507s] Invoked command in '/home/elias/catkin_ws/src/arena-rosnav-3D/build/aws_robomaker_small_warehouse_world' returned '0': PS1=(rosnav) %m%# /usr/bin/cmake --build /home/elias/catkin_ws/src/arena-rosnav-3D/build/aws_robomaker_small_warehouse_world --target install -- -j4 -l4
